mode: atomic
github.com/mcpany/core/cmd/mock_mcp_server/main.go:16.13,36.88 2 0
github.com/mcpany/core/cmd/mock_mcp_server/main.go:36.88,39.73 2 0
github.com/mcpany/core/cmd/mock_mcp_server/main.go:39.73,41.4 1 0
github.com/mcpany/core/cmd/mock_mcp_server/main.go:43.3,44.22 2 0
github.com/mcpany/core/cmd/mock_mcp_server/main.go:44.22,46.4 1 0
github.com/mcpany/core/cmd/mock_mcp_server/main.go:48.3,54.9 1 0
github.com/mcpany/core/cmd/mock_mcp_server/main.go:57.2,69.82 1 0
github.com/mcpany/core/cmd/mock_mcp_server/main.go:69.82,77.3 1 0
github.com/mcpany/core/cmd/mock_mcp_server/main.go:80.2,80.80 1 0
github.com/mcpany/core/cmd/mock_mcp_server/main.go:80.80,83.3 2 0
github.com/mcpany/core/cmd/webhooks/main.go:28.13,31.18 3 0
github.com/mcpany/core/cmd/webhooks/main.go:31.18,34.17 3 0
github.com/mcpany/core/cmd/webhooks/main.go:34.17,36.4 1 0
github.com/mcpany/core/cmd/webhooks/main.go:39.2,47.58 5 0
github.com/mcpany/core/cmd/webhooks/main.go:47.58,49.33 2 0
github.com/mcpany/core/cmd/webhooks/main.go:49.33,52.4 2 0
github.com/mcpany/core/cmd/webhooks/main.go:53.3,53.22 1 0
github.com/mcpany/core/cmd/webhooks/main.go:56.2,56.58 1 0
github.com/mcpany/core/cmd/webhooks/main.go:56.58,57.55 1 0
github.com/mcpany/core/cmd/webhooks/main.go:57.55,58.19 1 0
github.com/mcpany/core/cmd/webhooks/main.go:58.19,60.19 2 0
github.com/mcpany/core/cmd/webhooks/main.go:60.19,63.6 2 0
github.com/mcpany/core/cmd/webhooks/main.go:65.5,67.55 2 0
github.com/mcpany/core/cmd/webhooks/main.go:67.55,70.6 2 0
github.com/mcpany/core/cmd/webhooks/main.go:72.4,72.11 1 0
github.com/mcpany/core/cmd/webhooks/main.go:76.2,79.16 3 0
github.com/mcpany/core/cmd/webhooks/main.go:79.16,81.3 1 0
github.com/mcpany/core/cmd/webhooks/main.go:83.2,88.48 3 0
github.com/mcpany/core/cmd/webhooks/main.go:88.48,90.3 1 0
github.com/mcpany/core/cmd/webhooks/hooks/handlers.go:26.74,27.33 1 8
github.com/mcpany/core/cmd/webhooks/hooks/handlers.go:27.33,30.3 2 1
github.com/mcpany/core/cmd/webhooks/hooks/handlers.go:32.2,33.16 2 7
github.com/mcpany/core/cmd/webhooks/hooks/handlers.go:33.16,36.3 2 1
github.com/mcpany/core/cmd/webhooks/hooks/handlers.go:39.2,40.44 2 6
github.com/mcpany/core/cmd/webhooks/hooks/handlers.go:40.44,43.3 2 1
github.com/mcpany/core/cmd/webhooks/hooks/handlers.go:45.2,56.35 7 5
github.com/mcpany/core/cmd/webhooks/hooks/handlers.go:56.35,61.3 3 3
github.com/mcpany/core/cmd/webhooks/hooks/handlers.go:61.8,61.42 1 2
github.com/mcpany/core/cmd/webhooks/hooks/handlers.go:61.42,66.3 3 1
github.com/mcpany/core/cmd/webhooks/hooks/handlers.go:68.2,68.81 1 5
github.com/mcpany/core/cmd/webhooks/hooks/handlers.go:68.81,71.3 2 0
github.com/mcpany/core/cmd/webhooks/hooks/handlers.go:74.2,75.42 2 5
github.com/mcpany/core/cmd/webhooks/hooks/handlers.go:82.74,83.33 1 3
github.com/mcpany/core/cmd/webhooks/hooks/handlers.go:83.33,86.3 2 1
github.com/mcpany/core/cmd/webhooks/hooks/handlers.go:88.2,89.50 2 2
github.com/mcpany/core/cmd/webhooks/hooks/handlers.go:89.50,90.46 1 2
github.com/mcpany/core/cmd/webhooks/hooks/handlers.go:90.46,92.4 1 1
github.com/mcpany/core/cmd/webhooks/hooks/handlers.go:95.2,96.16 2 2
github.com/mcpany/core/cmd/webhooks/hooks/handlers.go:96.16,99.3 2 0
github.com/mcpany/core/cmd/webhooks/hooks/handlers.go:101.2,102.44 2 2
github.com/mcpany/core/cmd/webhooks/hooks/handlers.go:102.44,105.3 2 0
github.com/mcpany/core/cmd/webhooks/hooks/handlers.go:107.2,117.35 7 2
github.com/mcpany/core/cmd/webhooks/hooks/handlers.go:117.35,120.3 2 1
github.com/mcpany/core/cmd/webhooks/hooks/handlers.go:120.8,120.42 1 1
github.com/mcpany/core/cmd/webhooks/hooks/handlers.go:120.42,123.3 2 1
github.com/mcpany/core/cmd/webhooks/hooks/handlers.go:125.2,125.81 1 2
github.com/mcpany/core/cmd/webhooks/hooks/handlers.go:125.81,128.3 2 0
github.com/mcpany/core/cmd/webhooks/hooks/handlers.go:130.2,131.42 2 2
github.com/mcpany/core/cmd/webhooks/hooks/handlers.go:138.74,139.33 1 3
github.com/mcpany/core/cmd/webhooks/hooks/handlers.go:139.33,142.3 2 1
github.com/mcpany/core/cmd/webhooks/hooks/handlers.go:144.2,145.50 2 2
github.com/mcpany/core/cmd/webhooks/hooks/handlers.go:145.50,146.46 1 2
github.com/mcpany/core/cmd/webhooks/hooks/handlers.go:146.46,148.4 1 1
github.com/mcpany/core/cmd/webhooks/hooks/handlers.go:151.2,152.16 2 2
github.com/mcpany/core/cmd/webhooks/hooks/handlers.go:152.16,155.3 2 0
github.com/mcpany/core/cmd/webhooks/hooks/handlers.go:157.2,158.44 2 2
github.com/mcpany/core/cmd/webhooks/hooks/handlers.go:158.44,161.3 2 0
github.com/mcpany/core/cmd/webhooks/hooks/handlers.go:163.2,173.35 7 2
github.com/mcpany/core/cmd/webhooks/hooks/handlers.go:173.35,176.3 2 1
github.com/mcpany/core/cmd/webhooks/hooks/handlers.go:176.8,176.42 1 1
github.com/mcpany/core/cmd/webhooks/hooks/handlers.go:176.42,179.3 2 1
github.com/mcpany/core/cmd/webhooks/hooks/handlers.go:181.2,181.81 1 2
github.com/mcpany/core/cmd/webhooks/hooks/handlers.go:181.81,184.3 2 0
github.com/mcpany/core/cmd/webhooks/hooks/handlers.go:186.2,187.42 2 2
github.com/mcpany/core/cmd/webhooks/hooks/handlers.go:192.63,193.26 1 11
github.com/mcpany/core/cmd/webhooks/hooks/handlers.go:194.14,196.17 2 4
github.com/mcpany/core/cmd/webhooks/hooks/handlers.go:196.17,198.4 1 0
github.com/mcpany/core/cmd/webhooks/hooks/handlers.go:199.3,199.13 1 4
github.com/mcpany/core/cmd/webhooks/hooks/handlers.go:200.22,202.25 2 5
github.com/mcpany/core/cmd/webhooks/hooks/handlers.go:202.25,204.4 1 5
github.com/mcpany/core/cmd/webhooks/hooks/handlers.go:205.3,205.16 1 5
github.com/mcpany/core/cmd/webhooks/hooks/handlers.go:206.13,208.25 2 1
github.com/mcpany/core/cmd/webhooks/hooks/handlers.go:208.25,210.4 1 2
github.com/mcpany/core/cmd/webhooks/hooks/handlers.go:211.3,211.18 1 1
github.com/mcpany/core/cmd/webhooks/hooks/handlers.go:213.2,213.13 1 1
github.com/mcpany/core/cmd/webhooks/hooks/handlers.go:216.52,217.26 1 4
github.com/mcpany/core/cmd/webhooks/hooks/handlers.go:218.14,219.24 1 2
github.com/mcpany/core/cmd/webhooks/hooks/handlers.go:219.24,221.4 1 1
github.com/mcpany/core/cmd/webhooks/hooks/handlers.go:222.3,222.11 1 1
github.com/mcpany/core/cmd/webhooks/hooks/handlers.go:223.22,225.25 2 2
github.com/mcpany/core/cmd/webhooks/hooks/handlers.go:225.25,227.4 1 2
github.com/mcpany/core/cmd/webhooks/hooks/handlers.go:228.3,228.16 1 2
github.com/mcpany/core/cmd/webhooks/hooks/handlers.go:229.13,231.25 2 0
github.com/mcpany/core/cmd/webhooks/hooks/handlers.go:231.25,233.4 1 0
github.com/mcpany/core/cmd/webhooks/hooks/handlers.go:234.3,234.18 1 0
github.com/mcpany/core/cmd/webhooks/hooks/handlers.go:236.2,236.13 1 0
github.com/mcpany/core/cmd/webhooks/hooks/handlers.go:239.58,240.26 1 4
github.com/mcpany/core/cmd/webhooks/hooks/handlers.go:241.14,244.26 3 2
github.com/mcpany/core/cmd/webhooks/hooks/handlers.go:244.26,246.4 1 0
github.com/mcpany/core/cmd/webhooks/hooks/handlers.go:247.3,248.23 2 2
github.com/mcpany/core/cmd/webhooks/hooks/handlers.go:248.23,250.4 1 1
github.com/mcpany/core/cmd/webhooks/hooks/handlers.go:251.3,252.118 2 2
github.com/mcpany/core/cmd/webhooks/hooks/handlers.go:253.22,255.25 2 2
github.com/mcpany/core/cmd/webhooks/hooks/handlers.go:255.25,257.4 1 2
github.com/mcpany/core/cmd/webhooks/hooks/handlers.go:258.3,258.16 1 2
github.com/mcpany/core/cmd/webhooks/hooks/handlers.go:260.2,260.13 1 0
github.com/mcpany/core/cmd/webhooks/hooks/registry.go:24.30,28.2 1 1
github.com/mcpany/core/cmd/webhooks/hooks/registry.go:31.59,35.2 3 101
github.com/mcpany/core/cmd/webhooks/hooks/registry.go:38.53,43.2 4 102
github.com/mcpany/core/cmd/server/main.go:48.34,57.52 2 14
github.com/mcpany/core/cmd/server/main.go:57.52,60.46 3 1
github.com/mcpany/core/cmd/server/main.go:60.46,62.5 1 0
github.com/mcpany/core/cmd/server/main.go:64.4,64.47 1 1
github.com/mcpany/core/cmd/server/main.go:64.47,67.5 2 0
github.com/mcpany/core/cmd/server/main.go:68.4,76.28 7 1
github.com/mcpany/core/cmd/server/main.go:76.28,78.5 1 1
github.com/mcpany/core/cmd/server/main.go:80.4,83.14 3 1
github.com/mcpany/core/cmd/server/main.go:83.14,90.5 5 1
github.com/mcpany/core/cmd/server/main.go:93.4,93.20 1 1
github.com/mcpany/core/cmd/server/main.go:93.20,95.19 2 0
github.com/mcpany/core/cmd/server/main.go:95.19,97.6 1 0
github.com/mcpany/core/cmd/server/main.go:98.5,100.15 2 0
github.com/mcpany/core/cmd/server/main.go:100.15,101.50 1 0
github.com/mcpany/core/cmd/server/main.go:101.50,102.71 1 0
github.com/mcpany/core/cmd/server/main.go:102.71,104.8 1 0
github.com/mcpany/core/cmd/server/main.go:105.21,107.7 1 0
github.com/mcpany/core/cmd/server/main.go:111.4,113.86 2 1
github.com/mcpany/core/cmd/server/main.go:113.86,114.15 1 0
github.com/mcpany/core/cmd/server/main.go:114.15,116.70 2 0
github.com/mcpany/core/cmd/server/main.go:116.70,118.7 1 0
github.com/mcpany/core/cmd/server/main.go:122.4,122.111 1 1
github.com/mcpany/core/cmd/server/main.go:122.111,125.5 2 0
github.com/mcpany/core/cmd/server/main.go:126.4,127.14 2 1
github.com/mcpany/core/cmd/server/main.go:130.2,136.52 3 14
github.com/mcpany/core/cmd/server/main.go:136.52,138.18 2 1
github.com/mcpany/core/cmd/server/main.go:138.18,140.5 1 0
github.com/mcpany/core/cmd/server/main.go:141.4,141.14 1 1
github.com/mcpany/core/cmd/server/main.go:144.2,149.52 2 14
github.com/mcpany/core/cmd/server/main.go:149.52,152.19 3 1
github.com/mcpany/core/cmd/server/main.go:152.19,157.5 2 0
github.com/mcpany/core/cmd/server/main.go:158.4,160.18 3 1
github.com/mcpany/core/cmd/server/main.go:160.18,162.5 1 0
github.com/mcpany/core/cmd/server/main.go:164.4,164.18 1 1
github.com/mcpany/core/cmd/server/main.go:164.18,167.5 2 1
github.com/mcpany/core/cmd/server/main.go:169.4,176.28 6 0
github.com/mcpany/core/cmd/server/main.go:176.28,179.19 3 0
github.com/mcpany/core/cmd/server/main.go:179.19,181.6 1 0
github.com/mcpany/core/cmd/server/main.go:184.4,184.103 1 0
github.com/mcpany/core/cmd/server/main.go:184.103,186.5 1 0
github.com/mcpany/core/cmd/server/main.go:188.4,189.14 2 0
github.com/mcpany/core/cmd/server/main.go:192.2,198.52 3 14
github.com/mcpany/core/cmd/server/main.go:198.52,201.44 3 3
github.com/mcpany/core/cmd/server/main.go:201.44,203.5 1 0
github.com/mcpany/core/cmd/server/main.go:204.4,206.36 2 3
github.com/mcpany/core/cmd/server/main.go:206.36,208.5 1 0
github.com/mcpany/core/cmd/server/main.go:209.4,210.60 2 3
github.com/mcpany/core/cmd/server/main.go:213.2,224.50 4 14
github.com/mcpany/core/cmd/server/main.go:224.50,229.18 4 1
github.com/mcpany/core/cmd/server/main.go:229.18,231.5 1 0
github.com/mcpany/core/cmd/server/main.go:233.4,236.14 3 1
github.com/mcpany/core/cmd/server/main.go:239.2,244.52 2 14
github.com/mcpany/core/cmd/server/main.go:244.52,247.54 3 1
github.com/mcpany/core/cmd/server/main.go:247.54,249.5 1 0
github.com/mcpany/core/cmd/server/main.go:251.4,253.18 3 1
github.com/mcpany/core/cmd/server/main.go:253.18,255.5 1 0
github.com/mcpany/core/cmd/server/main.go:257.4,258.18 2 1
github.com/mcpany/core/cmd/server/main.go:258.18,260.5 1 0
github.com/mcpany/core/cmd/server/main.go:262.4,263.14 2 1
github.com/mcpany/core/cmd/server/main.go:266.2,271.52 2 14
github.com/mcpany/core/cmd/server/main.go:271.52,274.46 3 4
github.com/mcpany/core/cmd/server/main.go:274.46,276.5 1 2
github.com/mcpany/core/cmd/server/main.go:277.4,279.18 3 2
github.com/mcpany/core/cmd/server/main.go:279.18,281.5 1 0
github.com/mcpany/core/cmd/server/main.go:283.4,284.94 2 2
github.com/mcpany/core/cmd/server/main.go:284.94,285.40 1 0
github.com/mcpany/core/cmd/server/main.go:285.40,287.6 1 0
github.com/mcpany/core/cmd/server/main.go:290.4,290.26 1 2
github.com/mcpany/core/cmd/server/main.go:290.26,292.5 1 0
github.com/mcpany/core/cmd/server/main.go:294.4,295.18 2 2
github.com/mcpany/core/cmd/server/main.go:295.18,297.5 1 0
github.com/mcpany/core/cmd/server/main.go:298.4,298.14 1 2
github.com/mcpany/core/cmd/server/main.go:301.2,306.16 4 14
github.com/mcpany/core/cmd/server/main.go:315.13,316.47 1 1
github.com/mcpany/core/cmd/server/main.go:316.47,318.3 1 1
github.com/mcpany/core/cmd/worker/main.go:21.38,23.59 2 5
github.com/mcpany/core/cmd/worker/main.go:23.59,27.3 3 2
github.com/mcpany/core/cmd/worker/main.go:27.8,29.3 1 3
github.com/mcpany/core/cmd/worker/main.go:30.2,30.35 1 5
github.com/mcpany/core/cmd/worker/main.go:33.75,41.98 5 6
github.com/mcpany/core/cmd/worker/main.go:41.98,42.38 1 1
github.com/mcpany/core/cmd/worker/main.go:42.38,44.4 1 1
github.com/mcpany/core/cmd/worker/main.go:45.3,45.53 1 1
github.com/mcpany/core/cmd/worker/main.go:48.2,49.16 2 5
github.com/mcpany/core/cmd/worker/main.go:49.16,51.3 1 0
github.com/mcpany/core/cmd/worker/main.go:53.2,57.48 2 5
github.com/mcpany/core/cmd/worker/main.go:60.13,62.16 2 1
github.com/mcpany/core/cmd/worker/main.go:62.16,63.13 1 0
github.com/mcpany/core/cmd/worker/main.go:65.2,72.15 5 1
github.com/mcpany/core/pkg/admin/server.go:20.61,22.2 1 2
github.com/mcpany/core/pkg/admin/server.go:25.107,26.43 1 1
github.com/mcpany/core/pkg/admin/server.go:26.43,28.3 1 0
github.com/mcpany/core/pkg/admin/server.go:29.2,29.38 1 1
github.com/mcpany/core/pkg/bus/kafka/kafka.go:41.56,42.35 1 3
github.com/mcpany/core/pkg/bus/kafka/kafka.go:42.35,44.3 1 0
github.com/mcpany/core/pkg/bus/kafka/kafka.go:46.2,57.63 3 3
github.com/mcpany/core/pkg/bus/kafka/kafka.go:57.63,59.4 1 0
github.com/mcpany/core/pkg/bus/kafka/kafka.go:64.74,66.16 2 1
github.com/mcpany/core/pkg/bus/kafka/kafka.go:66.16,68.3 1 0
github.com/mcpany/core/pkg/bus/kafka/kafka.go:70.2,77.12 3 1
github.com/mcpany/core/pkg/bus/kafka/kafka.go:81.101,82.20 1 2
github.com/mcpany/core/pkg/bus/kafka/kafka.go:82.20,83.44 1 0
github.com/mcpany/core/pkg/bus/kafka/kafka.go:86.2,89.19 3 2
github.com/mcpany/core/pkg/bus/kafka/kafka.go:89.19,92.3 1 2
github.com/mcpany/core/pkg/bus/kafka/kafka.go:94.2,108.23 5 2
github.com/mcpany/core/pkg/bus/kafka/kafka.go:108.23,109.18 1 4
github.com/mcpany/core/pkg/bus/kafka/kafka.go:109.18,112.4 2 2
github.com/mcpany/core/pkg/bus/kafka/kafka.go:115.2,115.12 1 2
github.com/mcpany/core/pkg/bus/kafka/kafka.go:115.12,119.7 3 2
github.com/mcpany/core/pkg/bus/kafka/kafka.go:119.7,121.18 2 4
github.com/mcpany/core/pkg/bus/kafka/kafka.go:121.18,123.25 1 2
github.com/mcpany/core/pkg/bus/kafka/kafka.go:123.25,125.6 1 1
github.com/mcpany/core/pkg/bus/kafka/kafka.go:130.5,130.11 1 1
github.com/mcpany/core/pkg/bus/kafka/kafka.go:133.4,135.18 3 2
github.com/mcpany/core/pkg/bus/kafka/kafka.go:135.18,137.13 2 0
github.com/mcpany/core/pkg/bus/kafka/kafka.go:140.4,140.11 1 2
github.com/mcpany/core/pkg/bus/kafka/kafka.go:140.11,141.18 1 2
github.com/mcpany/core/pkg/bus/kafka/kafka.go:141.18,142.34 1 2
github.com/mcpany/core/pkg/bus/kafka/kafka.go:142.34,144.7 1 0
github.com/mcpany/core/pkg/bus/kafka/kafka.go:146.5,146.21 1 2
github.com/mcpany/core/pkg/bus/kafka/kafka.go:151.2,151.20 1 2
github.com/mcpany/core/pkg/bus/kafka/kafka.go:155.105,156.20 1 1
github.com/mcpany/core/pkg/bus/kafka/kafka.go:156.20,157.44 1 0
github.com/mcpany/core/pkg/bus/kafka/kafka.go:159.2,162.46 3 1
github.com/mcpany/core/pkg/bus/kafka/kafka.go:162.46,163.18 1 1
github.com/mcpany/core/pkg/bus/kafka/kafka.go:163.18,166.4 2 1
github.com/mcpany/core/pkg/bus/kafka/kafka.go:168.2,168.14 1 1
github.com/mcpany/core/pkg/bus/kafka/kafka.go:172.32,174.2 1 0
github.com/mcpany/core/pkg/bus/memory/bus.go:36.34,41.2 1 6
github.com/mcpany/core/pkg/bus/memory/bus.go:55.79,59.42 3 235
github.com/mcpany/core/pkg/bus/memory/bus.go:59.42,60.28 1 233
github.com/mcpany/core/pkg/bus/memory/bus.go:60.28,63.11 1 1133
github.com/mcpany/core/pkg/bus/memory/bus.go:64.19,64.19 0 1132
github.com/mcpany/core/pkg/bus/memory/bus.go:65.40,68.107 2 1
github.com/mcpany/core/pkg/bus/memory/bus.go:72.2,72.12 1 235
github.com/mcpany/core/pkg/bus/memory/bus.go:90.106,97.40 5 15
github.com/mcpany/core/pkg/bus/memory/bus.go:97.40,99.3 1 6
github.com/mcpany/core/pkg/bus/memory/bus.go:102.2,107.12 3 15
github.com/mcpany/core/pkg/bus/memory/bus.go:107.12,108.23 1 15
github.com/mcpany/core/pkg/bus/memory/bus.go:108.23,110.4 1 1132
github.com/mcpany/core/pkg/bus/memory/bus.go:114.2,114.16 1 15
github.com/mcpany/core/pkg/bus/memory/bus.go:114.16,118.43 3 14
github.com/mcpany/core/pkg/bus/memory/bus.go:118.43,119.33 1 14
github.com/mcpany/core/pkg/bus/memory/bus.go:119.33,122.23 2 14
github.com/mcpany/core/pkg/bus/memory/bus.go:122.23,124.6 1 5
github.com/mcpany/core/pkg/bus/memory/bus.go:126.5,126.17 1 14
github.com/mcpany/core/pkg/bus/memory/bus.go:145.112,149.46 3 2
github.com/mcpany/core/pkg/bus/memory/bus.go:149.46,150.18 1 2
github.com/mcpany/core/pkg/bus/memory/bus.go:150.18,153.4 2 1
github.com/mcpany/core/pkg/bus/memory/bus.go:155.2,155.14 1 2
github.com/mcpany/core/pkg/auth/auth.go:28.74,30.2 1 1
github.com/mcpany/core/pkg/auth/auth.go:33.58,36.2 2 2
github.com/mcpany/core/pkg/auth/auth.go:39.82,41.2 1 1
github.com/mcpany/core/pkg/auth/auth.go:44.63,47.2 2 2
github.com/mcpany/core/pkg/auth/auth.go:79.79,80.80 1 10
github.com/mcpany/core/pkg/auth/auth.go:80.80,82.3 1 5
github.com/mcpany/core/pkg/auth/auth.go:83.2,87.3 1 5
github.com/mcpany/core/pkg/auth/auth.go:101.107,103.14 2 9
github.com/mcpany/core/pkg/auth/auth.go:104.34,105.42 1 7
github.com/mcpany/core/pkg/auth/auth.go:106.33,107.47 1 2
github.com/mcpany/core/pkg/auth/auth.go:108.10,109.42 1 0
github.com/mcpany/core/pkg/auth/auth.go:112.2,112.75 1 9
github.com/mcpany/core/pkg/auth/auth.go:112.75,114.3 1 4
github.com/mcpany/core/pkg/auth/auth.go:115.2,115.40 1 5
github.com/mcpany/core/pkg/auth/auth.go:131.28,135.2 1 2
github.com/mcpany/core/pkg/auth/auth.go:138.45,140.2 1 2
github.com/mcpany/core/pkg/auth/auth.go:151.90,152.26 1 5
github.com/mcpany/core/pkg/auth/auth.go:152.26,154.3 1 1
github.com/mcpany/core/pkg/auth/auth.go:155.2,156.12 2 4
github.com/mcpany/core/pkg/auth/auth.go:173.114,174.21 1 7
github.com/mcpany/core/pkg/auth/auth.go:174.21,175.38 1 3
github.com/mcpany/core/pkg/auth/auth.go:175.38,177.4 1 1
github.com/mcpany/core/pkg/auth/auth.go:178.3,178.92 1 2
github.com/mcpany/core/pkg/auth/auth.go:178.92,180.4 1 1
github.com/mcpany/core/pkg/auth/auth.go:183.2,183.64 1 5
github.com/mcpany/core/pkg/auth/auth.go:183.64,185.3 1 2
github.com/mcpany/core/pkg/auth/auth.go:187.2,187.17 1 3
github.com/mcpany/core/pkg/auth/auth.go:198.77,200.2 1 7
github.com/mcpany/core/pkg/auth/auth.go:203.58,205.2 1 1
github.com/mcpany/core/pkg/auth/auth.go:220.110,221.19 1 3
github.com/mcpany/core/pkg/auth/auth.go:221.19,223.3 1 1
github.com/mcpany/core/pkg/auth/auth.go:224.2,225.16 2 2
github.com/mcpany/core/pkg/auth/auth.go:225.16,227.3 1 1
github.com/mcpany/core/pkg/auth/auth.go:228.2,228.54 1 1
github.com/mcpany/core/pkg/auth/auth.go:245.112,246.19 1 6
github.com/mcpany/core/pkg/auth/auth.go:246.19,248.3 1 1
github.com/mcpany/core/pkg/auth/auth.go:250.2,250.44 1 5
github.com/mcpany/core/pkg/auth/auth.go:251.45,253.27 2 3
github.com/mcpany/core/pkg/auth/auth.go:253.27,255.4 1 1
github.com/mcpany/core/pkg/auth/auth.go:256.3,257.13 2 2
github.com/mcpany/core/pkg/auth/auth.go:258.45,260.31 2 1
github.com/mcpany/core/pkg/auth/auth.go:260.31,262.4 1 0
github.com/mcpany/core/pkg/auth/auth.go:263.3,266.10 3 1
github.com/mcpany/core/pkg/auth/auth.go:266.10,276.18 5 1
github.com/mcpany/core/pkg/auth/auth.go:276.18,278.5 1 0
github.com/mcpany/core/pkg/auth/auth.go:280.4,281.14 2 1
github.com/mcpany/core/pkg/auth/auth.go:281.14,283.5 1 0
github.com/mcpany/core/pkg/auth/auth.go:283.10,285.5 1 1
github.com/mcpany/core/pkg/auth/auth.go:288.3,289.13 2 1
github.com/mcpany/core/pkg/auth/auth.go:290.10,291.13 1 1
github.com/mcpany/core/pkg/auth/grpc.go:27.94,28.26 1 4
github.com/mcpany/core/pkg/auth/grpc.go:28.26,30.3 1 1
github.com/mcpany/core/pkg/auth/grpc.go:31.2,31.57 1 3
github.com/mcpany/core/pkg/auth/grpc.go:40.107,41.28 1 3
github.com/mcpany/core/pkg/auth/grpc.go:41.28,43.3 1 1
github.com/mcpany/core/pkg/auth/grpc.go:46.2,47.16 2 2
github.com/mcpany/core/pkg/auth/grpc.go:47.16,49.3 1 0
github.com/mcpany/core/pkg/auth/grpc.go:51.2,51.63 1 2
github.com/mcpany/core/pkg/auth/grpc.go:51.63,53.3 1 1
github.com/mcpany/core/pkg/auth/grpc.go:55.2,56.43 2 1
github.com/mcpany/core/pkg/auth/grpc.go:56.43,59.3 1 2
github.com/mcpany/core/pkg/auth/grpc.go:61.2,61.22 1 1
github.com/mcpany/core/pkg/auth/grpc.go:67.61,71.2 1 1
github.com/mcpany/core/pkg/auth/mock.go:14.75,15.31 1 4
github.com/mcpany/core/pkg/auth/mock.go:15.31,17.3 1 3
github.com/mcpany/core/pkg/auth/mock.go:18.2,18.12 1 1
github.com/mcpany/core/pkg/auth/oauth.go:33.102,35.16 2 7
github.com/mcpany/core/pkg/auth/oauth.go:35.16,37.3 1 2
github.com/mcpany/core/pkg/auth/oauth.go:39.2,45.8 2 5
github.com/mcpany/core/pkg/auth/oauth.go:59.107,61.22 2 7
github.com/mcpany/core/pkg/auth/oauth.go:61.22,63.3 1 2
github.com/mcpany/core/pkg/auth/oauth.go:65.2,66.62 2 5
github.com/mcpany/core/pkg/auth/oauth.go:66.62,68.3 1 1
github.com/mcpany/core/pkg/auth/oauth.go:69.2,72.16 3 4
github.com/mcpany/core/pkg/auth/oauth.go:72.16,74.3 1 2
github.com/mcpany/core/pkg/auth/oauth.go:76.2,80.48 2 2
github.com/mcpany/core/pkg/auth/oauth.go:80.48,82.3 1 1
github.com/mcpany/core/pkg/auth/oauth.go:84.2,84.66 1 1
github.com/mcpany/core/pkg/auth/upstream.go:44.107,45.23 1 18
github.com/mcpany/core/pkg/auth/upstream.go:45.23,47.3 1 1
github.com/mcpany/core/pkg/auth/upstream.go:49.2,49.53 1 17
github.com/mcpany/core/pkg/auth/upstream.go:49.53,50.35 1 3
github.com/mcpany/core/pkg/auth/upstream.go:50.35,52.4 1 1
github.com/mcpany/core/pkg/auth/upstream.go:53.3,53.32 1 2
github.com/mcpany/core/pkg/auth/upstream.go:53.32,55.4 1 1
github.com/mcpany/core/pkg/auth/upstream.go:56.3,59.9 1 1
github.com/mcpany/core/pkg/auth/upstream.go:62.2,62.68 1 14
github.com/mcpany/core/pkg/auth/upstream.go:62.68,63.36 1 2
github.com/mcpany/core/pkg/auth/upstream.go:63.36,65.4 1 1
github.com/mcpany/core/pkg/auth/upstream.go:66.3,68.9 1 1
github.com/mcpany/core/pkg/auth/upstream.go:71.2,71.62 1 12
github.com/mcpany/core/pkg/auth/upstream.go:71.62,72.36 1 3
github.com/mcpany/core/pkg/auth/upstream.go:72.36,74.4 1 1
github.com/mcpany/core/pkg/auth/upstream.go:75.3,75.37 1 2
github.com/mcpany/core/pkg/auth/upstream.go:75.37,77.4 1 1
github.com/mcpany/core/pkg/auth/upstream.go:78.3,81.9 1 1
github.com/mcpany/core/pkg/auth/upstream.go:84.2,84.53 1 9
github.com/mcpany/core/pkg/auth/upstream.go:84.53,85.34 1 7
github.com/mcpany/core/pkg/auth/upstream.go:85.34,87.4 1 2
github.com/mcpany/core/pkg/auth/upstream.go:88.3,88.38 1 5
github.com/mcpany/core/pkg/auth/upstream.go:88.38,90.4 1 2
github.com/mcpany/core/pkg/auth/upstream.go:91.3,91.33 1 3
github.com/mcpany/core/pkg/auth/upstream.go:91.33,93.4 1 2
github.com/mcpany/core/pkg/auth/upstream.go:94.3,99.9 1 1
github.com/mcpany/core/pkg/auth/upstream.go:102.2,102.17 1 2
github.com/mcpany/core/pkg/auth/upstream.go:119.60,120.26 1 3
github.com/mcpany/core/pkg/auth/upstream.go:120.26,122.3 1 1
github.com/mcpany/core/pkg/auth/upstream.go:123.2,124.16 2 2
github.com/mcpany/core/pkg/auth/upstream.go:124.16,126.3 1 0
github.com/mcpany/core/pkg/auth/upstream.go:127.2,128.12 2 2
github.com/mcpany/core/pkg/auth/upstream.go:144.65,145.20 1 3
github.com/mcpany/core/pkg/auth/upstream.go:145.20,147.3 1 1
github.com/mcpany/core/pkg/auth/upstream.go:148.2,149.16 2 2
github.com/mcpany/core/pkg/auth/upstream.go:149.16,151.3 1 0
github.com/mcpany/core/pkg/auth/upstream.go:152.2,153.12 2 2
github.com/mcpany/core/pkg/auth/upstream.go:170.59,171.23 1 3
github.com/mcpany/core/pkg/auth/upstream.go:171.23,173.3 1 1
github.com/mcpany/core/pkg/auth/upstream.go:174.2,175.16 2 2
github.com/mcpany/core/pkg/auth/upstream.go:175.16,177.3 1 0
github.com/mcpany/core/pkg/auth/upstream.go:178.2,179.12 2 2
github.com/mcpany/core/pkg/auth/upstream.go:197.60,198.23 1 6
github.com/mcpany/core/pkg/auth/upstream.go:198.23,200.3 1 1
github.com/mcpany/core/pkg/auth/upstream.go:201.2,201.27 1 5
github.com/mcpany/core/pkg/auth/upstream.go:201.27,203.3 1 1
github.com/mcpany/core/pkg/auth/upstream.go:204.2,205.16 2 4
github.com/mcpany/core/pkg/auth/upstream.go:205.16,207.3 1 0
github.com/mcpany/core/pkg/auth/upstream.go:208.2,209.16 2 4
github.com/mcpany/core/pkg/auth/upstream.go:209.16,211.3 1 0
github.com/mcpany/core/pkg/auth/upstream.go:212.2,219.16 3 4
github.com/mcpany/core/pkg/auth/upstream.go:219.16,221.3 1 3
github.com/mcpany/core/pkg/auth/upstream.go:222.2,223.12 2 1
github.com/mcpany/core/pkg/bus/nats/nats.go:26.55,28.33 2 6
github.com/mcpany/core/pkg/bus/nats/nats.go:28.33,31.17 3 5
github.com/mcpany/core/pkg/bus/nats/nats.go:31.17,33.4 1 0
github.com/mcpany/core/pkg/bus/nats/nats.go:34.3,35.46 2 5
github.com/mcpany/core/pkg/bus/nats/nats.go:35.46,38.4 2 0
github.com/mcpany/core/pkg/bus/nats/nats.go:39.3,39.37 1 5
github.com/mcpany/core/pkg/bus/nats/nats.go:41.2,42.16 2 6
github.com/mcpany/core/pkg/bus/nats/nats.go:42.16,44.3 1 0
github.com/mcpany/core/pkg/bus/nats/nats.go:45.2,49.8 1 6
github.com/mcpany/core/pkg/bus/nats/nats.go:53.26,54.17 1 6
github.com/mcpany/core/pkg/bus/nats/nats.go:54.17,56.3 1 6
github.com/mcpany/core/pkg/bus/nats/nats.go:57.2,57.16 1 6
github.com/mcpany/core/pkg/bus/nats/nats.go:57.16,59.3 1 5
github.com/mcpany/core/pkg/bus/nats/nats.go:63.72,65.16 2 6
github.com/mcpany/core/pkg/bus/nats/nats.go:65.16,67.3 1 1
github.com/mcpany/core/pkg/bus/nats/nats.go:68.2,68.34 1 5
github.com/mcpany/core/pkg/bus/nats/nats.go:72.99,73.54 1 3
github.com/mcpany/core/pkg/bus/nats/nats.go:73.54,75.54 2 3
github.com/mcpany/core/pkg/bus/nats/nats.go:75.54,77.4 1 2
github.com/mcpany/core/pkg/bus/nats/nats.go:79.2,79.16 1 3
github.com/mcpany/core/pkg/bus/nats/nats.go:79.16,81.3 1 2
github.com/mcpany/core/pkg/bus/nats/nats.go:85.103,86.56 1 2
github.com/mcpany/core/pkg/bus/nats/nats.go:86.56,88.54 2 2
github.com/mcpany/core/pkg/bus/nats/nats.go:88.54,90.4 1 1
github.com/mcpany/core/pkg/bus/nats/nats.go:92.2,92.16 1 2
github.com/mcpany/core/pkg/bus/nats/nats.go:92.16,93.17 1 0
github.com/mcpany/core/pkg/bus/nats/nats.go:93.18,93.19 0 0
github.com/mcpany/core/pkg/bus/nats/nats.go:95.2,96.16 2 2
github.com/mcpany/core/pkg/bus/nats/nats.go:96.16,98.3 1 1
github.com/mcpany/core/pkg/cli/cli.go:23.65,28.2 1 3
github.com/mcpany/core/pkg/cli/cli.go:32.56,33.59 1 3
github.com/mcpany/core/pkg/cli/cli.go:33.59,35.3 1 1
github.com/mcpany/core/pkg/cli/cli.go:37.2,37.62 1 2
github.com/mcpany/core/pkg/cli/cli.go:37.62,39.3 1 1
github.com/mcpany/core/pkg/cli/cli.go:41.2,41.12 1 1
github.com/mcpany/core/pkg/bus/redis/bus.go:26.52,28.24 2 5
github.com/mcpany/core/pkg/bus/redis/bus.go:28.24,32.3 3 4
github.com/mcpany/core/pkg/bus/redis/bus.go:33.2,33.52 1 5
github.com/mcpany/core/pkg/bus/redis/bus.go:37.57,42.2 1 23
github.com/mcpany/core/pkg/bus/redis/bus.go:45.74,47.16 2 7
github.com/mcpany/core/pkg/bus/redis/bus.go:47.16,49.3 1 2
github.com/mcpany/core/pkg/bus/redis/bus.go:50.2,50.52 1 5
github.com/mcpany/core/pkg/bus/redis/bus.go:54.101,55.20 1 7
github.com/mcpany/core/pkg/bus/redis/bus.go:55.20,56.44 1 2
github.com/mcpany/core/pkg/bus/redis/bus.go:58.2,59.36 2 5
github.com/mcpany/core/pkg/bus/redis/bus.go:59.36,61.3 1 0
github.com/mcpany/core/pkg/bus/redis/bus.go:63.2,68.23 5 5
github.com/mcpany/core/pkg/bus/redis/bus.go:68.23,69.29 1 8
github.com/mcpany/core/pkg/bus/redis/bus.go:69.29,72.54 3 4
github.com/mcpany/core/pkg/bus/redis/bus.go:72.54,75.5 2 3
github.com/mcpany/core/pkg/bus/redis/bus.go:79.2,79.12 1 5
github.com/mcpany/core/pkg/bus/redis/bus.go:79.12,83.7 4 5
github.com/mcpany/core/pkg/bus/redis/bus.go:83.7,84.11 1 5
github.com/mcpany/core/pkg/bus/redis/bus.go:85.22,86.11 1 1
github.com/mcpany/core/pkg/bus/redis/bus.go:87.21,88.19 1 3
github.com/mcpany/core/pkg/bus/redis/bus.go:88.19,90.6 1 3
github.com/mcpany/core/pkg/bus/redis/bus.go:91.5,93.19 3 0
github.com/mcpany/core/pkg/bus/redis/bus.go:93.19,95.14 2 0
github.com/mcpany/core/pkg/bus/redis/bus.go:98.5,98.12 1 0
github.com/mcpany/core/pkg/bus/redis/bus.go:98.12,99.19 1 0
github.com/mcpany/core/pkg/bus/redis/bus.go:99.19,100.35 1 0
github.com/mcpany/core/pkg/bus/redis/bus.go:100.35,102.8 1 0
github.com/mcpany/core/pkg/bus/redis/bus.go:104.6,104.22 1 0
github.com/mcpany/core/pkg/bus/redis/bus.go:110.2,110.20 1 5
github.com/mcpany/core/pkg/bus/redis/bus.go:114.105,115.20 1 4
github.com/mcpany/core/pkg/bus/redis/bus.go:115.20,116.44 1 2
github.com/mcpany/core/pkg/bus/redis/bus.go:118.2,121.46 3 2
github.com/mcpany/core/pkg/bus/redis/bus.go:121.46,122.18 1 0
github.com/mcpany/core/pkg/bus/redis/bus.go:122.18,125.4 2 0
github.com/mcpany/core/pkg/bus/redis/bus.go:127.2,127.14 1 2
github.com/mcpany/core/pkg/bus/redis/bus.go:131.32,136.35 4 8
github.com/mcpany/core/pkg/bus/redis/bus.go:136.35,137.36 1 1
github.com/mcpany/core/pkg/bus/redis/bus.go:137.36,140.4 1 0
github.com/mcpany/core/pkg/bus/redis/bus.go:141.3,141.27 1 1
github.com/mcpany/core/pkg/bus/redis/bus.go:144.2,144.41 1 8
github.com/mcpany/core/pkg/bus/redis/bus.go:144.41,146.3 1 0
github.com/mcpany/core/pkg/bus/redis/bus.go:148.2,148.16 1 8
github.com/mcpany/core/pkg/client/grpc_client_wrapper.go:35.97,40.2 1 4
github.com/mcpany/core/pkg/client/grpc_client_wrapper.go:46.65,47.43 1 6
github.com/mcpany/core/pkg/client/grpc_client_wrapper.go:47.43,49.3 1 1
github.com/mcpany/core/pkg/client/grpc_client_wrapper.go:50.2,50.56 1 5
github.com/mcpany/core/pkg/client/grpc_client_wrapper.go:50.56,52.3 1 1
github.com/mcpany/core/pkg/client/grpc_client_wrapper.go:53.2,54.20 2 4
github.com/mcpany/core/pkg/client/grpc_client_wrapper.go:54.20,56.3 1 0
github.com/mcpany/core/pkg/client/grpc_client_wrapper.go:57.2,57.53 1 4
github.com/mcpany/core/pkg/client/grpc_client_wrapper.go:62.43,64.2 1 1
github.com/mcpany/core/pkg/client/http_client_wrapper.go:25.107,30.2 1 5
github.com/mcpany/core/pkg/client/http_client_wrapper.go:33.65,35.20 2 5
github.com/mcpany/core/pkg/client/http_client_wrapper.go:35.20,37.3 1 2
github.com/mcpany/core/pkg/client/http_client_wrapper.go:38.2,38.53 1 3
github.com/mcpany/core/pkg/client/http_client_wrapper.go:44.43,46.2 1 1
github.com/mcpany/core/pkg/client/websocket.go:21.68,26.2 2 2
github.com/mcpany/core/pkg/client/websocket.go:29.48,31.2 1 1
github.com/mcpany/core/pkg/bus/bus.go:72.65,73.28 1 12
github.com/mcpany/core/pkg/bus/bus.go:73.28,75.3 1 0
github.com/mcpany/core/pkg/bus/bus.go:76.2,81.28 2 12
github.com/mcpany/core/pkg/bus/bus.go:81.28,83.3 1 2
github.com/mcpany/core/pkg/bus/bus.go:85.2,85.35 1 12
github.com/mcpany/core/pkg/bus/bus.go:85.35,87.3 1 2
github.com/mcpany/core/pkg/bus/bus.go:89.2,89.40 1 12
github.com/mcpany/core/pkg/bus/bus.go:90.36,90.36 0 7
github.com/mcpany/core/pkg/bus/bus.go:92.33,92.33 0 0
github.com/mcpany/core/pkg/bus/bus.go:94.32,94.32 0 4
github.com/mcpany/core/pkg/bus/bus.go:96.33,96.33 0 1
github.com/mcpany/core/pkg/bus/bus.go:98.10,99.45 1 0
github.com/mcpany/core/pkg/bus/bus.go:102.2,102.22 1 12
github.com/mcpany/core/pkg/bus/bus.go:114.54,115.23 1 216
github.com/mcpany/core/pkg/bus/bus.go:115.23,116.46 1 0
github.com/mcpany/core/pkg/bus/bus.go:116.46,118.4 1 0
github.com/mcpany/core/pkg/bus/bus.go:121.2,121.40 1 216
github.com/mcpany/core/pkg/bus/bus.go:121.40,123.3 1 202
github.com/mcpany/core/pkg/bus/bus.go:125.2,126.33 2 14
github.com/mcpany/core/pkg/bus/bus.go:127.36,128.27 1 9
github.com/mcpany/core/pkg/bus/bus.go:129.33,130.45 1 0
github.com/mcpany/core/pkg/bus/bus.go:131.32,134.17 3 4
github.com/mcpany/core/pkg/bus/bus.go:134.17,135.14 1 1
github.com/mcpany/core/pkg/bus/bus.go:137.33,140.17 3 1
github.com/mcpany/core/pkg/bus/bus.go:140.17,141.14 1 0
github.com/mcpany/core/pkg/bus/bus.go:145.2,146.21 2 13
github.com/mcpany/core/pkg/bus/message.go:33.46,35.2 1 4
github.com/mcpany/core/pkg/bus/message.go:39.51,41.2 1 1
github.com/mcpany/core/pkg/health/health.go:51.68,52.15 1 30
github.com/mcpany/core/pkg/health/health.go:52.15,54.3 1 1
github.com/mcpany/core/pkg/health/health.go:56.2,59.33 3 29
github.com/mcpany/core/pkg/health/health.go:60.55,61.54 1 3
github.com/mcpany/core/pkg/health/health.go:62.55,63.54 1 4
github.com/mcpany/core/pkg/health/health.go:64.58,65.57 1 1
github.com/mcpany/core/pkg/health/health.go:66.62,67.68 1 4
github.com/mcpany/core/pkg/health/health.go:68.60,69.64 1 9
github.com/mcpany/core/pkg/health/health.go:70.57,71.58 1 5
github.com/mcpany/core/pkg/health/health.go:72.54,73.52 1 3
github.com/mcpany/core/pkg/health/health.go:74.10,75.13 1 0
github.com/mcpany/core/pkg/health/health.go:78.2,79.80 1 29
github.com/mcpany/core/pkg/health/health.go:79.80,81.39 2 29
github.com/mcpany/core/pkg/health/health.go:81.39,83.5 1 17
github.com/mcpany/core/pkg/health/health.go:84.4,85.101 2 29
github.com/mcpany/core/pkg/health/health.go:93.2,93.35 1 29
github.com/mcpany/core/pkg/health/health.go:96.93,97.15 1 7
github.com/mcpany/core/pkg/health/health.go:97.15,99.3 1 2
github.com/mcpany/core/pkg/health/health.go:101.2,107.16 4 5
github.com/mcpany/core/pkg/health/health.go:107.16,109.3 1 0
github.com/mcpany/core/pkg/health/health.go:111.2,112.16 2 5
github.com/mcpany/core/pkg/health/health.go:112.16,114.3 1 1
github.com/mcpany/core/pkg/health/health.go:115.2,115.15 1 4
github.com/mcpany/core/pkg/health/health.go:115.15,117.3 1 4
github.com/mcpany/core/pkg/health/health.go:119.2,119.50 1 4
github.com/mcpany/core/pkg/health/health.go:119.50,121.3 1 1
github.com/mcpany/core/pkg/health/health.go:123.2,123.48 1 3
github.com/mcpany/core/pkg/health/health.go:123.48,125.17 2 1
github.com/mcpany/core/pkg/health/health.go:125.17,127.4 1 0
github.com/mcpany/core/pkg/health/health.go:128.3,128.76 1 1
github.com/mcpany/core/pkg/health/health.go:128.76,130.4 1 1
github.com/mcpany/core/pkg/health/health.go:132.2,132.12 1 2
github.com/mcpany/core/pkg/health/health.go:135.72,139.42 1 4
github.com/mcpany/core/pkg/health/health.go:139.42,141.4 1 4
github.com/mcpany/core/pkg/health/health.go:145.79,149.42 1 5
github.com/mcpany/core/pkg/health/health.go:149.42,152.43 1 5
github.com/mcpany/core/pkg/health/health.go:152.43,153.52 1 3
github.com/mcpany/core/pkg/health/health.go:153.52,155.6 1 2
github.com/mcpany/core/pkg/health/health.go:156.5,156.53 1 1
github.com/mcpany/core/pkg/health/health.go:156.53,158.6 1 1
github.com/mcpany/core/pkg/health/health.go:160.4,160.42 1 2
github.com/mcpany/core/pkg/health/health.go:165.85,169.42 1 9
github.com/mcpany/core/pkg/health/health.go:169.42,171.4 1 9
github.com/mcpany/core/pkg/health/health.go:175.103,176.15 1 10
github.com/mcpany/core/pkg/health/health.go:176.15,178.3 1 3
github.com/mcpany/core/pkg/health/health.go:180.2,181.26 2 7
github.com/mcpany/core/pkg/health/health.go:181.26,183.3 1 4
github.com/mcpany/core/pkg/health/health.go:187.2,187.97 1 7
github.com/mcpany/core/pkg/health/health.go:187.97,189.3 1 4
github.com/mcpany/core/pkg/health/health.go:191.2,197.17 5 7
github.com/mcpany/core/pkg/health/health.go:197.17,198.16 1 5
github.com/mcpany/core/pkg/health/health.go:198.16,199.24 1 5
github.com/mcpany/core/pkg/health/health.go:199.24,201.5 1 0
github.com/mcpany/core/pkg/health/health.go:204.2,204.16 1 7
github.com/mcpany/core/pkg/health/health.go:204.16,207.3 2 2
github.com/mcpany/core/pkg/health/health.go:208.2,208.15 1 5
github.com/mcpany/core/pkg/health/health.go:208.15,208.68 1 5
github.com/mcpany/core/pkg/health/health.go:210.2,210.27 1 5
github.com/mcpany/core/pkg/health/health.go:210.27,212.17 2 2
github.com/mcpany/core/pkg/health/health.go:212.17,215.4 2 0
github.com/mcpany/core/pkg/health/health.go:218.2,218.44 1 5
github.com/mcpany/core/pkg/health/health.go:218.44,220.17 2 2
github.com/mcpany/core/pkg/health/health.go:220.17,223.4 2 0
github.com/mcpany/core/pkg/health/health.go:224.3,224.71 1 2
github.com/mcpany/core/pkg/health/health.go:224.71,230.4 2 1
github.com/mcpany/core/pkg/health/health.go:233.2,233.12 1 4
github.com/mcpany/core/pkg/health/health.go:236.75,240.42 1 4
github.com/mcpany/core/pkg/health/health.go:240.42,241.33 1 4
github.com/mcpany/core/pkg/health/health.go:241.33,243.5 1 1
github.com/mcpany/core/pkg/health/health.go:245.4,249.18 2 3
github.com/mcpany/core/pkg/health/health.go:249.18,251.5 1 0
github.com/mcpany/core/pkg/health/health.go:252.4,252.17 1 3
github.com/mcpany/core/pkg/health/health.go:252.17,252.37 1 3
github.com/mcpany/core/pkg/health/health.go:254.4,259.18 3 3
github.com/mcpany/core/pkg/health/health.go:259.18,261.5 1 1
github.com/mcpany/core/pkg/health/health.go:263.4,263.59 1 2
github.com/mcpany/core/pkg/health/health.go:263.59,265.5 1 1
github.com/mcpany/core/pkg/health/health.go:266.4,266.14 1 1
github.com/mcpany/core/pkg/health/health.go:271.89,274.42 1 4
github.com/mcpany/core/pkg/health/health.go:274.42,277.33 1 4
github.com/mcpany/core/pkg/health/health.go:277.33,279.5 1 1
github.com/mcpany/core/pkg/health/health.go:281.4,284.37 4 3
github.com/mcpany/core/pkg/health/health.go:284.37,286.5 1 2
github.com/mcpany/core/pkg/health/health.go:287.4,287.37 1 3
github.com/mcpany/core/pkg/health/health.go:287.37,289.5 1 0
github.com/mcpany/core/pkg/health/health.go:291.4,298.18 2 3
github.com/mcpany/core/pkg/health/health.go:298.18,300.5 1 0
github.com/mcpany/core/pkg/health/health.go:302.4,306.21 4 3
github.com/mcpany/core/pkg/health/health.go:306.21,308.5 1 1
github.com/mcpany/core/pkg/health/health.go:310.4,311.86 1 2
github.com/mcpany/core/pkg/health/health.go:311.86,316.5 1 1
github.com/mcpany/core/pkg/health/health.go:318.4,318.14 1 1
github.com/mcpany/core/pkg/health/health.go:323.73,326.40 1 3
github.com/mcpany/core/pkg/health/health.go:326.40,327.50 1 3
github.com/mcpany/core/pkg/health/health.go:327.50,329.5 1 1
github.com/mcpany/core/pkg/health/health.go:330.4,330.37 1 2
github.com/mcpany/core/pkg/health/health.go:330.37,332.5 1 1
github.com/mcpany/core/pkg/health/health.go:333.4,333.65 1 1
github.com/mcpany/core/pkg/health/health.go:338.44,340.38 2 14
github.com/mcpany/core/pkg/health/health.go:340.38,342.17 2 3
github.com/mcpany/core/pkg/health/health.go:342.17,344.4 1 0
github.com/mcpany/core/pkg/health/health.go:345.3,347.17 3 3
github.com/mcpany/core/pkg/health/health.go:347.17,348.27 1 1
github.com/mcpany/core/pkg/health/health.go:348.27,350.5 1 0
github.com/mcpany/core/pkg/health/health.go:350.10,352.5 1 1
github.com/mcpany/core/pkg/health/health.go:354.3,354.40 1 3
github.com/mcpany/core/pkg/health/health.go:355.8,358.17 2 11
github.com/mcpany/core/pkg/health/health.go:358.17,363.4 2 0
github.com/mcpany/core/pkg/health/health.go:364.3,364.40 1 11
github.com/mcpany/core/pkg/health/health.go:367.2,368.16 2 14
github.com/mcpany/core/pkg/health/health.go:368.16,371.3 2 4
github.com/mcpany/core/pkg/health/health.go:372.2,372.15 1 10
github.com/mcpany/core/pkg/health/health.go:372.15,372.35 1 10
github.com/mcpany/core/pkg/health/health.go:373.2,373.12 1 10
github.com/mcpany/core/pkg/logging/logging.go:24.32,27.2 2 4
github.com/mcpany/core/pkg/logging/logging.go:39.65,40.17 1 3
github.com/mcpany/core/pkg/logging/logging.go:40.17,42.22 2 2
github.com/mcpany/core/pkg/logging/logging.go:42.22,44.4 1 0
github.com/mcpany/core/pkg/logging/logging.go:46.3,52.23 3 2
github.com/mcpany/core/pkg/logging/logging.go:52.23,54.4 1 0
github.com/mcpany/core/pkg/logging/logging.go:54.9,56.4 1 2
github.com/mcpany/core/pkg/logging/logging.go:58.3,58.36 1 2
github.com/mcpany/core/pkg/logging/logging.go:68.31,69.17 1 5
github.com/mcpany/core/pkg/logging/logging.go:69.17,74.3 1 2
github.com/mcpany/core/pkg/logging/logging.go:75.2,75.22 1 5
github.com/mcpany/core/pkg/logging/logging.go:85.69,86.15 1 5
github.com/mcpany/core/pkg/logging/logging.go:87.47,88.25 1 1
github.com/mcpany/core/pkg/logging/logging.go:89.46,90.24 1 1
github.com/mcpany/core/pkg/logging/logging.go:91.46,92.24 1 1
github.com/mcpany/core/pkg/logging/logging.go:93.47,94.25 1 1
github.com/mcpany/core/pkg/logging/logging.go:95.10,96.24 1 1
github.com/mcpany/core/pkg/config/config.go:28.40,41.114 11 9
github.com/mcpany/core/pkg/config/config.go:41.114,44.3 2 0
github.com/mcpany/core/pkg/config/config.go:45.2,45.100 1 9
github.com/mcpany/core/pkg/config/config.go:45.100,48.3 2 0
github.com/mcpany/core/pkg/config/config.go:49.2,49.122 1 9
github.com/mcpany/core/pkg/config/config.go:49.122,52.3 2 0
github.com/mcpany/core/pkg/config/config.go:53.2,53.88 1 9
github.com/mcpany/core/pkg/config/config.go:53.88,56.3 2 0
github.com/mcpany/core/pkg/config/config.go:57.2,57.96 1 9
github.com/mcpany/core/pkg/config/config.go:57.96,60.3 2 0
github.com/mcpany/core/pkg/config/config.go:61.2,61.98 1 9
github.com/mcpany/core/pkg/config/config.go:61.98,64.3 2 0
github.com/mcpany/core/pkg/config/config.go:65.2,65.92 1 9
github.com/mcpany/core/pkg/config/config.go:65.92,68.3 2 0
github.com/mcpany/core/pkg/config/config.go:81.42,88.86 6 9
github.com/mcpany/core/pkg/config/config.go:88.86,91.3 2 0
github.com/mcpany/core/pkg/config/config.go:92.2,92.78 1 9
github.com/mcpany/core/pkg/config/config.go:92.78,95.3 2 0
github.com/mcpany/core/pkg/config/config.go:96.2,96.100 1 9
github.com/mcpany/core/pkg/config/config.go:96.100,99.3 2 0
github.com/mcpany/core/pkg/config/config.go:100.2,100.82 1 9
github.com/mcpany/core/pkg/config/config.go:100.82,103.3 2 0
github.com/mcpany/core/pkg/config/config.go:104.2,104.84 1 9
github.com/mcpany/core/pkg/config/config.go:104.84,107.3 2 0
github.com/mcpany/core/pkg/config/config.go:115.36,118.2 2 8
github.com/mcpany/core/pkg/config/doc_generator.go:25.99,33.58 7 1
github.com/mcpany/core/pkg/config/doc_generator.go:33.58,34.33 1 1
github.com/mcpany/core/pkg/config/doc_generator.go:34.33,35.12 1 0
github.com/mcpany/core/pkg/config/doc_generator.go:37.3,38.17 2 1
github.com/mcpany/core/pkg/config/doc_generator.go:38.17,40.4 1 0
github.com/mcpany/core/pkg/config/doc_generator.go:41.3,41.22 1 1
github.com/mcpany/core/pkg/config/doc_generator.go:41.22,42.12 1 0
github.com/mcpany/core/pkg/config/doc_generator.go:45.3,46.17 2 1
github.com/mcpany/core/pkg/config/doc_generator.go:46.17,48.4 1 0
github.com/mcpany/core/pkg/config/doc_generator.go:51.2,53.40 2 1
github.com/mcpany/core/pkg/config/doc_generator.go:53.40,55.3 1 0
github.com/mcpany/core/pkg/config/doc_generator.go:57.2,60.21 3 1
github.com/mcpany/core/pkg/config/doc_generator.go:60.21,63.3 2 0
github.com/mcpany/core/pkg/config/doc_generator.go:65.2,65.26 1 1
github.com/mcpany/core/pkg/config/doc_generator.go:65.26,68.34 3 1
github.com/mcpany/core/pkg/config/doc_generator.go:68.34,70.4 1 1
github.com/mcpany/core/pkg/config/doc_generator.go:71.3,72.36 2 1
github.com/mcpany/core/pkg/config/doc_generator.go:72.36,74.4 1 0
github.com/mcpany/core/pkg/config/doc_generator.go:75.3,75.36 1 1
github.com/mcpany/core/pkg/config/doc_generator.go:75.36,77.4 1 1
github.com/mcpany/core/pkg/config/doc_generator.go:79.3,82.37 3 1
github.com/mcpany/core/pkg/config/doc_generator.go:82.37,84.4 1 0
github.com/mcpany/core/pkg/config/doc_generator.go:84.9,84.95 1 1
github.com/mcpany/core/pkg/config/doc_generator.go:84.95,86.4 1 1
github.com/mcpany/core/pkg/config/doc_generator.go:88.3,88.25 1 1
github.com/mcpany/core/pkg/config/doc_generator.go:88.25,95.18 3 1
github.com/mcpany/core/pkg/config/doc_generator.go:95.18,99.5 3 1
github.com/mcpany/core/pkg/config/doc_generator.go:102.3,102.28 1 1
github.com/mcpany/core/pkg/config/doc_generator.go:105.2,105.25 1 1
github.com/mcpany/core/pkg/config/generator.go:26.32,30.2 1 1
github.com/mcpany/core/pkg/config/generator.go:39.48,41.16 2 26
github.com/mcpany/core/pkg/config/generator.go:41.16,43.3 1 2
github.com/mcpany/core/pkg/config/generator.go:45.2,45.38 1 24
github.com/mcpany/core/pkg/config/generator.go:46.14,47.33 1 8
github.com/mcpany/core/pkg/config/generator.go:48.14,49.33 1 7
github.com/mcpany/core/pkg/config/generator.go:50.17,51.36 1 3
github.com/mcpany/core/pkg/config/generator.go:52.17,53.36 1 5
github.com/mcpany/core/pkg/config/generator.go:54.10,55.70 1 1
github.com/mcpany/core/pkg/config/generator.go:59.59,62.16 3 98
github.com/mcpany/core/pkg/config/generator.go:62.16,64.3 1 16
github.com/mcpany/core/pkg/config/generator.go:65.2,65.38 1 82
github.com/mcpany/core/pkg/config/generator.go:71.80,73.19 2 6
github.com/mcpany/core/pkg/config/generator.go:73.19,75.3 1 0
github.com/mcpany/core/pkg/config/generator.go:77.2,79.6 2 6
github.com/mcpany/core/pkg/config/generator.go:79.6,81.17 2 7
github.com/mcpany/core/pkg/config/generator.go:81.17,83.4 1 1
github.com/mcpany/core/pkg/config/generator.go:85.3,85.18 1 6
github.com/mcpany/core/pkg/config/generator.go:85.18,87.4 1 0
github.com/mcpany/core/pkg/config/generator.go:89.3,90.16 2 6
github.com/mcpany/core/pkg/config/generator.go:91.32,92.20 1 3
github.com/mcpany/core/pkg/config/generator.go:93.32,94.21 1 2
github.com/mcpany/core/pkg/config/generator.go:95.11,96.62 1 1
github.com/mcpany/core/pkg/config/generator.go:123.59,128.16 4 8
github.com/mcpany/core/pkg/config/generator.go:128.16,130.3 1 1
github.com/mcpany/core/pkg/config/generator.go:132.2,133.16 2 7
github.com/mcpany/core/pkg/config/generator.go:133.16,135.3 1 1
github.com/mcpany/core/pkg/config/generator.go:137.2,138.16 2 6
github.com/mcpany/core/pkg/config/generator.go:138.16,140.3 1 1
github.com/mcpany/core/pkg/config/generator.go:142.2,143.16 2 5
github.com/mcpany/core/pkg/config/generator.go:143.16,145.3 1 1
github.com/mcpany/core/pkg/config/generator.go:147.2,148.16 2 4
github.com/mcpany/core/pkg/config/generator.go:148.16,150.3 1 1
github.com/mcpany/core/pkg/config/generator.go:152.2,153.16 2 3
github.com/mcpany/core/pkg/config/generator.go:153.16,155.3 1 1
github.com/mcpany/core/pkg/config/generator.go:157.2,158.16 2 2
github.com/mcpany/core/pkg/config/generator.go:158.16,160.3 1 0
github.com/mcpany/core/pkg/config/generator.go:162.2,163.49 2 2
github.com/mcpany/core/pkg/config/generator.go:163.49,165.3 1 0
github.com/mcpany/core/pkg/config/generator.go:167.2,167.25 1 2
github.com/mcpany/core/pkg/config/generator.go:186.59,191.16 4 7
github.com/mcpany/core/pkg/config/generator.go:191.16,193.3 1 1
github.com/mcpany/core/pkg/config/generator.go:195.2,196.16 2 6
github.com/mcpany/core/pkg/config/generator.go:196.16,198.3 1 0
github.com/mcpany/core/pkg/config/generator.go:200.2,201.16 2 6
github.com/mcpany/core/pkg/config/generator.go:201.16,203.3 1 1
github.com/mcpany/core/pkg/config/generator.go:205.2,206.16 2 5
github.com/mcpany/core/pkg/config/generator.go:206.16,208.3 1 0
github.com/mcpany/core/pkg/config/generator.go:210.2,211.49 2 5
github.com/mcpany/core/pkg/config/generator.go:211.49,213.3 1 0
github.com/mcpany/core/pkg/config/generator.go:215.2,215.25 1 5
github.com/mcpany/core/pkg/config/generator.go:232.62,237.16 4 3
github.com/mcpany/core/pkg/config/generator.go:237.16,239.3 1 1
github.com/mcpany/core/pkg/config/generator.go:241.2,242.16 2 2
github.com/mcpany/core/pkg/config/generator.go:242.16,244.3 1 1
github.com/mcpany/core/pkg/config/generator.go:246.2,247.16 2 1
github.com/mcpany/core/pkg/config/generator.go:247.16,249.3 1 0
github.com/mcpany/core/pkg/config/generator.go:251.2,252.49 2 1
github.com/mcpany/core/pkg/config/generator.go:252.49,254.3 1 0
github.com/mcpany/core/pkg/config/generator.go:256.2,256.25 1 1
github.com/mcpany/core/pkg/config/generator.go:277.62,282.16 4 5
github.com/mcpany/core/pkg/config/generator.go:282.16,284.3 1 1
github.com/mcpany/core/pkg/config/generator.go:286.2,287.16 2 4
github.com/mcpany/core/pkg/config/generator.go:287.16,289.3 1 1
github.com/mcpany/core/pkg/config/generator.go:291.2,292.16 2 3
github.com/mcpany/core/pkg/config/generator.go:292.16,294.3 1 1
github.com/mcpany/core/pkg/config/generator.go:296.2,297.16 2 2
github.com/mcpany/core/pkg/config/generator.go:297.16,299.3 1 1
github.com/mcpany/core/pkg/config/generator.go:301.2,302.16 2 1
github.com/mcpany/core/pkg/config/generator.go:302.16,304.3 1 0
github.com/mcpany/core/pkg/config/generator.go:306.2,307.49 2 1
github.com/mcpany/core/pkg/config/generator.go:307.49,309.3 1 0
github.com/mcpany/core/pkg/config/generator.go:311.2,311.25 1 1
github.com/mcpany/core/pkg/config/github.go:55.67,57.16 2 6
github.com/mcpany/core/pkg/config/github.go:57.16,59.3 1 0
github.com/mcpany/core/pkg/config/github.go:61.2,64.22 3 6
github.com/mcpany/core/pkg/config/github.go:64.22,66.3 1 1
github.com/mcpany/core/pkg/config/github.go:68.2,69.42 2 5
github.com/mcpany/core/pkg/config/github.go:69.42,71.3 1 1
github.com/mcpany/core/pkg/config/github.go:73.2,74.15 2 5
github.com/mcpany/core/pkg/config/github.go:74.15,76.3 1 1
github.com/mcpany/core/pkg/config/github.go:78.2,92.8 1 5
github.com/mcpany/core/pkg/config/github.go:95.38,98.2 2 26
github.com/mcpany/core/pkg/config/github.go:104.43,106.2 1 1
github.com/mcpany/core/pkg/config/github.go:128.102,130.17 2 10
github.com/mcpany/core/pkg/config/github.go:130.17,132.3 1 9
github.com/mcpany/core/pkg/config/github.go:134.2,135.16 2 10
github.com/mcpany/core/pkg/config/github.go:135.16,137.3 1 0
github.com/mcpany/core/pkg/config/github.go:139.2,139.57 1 10
github.com/mcpany/core/pkg/config/github.go:139.57,141.3 1 0
github.com/mcpany/core/pkg/config/github.go:143.2,144.16 2 10
github.com/mcpany/core/pkg/config/github.go:144.16,146.3 1 1
github.com/mcpany/core/pkg/config/github.go:147.2,147.15 1 9
github.com/mcpany/core/pkg/config/github.go:147.15,147.40 1 9
github.com/mcpany/core/pkg/config/github.go:149.2,149.38 1 9
github.com/mcpany/core/pkg/config/github.go:149.38,151.3 1 1
github.com/mcpany/core/pkg/config/github.go:153.2,154.16 2 8
github.com/mcpany/core/pkg/config/github.go:154.16,156.3 1 0
github.com/mcpany/core/pkg/config/github.go:158.2,159.56 2 8
github.com/mcpany/core/pkg/config/github.go:159.56,161.56 2 1
github.com/mcpany/core/pkg/config/github.go:161.56,163.4 1 0
github.com/mcpany/core/pkg/config/github.go:164.3,164.39 1 1
github.com/mcpany/core/pkg/config/github.go:167.2,167.22 1 8
github.com/mcpany/core/pkg/config/github.go:170.102,171.17 1 10
github.com/mcpany/core/pkg/config/github.go:171.17,173.3 1 5
github.com/mcpany/core/pkg/config/github.go:175.2,175.47 1 5
github.com/mcpany/core/pkg/config/github.go:175.47,177.17 2 1
github.com/mcpany/core/pkg/config/github.go:177.17,179.4 1 0
github.com/mcpany/core/pkg/config/github.go:180.3,180.54 1 1
github.com/mcpany/core/pkg/config/github.go:181.8,181.69 1 4
github.com/mcpany/core/pkg/config/github.go:181.69,183.17 2 3
github.com/mcpany/core/pkg/config/github.go:183.17,185.4 1 0
github.com/mcpany/core/pkg/config/github.go:186.3,186.56 1 3
github.com/mcpany/core/pkg/config/github.go:187.8,187.63 1 1
github.com/mcpany/core/pkg/config/github.go:187.63,189.17 2 1
github.com/mcpany/core/pkg/config/github.go:189.17,191.4 1 0
github.com/mcpany/core/pkg/config/github.go:192.3,192.59 1 1
github.com/mcpany/core/pkg/config/github.go:195.2,195.12 1 5
github.com/mcpany/core/pkg/config/load.go:30.89,34.16 3 17
github.com/mcpany/core/pkg/config/load.go:34.16,36.3 1 6
github.com/mcpany/core/pkg/config/load.go:38.2,38.23 1 11
github.com/mcpany/core/pkg/config/load.go:38.23,41.3 2 1
github.com/mcpany/core/pkg/config/load.go:44.2,45.24 2 11
github.com/mcpany/core/pkg/config/load.go:45.24,47.3 1 10
github.com/mcpany/core/pkg/config/load.go:49.2,51.16 3 11
github.com/mcpany/core/pkg/config/load.go:51.16,53.3 1 1
github.com/mcpany/core/pkg/config/load.go:54.2,57.37 2 10
github.com/mcpany/core/pkg/config/load.go:57.37,60.56 3 10
github.com/mcpany/core/pkg/config/load.go:60.56,61.40 1 7
github.com/mcpany/core/pkg/config/load.go:61.40,62.24 1 1
github.com/mcpany/core/pkg/config/load.go:62.24,64.6 1 1
github.com/mcpany/core/pkg/config/load.go:67.3,68.33 2 10
github.com/mcpany/core/pkg/config/load.go:68.33,70.4 1 1
github.com/mcpany/core/pkg/config/load.go:72.3,77.19 3 10
github.com/mcpany/core/pkg/config/load.go:77.19,88.4 2 1
github.com/mcpany/core/pkg/config/load.go:89.3,89.51 1 10
github.com/mcpany/core/pkg/config/load.go:92.2,93.20 2 10
github.com/mcpany/core/pkg/config/load.go:94.16,95.14 1 9
github.com/mcpany/core/pkg/config/load.go:96.16,97.14 1 0
github.com/mcpany/core/pkg/config/load.go:98.10,100.64 2 1
github.com/mcpany/core/pkg/config/load.go:103.2,103.77 1 9
github.com/mcpany/core/pkg/config/load.go:103.77,105.38 2 1
github.com/mcpany/core/pkg/config/load.go:105.38,108.4 2 1
github.com/mcpany/core/pkg/config/load.go:109.3,109.92 1 1
github.com/mcpany/core/pkg/config/load.go:112.2,112.47 1 8
github.com/mcpany/core/pkg/config/load.go:112.47,114.3 1 6
github.com/mcpany/core/pkg/config/load.go:115.2,115.24 1 8
github.com/mcpany/core/pkg/config/manager.go:37.82,38.31 1 36
github.com/mcpany/core/pkg/config/manager.go:38.31,40.3 1 19
github.com/mcpany/core/pkg/config/manager.go:41.2,52.3 1 36
github.com/mcpany/core/pkg/config/manager.go:57.156,59.55 1 35
github.com/mcpany/core/pkg/config/manager.go:59.55,60.50 1 41
github.com/mcpany/core/pkg/config/manager.go:60.50,62.4 1 1
github.com/mcpany/core/pkg/config/manager.go:66.2,66.68 1 34
github.com/mcpany/core/pkg/config/manager.go:66.68,67.67 1 18
github.com/mcpany/core/pkg/config/manager.go:67.67,70.4 1 6
github.com/mcpany/core/pkg/config/manager.go:74.2,75.37 2 34
github.com/mcpany/core/pkg/config/manager.go:75.37,77.3 1 37
github.com/mcpany/core/pkg/config/manager.go:78.2,78.43 1 34
github.com/mcpany/core/pkg/config/manager.go:78.43,80.3 1 12
github.com/mcpany/core/pkg/config/manager.go:81.2,81.22 1 34
github.com/mcpany/core/pkg/config/manager.go:84.132,85.42 1 23
github.com/mcpany/core/pkg/config/manager.go:85.42,87.17 2 6
github.com/mcpany/core/pkg/config/manager.go:87.17,89.4 1 1
github.com/mcpany/core/pkg/config/manager.go:91.3,91.26 1 5
github.com/mcpany/core/pkg/config/manager.go:91.26,93.4 1 0
github.com/mcpany/core/pkg/config/manager.go:95.3,96.17 2 5
github.com/mcpany/core/pkg/config/manager.go:96.17,98.4 1 1
github.com/mcpany/core/pkg/config/manager.go:100.3,100.36 1 4
github.com/mcpany/core/pkg/config/manager.go:100.36,101.29 1 6
github.com/mcpany/core/pkg/config/manager.go:101.29,108.72 2 2
github.com/mcpany/core/pkg/config/manager.go:108.72,110.6 1 0
github.com/mcpany/core/pkg/config/manager.go:111.10,111.37 1 4
github.com/mcpany/core/pkg/config/manager.go:111.37,112.148 1 4
github.com/mcpany/core/pkg/config/manager.go:112.148,113.14 1 1
github.com/mcpany/core/pkg/config/manager.go:115.5,115.79 1 3
github.com/mcpany/core/pkg/config/manager.go:115.79,117.6 1 0
github.com/mcpany/core/pkg/config/manager.go:120.3,120.13 1 4
github.com/mcpany/core/pkg/config/manager.go:123.2,123.64 1 17
github.com/mcpany/core/pkg/config/manager.go:126.133,128.16 2 20
github.com/mcpany/core/pkg/config/manager.go:128.16,130.3 1 1
github.com/mcpany/core/pkg/config/manager.go:132.2,132.57 1 19
github.com/mcpany/core/pkg/config/manager.go:132.57,133.58 1 6
github.com/mcpany/core/pkg/config/manager.go:133.58,135.4 1 0
github.com/mcpany/core/pkg/config/manager.go:138.2,139.16 2 19
github.com/mcpany/core/pkg/config/manager.go:139.16,141.3 1 1
github.com/mcpany/core/pkg/config/manager.go:142.2,142.15 1 18
github.com/mcpany/core/pkg/config/manager.go:142.15,142.40 1 18
github.com/mcpany/core/pkg/config/manager.go:144.2,144.38 1 18
github.com/mcpany/core/pkg/config/manager.go:144.38,146.3 1 3
github.com/mcpany/core/pkg/config/manager.go:148.2,149.16 2 15
github.com/mcpany/core/pkg/config/manager.go:149.16,151.3 1 0
github.com/mcpany/core/pkg/config/manager.go:153.2,155.74 3 15
github.com/mcpany/core/pkg/config/manager.go:155.74,157.3 1 1
github.com/mcpany/core/pkg/config/manager.go:159.2,159.35 1 14
github.com/mcpany/core/pkg/config/manager.go:159.35,161.28 2 14
github.com/mcpany/core/pkg/config/manager.go:161.28,163.4 1 0
github.com/mcpany/core/pkg/config/manager.go:164.3,164.57 1 14
github.com/mcpany/core/pkg/config/manager.go:164.57,166.4 1 1
github.com/mcpany/core/pkg/config/manager.go:169.2,170.12 2 14
github.com/mcpany/core/pkg/config/manager.go:173.136,177.21 3 22
github.com/mcpany/core/pkg/config/manager.go:178.26,179.18 1 15
github.com/mcpany/core/pkg/config/manager.go:180.44,182.65 2 3
github.com/mcpany/core/pkg/config/manager.go:182.65,184.4 1 1
github.com/mcpany/core/pkg/config/manager.go:185.3,186.13 2 2
github.com/mcpany/core/pkg/config/manager.go:187.10,190.17 2 4
github.com/mcpany/core/pkg/config/manager.go:190.17,192.4 1 1
github.com/mcpany/core/pkg/config/manager.go:195.2,195.49 1 18
github.com/mcpany/core/pkg/config/manager.go:198.117,200.64 2 18
github.com/mcpany/core/pkg/config/manager.go:200.64,203.67 2 1
github.com/mcpany/core/pkg/config/manager.go:203.67,206.4 2 0
github.com/mcpany/core/pkg/config/manager.go:207.3,207.61 1 1
github.com/mcpany/core/pkg/config/manager.go:210.2,210.41 1 17
github.com/mcpany/core/pkg/config/manager.go:210.41,212.67 2 2
github.com/mcpany/core/pkg/config/manager.go:212.67,213.37 1 2
github.com/mcpany/core/pkg/config/manager.go:213.37,216.5 2 1
github.com/mcpany/core/pkg/config/manager.go:221.2,221.56 1 16
github.com/mcpany/core/pkg/config/manager.go:221.56,222.55 1 1
github.com/mcpany/core/pkg/config/manager.go:222.55,224.4 1 1
github.com/mcpany/core/pkg/config/manager.go:225.3,225.86 1 0
github.com/mcpany/core/pkg/config/manager.go:228.2,229.12 2 15
github.com/mcpany/core/pkg/config/manager.go:232.118,233.17 1 7
github.com/mcpany/core/pkg/config/manager.go:233.17,235.3 1 0
github.com/mcpany/core/pkg/config/manager.go:237.2,237.47 1 7
github.com/mcpany/core/pkg/config/manager.go:237.47,239.17 2 3
github.com/mcpany/core/pkg/config/manager.go:239.17,241.4 1 1
github.com/mcpany/core/pkg/config/manager.go:242.3,242.54 1 2
github.com/mcpany/core/pkg/config/manager.go:243.8,243.69 1 4
github.com/mcpany/core/pkg/config/manager.go:243.69,245.17 2 3
github.com/mcpany/core/pkg/config/manager.go:245.17,247.4 1 0
github.com/mcpany/core/pkg/config/manager.go:248.3,248.56 1 3
github.com/mcpany/core/pkg/config/manager.go:249.8,249.63 1 1
github.com/mcpany/core/pkg/config/manager.go:249.63,251.17 2 1
github.com/mcpany/core/pkg/config/manager.go:251.17,253.4 1 0
github.com/mcpany/core/pkg/config/manager.go:254.3,254.59 1 1
github.com/mcpany/core/pkg/config/manager.go:257.2,257.12 1 6
github.com/mcpany/core/pkg/config/manager.go:260.108,261.20 1 55
github.com/mcpany/core/pkg/config/manager.go:261.20,263.3 1 0
github.com/mcpany/core/pkg/config/manager.go:266.2,267.31 2 55
github.com/mcpany/core/pkg/config/manager.go:267.31,270.3 1 35
github.com/mcpany/core/pkg/config/manager.go:272.2,273.37 2 55
github.com/mcpany/core/pkg/config/manager.go:273.37,275.45 1 58
github.com/mcpany/core/pkg/config/manager.go:275.45,277.4 1 44
github.com/mcpany/core/pkg/config/manager.go:278.3,278.40 1 58
github.com/mcpany/core/pkg/config/manager.go:278.40,279.46 1 60
github.com/mcpany/core/pkg/config/manager.go:279.46,281.10 2 45
github.com/mcpany/core/pkg/config/manager.go:284.3,284.14 1 58
github.com/mcpany/core/pkg/config/manager.go:284.14,285.9 1 45
github.com/mcpany/core/pkg/config/manager.go:289.2,289.14 1 55
github.com/mcpany/core/pkg/config/manager.go:289.14,292.3 2 10
github.com/mcpany/core/pkg/config/manager.go:294.2,295.74 2 45
github.com/mcpany/core/pkg/config/manager.go:295.74,296.10 1 6
github.com/mcpany/core/pkg/config/manager.go:297.36,301.146 3 2
github.com/mcpany/core/pkg/config/manager.go:302.37,304.70 1 2
github.com/mcpany/core/pkg/config/manager.go:305.11,307.150 1 2
github.com/mcpany/core/pkg/config/manager.go:309.8,314.3 3 39
github.com/mcpany/core/pkg/config/manager.go:315.2,315.12 1 43
github.com/mcpany/core/pkg/config/proto_schema.go:19.84,33.2 4 1
github.com/mcpany/core/pkg/config/proto_schema.go:35.82,40.16 4 3
github.com/mcpany/core/pkg/config/proto_schema.go:40.16,42.3 1 1
github.com/mcpany/core/pkg/config/proto_schema.go:44.2,44.80 1 2
github.com/mcpany/core/pkg/config/proto_schema.go:44.80,46.3 1 0
github.com/mcpany/core/pkg/config/proto_schema.go:47.2,47.30 1 2
github.com/mcpany/core/pkg/config/proto_schema.go:52.26,58.43 3 215
github.com/mcpany/core/pkg/config/proto_schema.go:58.43,60.3 1 122
github.com/mcpany/core/pkg/config/proto_schema.go:63.2,68.12 4 93
github.com/mcpany/core/pkg/config/proto_schema.go:73.26,74.51 1 93
github.com/mcpany/core/pkg/config/proto_schema.go:74.51,79.3 1 1
github.com/mcpany/core/pkg/config/proto_schema.go:80.2,80.49 1 92
github.com/mcpany/core/pkg/config/proto_schema.go:80.49,85.3 1 1
github.com/mcpany/core/pkg/config/proto_schema.go:87.2,89.36 3 91
github.com/mcpany/core/pkg/config/proto_schema.go:89.36,92.22 3 421
github.com/mcpany/core/pkg/config/proto_schema.go:92.22,94.4 1 0
github.com/mcpany/core/pkg/config/proto_schema.go:96.3,96.54 1 421
github.com/mcpany/core/pkg/config/proto_schema.go:99.2,105.3 1 91
github.com/mcpany/core/pkg/config/proto_schema.go:110.26,111.19 1 421
github.com/mcpany/core/pkg/config/proto_schema.go:111.19,117.3 2 15
github.com/mcpany/core/pkg/config/proto_schema.go:119.2,119.20 1 406
github.com/mcpany/core/pkg/config/proto_schema.go:119.20,124.3 1 53
github.com/mcpany/core/pkg/config/proto_schema.go:126.2,126.40 1 353
github.com/mcpany/core/pkg/config/proto_schema.go:131.26,132.22 1 421
github.com/mcpany/core/pkg/config/proto_schema.go:133.32,134.47 1 214
github.com/mcpany/core/pkg/config/proto_schema.go:135.31,136.50 1 148
github.com/mcpany/core/pkg/config/proto_schema.go:137.29,138.51 1 25
github.com/mcpany/core/pkg/config/proto_schema.go:140.55,141.51 1 10
github.com/mcpany/core/pkg/config/proto_schema.go:144.29,145.50 1 3
github.com/mcpany/core/pkg/config/proto_schema.go:146.55,147.50 1 4
github.com/mcpany/core/pkg/config/proto_schema.go:148.30,149.79 1 1
github.com/mcpany/core/pkg/config/proto_schema.go:150.29,151.50 1 16
github.com/mcpany/core/pkg/config/proto_schema.go:153.2,153.33 1 0
github.com/mcpany/core/pkg/config/schema_validation.go:22.49,23.23 1 9
github.com/mcpany/core/pkg/config/schema_validation.go:23.23,28.17 4 1
github.com/mcpany/core/pkg/config/schema_validation.go:28.17,31.4 2 0
github.com/mcpany/core/pkg/config/schema_validation.go:33.2,33.37 1 9
github.com/mcpany/core/pkg/config/schema_validation.go:37.74,39.16 2 9
github.com/mcpany/core/pkg/config/schema_validation.go:39.16,41.3 1 0
github.com/mcpany/core/pkg/config/schema_validation.go:43.2,43.51 1 9
github.com/mcpany/core/pkg/config/schema_validation.go:43.51,45.3 1 2
github.com/mcpany/core/pkg/config/schema_validation.go:46.2,46.12 1 7
github.com/mcpany/core/pkg/config/settings.go:43.33,44.17 1 26
github.com/mcpany/core/pkg/config/settings.go:44.17,48.3 1 1
github.com/mcpany/core/pkg/config/settings.go:49.2,49.23 1 26
github.com/mcpany/core/pkg/config/settings.go:53.64,64.28 7 11
github.com/mcpany/core/pkg/config/settings.go:64.28,66.3 1 7
github.com/mcpany/core/pkg/config/settings.go:68.2,69.58 2 11
github.com/mcpany/core/pkg/config/settings.go:69.58,71.17 2 2
github.com/mcpany/core/pkg/config/settings.go:71.17,73.4 1 0
github.com/mcpany/core/pkg/config/settings.go:76.3,76.16 1 2
github.com/mcpany/core/pkg/config/settings.go:77.8,77.35 1 9
github.com/mcpany/core/pkg/config/settings.go:77.35,79.3 1 1
github.com/mcpany/core/pkg/config/settings.go:80.2,90.74 9 11
github.com/mcpany/core/pkg/config/settings.go:90.74,93.17 3 2
github.com/mcpany/core/pkg/config/settings.go:93.17,95.4 1 0
github.com/mcpany/core/pkg/config/settings.go:96.3,96.58 1 2
github.com/mcpany/core/pkg/config/settings.go:96.58,98.4 1 1
github.com/mcpany/core/pkg/config/settings.go:100.2,105.12 5 11
github.com/mcpany/core/pkg/config/settings.go:109.66,112.65 3 11
github.com/mcpany/core/pkg/config/settings.go:112.65,114.3 1 7
github.com/mcpany/core/pkg/config/settings.go:115.2,115.48 1 4
github.com/mcpany/core/pkg/config/settings.go:119.38,121.2 1 3
github.com/mcpany/core/pkg/config/settings.go:124.46,126.34 2 9
github.com/mcpany/core/pkg/config/settings.go:126.34,128.3 1 4
github.com/mcpany/core/pkg/config/settings.go:129.2,129.13 1 9
github.com/mcpany/core/pkg/config/settings.go:133.50,135.2 1 1
github.com/mcpany/core/pkg/config/settings.go:138.33,140.2 1 3
github.com/mcpany/core/pkg/config/settings.go:143.43,145.2 1 1
github.com/mcpany/core/pkg/config/settings.go:148.35,150.2 1 17
github.com/mcpany/core/pkg/config/settings.go:153.37,155.2 1 2
github.com/mcpany/core/pkg/config/settings.go:158.52,160.2 1 1
github.com/mcpany/core/pkg/config/settings.go:163.36,164.31 1 23
github.com/mcpany/core/pkg/config/settings.go:164.31,166.3 1 2
github.com/mcpany/core/pkg/config/settings.go:167.2,167.35 1 21
github.com/mcpany/core/pkg/config/settings.go:171.42,173.2 1 1
github.com/mcpany/core/pkg/config/settings.go:176.40,177.29 1 12
github.com/mcpany/core/pkg/config/settings.go:177.29,179.3 1 2
github.com/mcpany/core/pkg/config/settings.go:180.2,180.26 1 10
github.com/mcpany/core/pkg/config/settings.go:180.26,182.3 1 1
github.com/mcpany/core/pkg/config/settings.go:183.2,183.19 1 9
github.com/mcpany/core/pkg/config/settings.go:187.64,188.17 1 14
github.com/mcpany/core/pkg/config/settings.go:188.17,190.3 1 8
github.com/mcpany/core/pkg/config/settings.go:192.2,193.64 2 6
github.com/mcpany/core/pkg/config/settings.go:193.64,195.3 1 1
github.com/mcpany/core/pkg/config/settings.go:197.2,197.22 1 5
github.com/mcpany/core/pkg/config/settings.go:197.22,204.3 1 1
github.com/mcpany/core/pkg/config/settings.go:205.2,205.47 1 5
github.com/mcpany/core/pkg/config/store.go:46.45,48.13 2 49
github.com/mcpany/core/pkg/config/store.go:49.15,50.28 1 4
github.com/mcpany/core/pkg/config/store.go:51.23,52.28 1 23
github.com/mcpany/core/pkg/config/store.go:53.51,54.33 1 20
github.com/mcpany/core/pkg/config/store.go:55.10,56.90 1 2
github.com/mcpany/core/pkg/config/store.go:68.65,71.52 2 10
github.com/mcpany/core/pkg/config/store.go:71.52,73.3 1 1
github.com/mcpany/core/pkg/config/store.go:77.2,80.71 2 9
github.com/mcpany/core/pkg/config/store.go:80.71,81.45 1 7
github.com/mcpany/core/pkg/config/store.go:81.45,82.44 1 2
github.com/mcpany/core/pkg/config/store.go:82.44,84.5 1 2
github.com/mcpany/core/pkg/config/store.go:89.2,90.16 2 9
github.com/mcpany/core/pkg/config/store.go:90.16,92.3 1 1
github.com/mcpany/core/pkg/config/store.go:95.2,95.57 1 8
github.com/mcpany/core/pkg/config/store.go:95.57,97.3 1 2
github.com/mcpany/core/pkg/config/store.go:102.2,103.16 2 6
github.com/mcpany/core/pkg/config/store.go:103.16,105.3 1 0
github.com/mcpany/core/pkg/config/store.go:106.2,107.69 2 6
github.com/mcpany/core/pkg/config/store.go:107.69,109.3 1 0
github.com/mcpany/core/pkg/config/store.go:111.2,111.66 1 6
github.com/mcpany/core/pkg/config/store.go:111.66,113.3 1 0
github.com/mcpany/core/pkg/config/store.go:115.2,115.12 1 6
github.com/mcpany/core/pkg/config/store.go:123.70,125.2 1 10
github.com/mcpany/core/pkg/config/store.go:131.65,133.2 1 1
github.com/mcpany/core/pkg/config/store.go:145.30,146.65 1 23
github.com/mcpany/core/pkg/config/store.go:146.65,151.22 5 4
github.com/mcpany/core/pkg/config/store.go:151.22,153.4 1 2
github.com/mcpany/core/pkg/config/store.go:154.3,154.21 1 2
github.com/mcpany/core/pkg/config/store.go:154.21,156.4 1 1
github.com/mcpany/core/pkg/config/store.go:157.3,157.15 1 1
github.com/mcpany/core/pkg/config/store.go:179.59,181.2 1 30
github.com/mcpany/core/pkg/config/store.go:193.66,197.16 3 25
github.com/mcpany/core/pkg/config/store.go:197.16,199.3 1 1
github.com/mcpany/core/pkg/config/store.go:201.2,201.33 1 24
github.com/mcpany/core/pkg/config/store.go:201.33,204.18 3 26
github.com/mcpany/core/pkg/config/store.go:204.18,206.18 2 7
github.com/mcpany/core/pkg/config/store.go:206.18,208.5 1 5
github.com/mcpany/core/pkg/config/store.go:209.9,211.18 2 19
github.com/mcpany/core/pkg/config/store.go:211.18,213.5 1 0
github.com/mcpany/core/pkg/config/store.go:216.3,216.18 1 21
github.com/mcpany/core/pkg/config/store.go:216.18,217.12 1 1
github.com/mcpany/core/pkg/config/store.go:220.3,223.17 3 20
github.com/mcpany/core/pkg/config/store.go:223.17,225.4 1 0
github.com/mcpany/core/pkg/config/store.go:227.3,228.50 2 20
github.com/mcpany/core/pkg/config/store.go:228.50,229.55 1 4
github.com/mcpany/core/pkg/config/store.go:229.55,232.39 2 1
github.com/mcpany/core/pkg/config/store.go:232.39,233.70 1 1
github.com/mcpany/core/pkg/config/store.go:233.70,234.34 1 1
github.com/mcpany/core/pkg/config/store.go:234.34,235.57 1 1
github.com/mcpany/core/pkg/config/store.go:235.57,236.53 1 1
github.com/mcpany/core/pkg/config/store.go:236.53,240.40 3 1
github.com/mcpany/core/pkg/config/store.go:240.40,241.38 1 8
github.com/mcpany/core/pkg/config/store.go:241.38,243.12 1 2
github.com/mcpany/core/pkg/config/store.go:245.10,245.22 1 1
github.com/mcpany/core/pkg/config/store.go:245.22,247.11 1 1
github.com/mcpany/core/pkg/config/store.go:254.4,254.79 1 3
github.com/mcpany/core/pkg/config/store.go:257.3,257.26 1 16
github.com/mcpany/core/pkg/config/store.go:257.26,259.4 1 14
github.com/mcpany/core/pkg/config/store.go:259.9,261.4 1 2
github.com/mcpany/core/pkg/config/store.go:264.2,264.26 1 15
github.com/mcpany/core/pkg/config/store.go:270.82,272.18 2 3
github.com/mcpany/core/pkg/config/store.go:272.18,274.5 1 0
github.com/mcpany/core/pkg/config/store.go:276.4,277.18 2 3
github.com/mcpany/core/pkg/config/store.go:277.18,279.5 1 0
github.com/mcpany/core/pkg/config/store.go:281.4,282.27 2 3
github.com/mcpany/core/pkg/config/store.go:282.27,283.69 1 3
github.com/mcpany/core/pkg/config/store.go:283.69,285.6 1 3
github.com/mcpany/core/pkg/config/store.go:287.5,287.23 1 0
github.com/mcpany/core/pkg/config/store.go:287.23,289.6 1 0
github.com/mcpany/core/pkg/config/store.go:292.4,292.22 1 0
github.com/mcpany/core/pkg/config/store.go:292.22,294.5 1 0
github.com/mcpany/core/pkg/config/store.go:296.4,296.62 1 0
github.com/mcpany/core/pkg/config/store.go:299.64,301.3 1 0
github.com/mcpany/core/pkg/config/store.go:304.42,306.16 2 8
github.com/mcpany/core/pkg/config/store.go:306.16,308.3 1 0
github.com/mcpany/core/pkg/config/store.go:310.2,311.16 2 8
github.com/mcpany/core/pkg/config/store.go:311.16,313.3 1 3
github.com/mcpany/core/pkg/config/store.go:315.2,315.15 1 5
github.com/mcpany/core/pkg/config/store.go:315.15,315.40 1 5
github.com/mcpany/core/pkg/config/store.go:318.2,318.54 1 5
github.com/mcpany/core/pkg/config/store.go:318.54,320.3 1 1
github.com/mcpany/core/pkg/config/store.go:322.2,322.38 1 4
github.com/mcpany/core/pkg/config/store.go:322.38,324.3 1 1
github.com/mcpany/core/pkg/config/store.go:327.2,328.30 2 3
github.com/mcpany/core/pkg/config/store.go:332.58,334.31 2 30
github.com/mcpany/core/pkg/config/store.go:334.31,335.18 1 31
github.com/mcpany/core/pkg/config/store.go:335.18,337.12 2 8
github.com/mcpany/core/pkg/config/store.go:339.3,340.17 2 23
github.com/mcpany/core/pkg/config/store.go:340.17,342.4 1 2
github.com/mcpany/core/pkg/config/store.go:344.3,344.19 1 21
github.com/mcpany/core/pkg/config/store.go:344.19,345.82 1 3
github.com/mcpany/core/pkg/config/store.go:345.82,346.19 1 15
github.com/mcpany/core/pkg/config/store.go:346.19,348.6 1 0
github.com/mcpany/core/pkg/config/store.go:349.5,349.20 1 15
github.com/mcpany/core/pkg/config/store.go:349.20,350.44 1 11
github.com/mcpany/core/pkg/config/store.go:350.44,352.7 1 10
github.com/mcpany/core/pkg/config/store.go:354.5,354.15 1 15
github.com/mcpany/core/pkg/config/store.go:356.4,356.18 1 3
github.com/mcpany/core/pkg/config/store.go:356.18,358.5 1 0
github.com/mcpany/core/pkg/config/store.go:359.9,360.45 1 18
github.com/mcpany/core/pkg/config/store.go:360.45,362.5 1 17
github.com/mcpany/core/pkg/config/store.go:365.2,366.19 2 28
github.com/mcpany/core/pkg/config/store.go:369.30,371.2 1 60
github.com/mcpany/core/pkg/config/store.go:376.45,377.35 1 9
github.com/mcpany/core/pkg/config/store.go:377.35,378.42 1 4
github.com/mcpany/core/pkg/config/store.go:378.42,379.12 1 1
github.com/mcpany/core/pkg/config/store.go:382.3,383.22 2 3
github.com/mcpany/core/pkg/config/store.go:383.22,384.12 1 0
github.com/mcpany/core/pkg/config/store.go:386.3,395.40 6 3
github.com/mcpany/core/pkg/config/store.go:395.40,397.24 2 6
github.com/mcpany/core/pkg/config/store.go:397.24,401.5 1 3
github.com/mcpany/core/pkg/config/store.go:401.10,403.66 1 3
github.com/mcpany/core/pkg/config/store.go:403.66,405.6 1 2
github.com/mcpany/core/pkg/config/store.go:405.11,410.6 3 1
github.com/mcpany/core/pkg/config/validator.go:38.42,40.2 1 60
github.com/mcpany/core/pkg/config/validator.go:54.93,58.49 3 81
github.com/mcpany/core/pkg/config/validator.go:58.49,59.64 1 8
github.com/mcpany/core/pkg/config/validator.go:59.64,64.4 1 5
github.com/mcpany/core/pkg/config/validator.go:67.2,67.55 1 81
github.com/mcpany/core/pkg/config/validator.go:67.55,68.59 1 73
github.com/mcpany/core/pkg/config/validator.go:68.59,73.4 1 0
github.com/mcpany/core/pkg/config/validator.go:74.3,76.58 2 73
github.com/mcpany/core/pkg/config/validator.go:76.58,81.4 1 57
github.com/mcpany/core/pkg/config/validator.go:84.2,84.25 1 81
github.com/mcpany/core/pkg/config/validator.go:87.87,88.20 1 8
github.com/mcpany/core/pkg/config/validator.go:89.14,90.37 1 6
github.com/mcpany/core/pkg/config/validator.go:90.37,91.82 1 1
github.com/mcpany/core/pkg/config/validator.go:91.82,93.5 1 0
github.com/mcpany/core/pkg/config/validator.go:95.14,96.55 1 2
github.com/mcpany/core/pkg/config/validator.go:96.55,98.4 1 2
github.com/mcpany/core/pkg/config/validator.go:101.2,101.43 1 6
github.com/mcpany/core/pkg/config/validator.go:101.43,102.44 1 4
github.com/mcpany/core/pkg/config/validator.go:102.44,103.32 1 3
github.com/mcpany/core/pkg/config/validator.go:103.32,105.5 1 3
github.com/mcpany/core/pkg/config/validator.go:108.2,108.12 1 3
github.com/mcpany/core/pkg/config/validator.go:112.69,114.2 1 2
github.com/mcpany/core/pkg/config/validator.go:116.77,117.95 1 75
github.com/mcpany/core/pkg/config/validator.go:117.95,119.3 1 2
github.com/mcpany/core/pkg/config/validator.go:121.2,121.55 1 73
github.com/mcpany/core/pkg/config/validator.go:121.55,123.3 1 34
github.com/mcpany/core/pkg/config/validator.go:125.2,125.31 1 39
github.com/mcpany/core/pkg/config/validator.go:125.31,126.89 1 1
github.com/mcpany/core/pkg/config/validator.go:126.89,128.4 1 1
github.com/mcpany/core/pkg/config/validator.go:131.2,131.74 1 38
github.com/mcpany/core/pkg/config/validator.go:131.74,132.68 1 29
github.com/mcpany/core/pkg/config/validator.go:132.68,134.4 1 21
github.com/mcpany/core/pkg/config/validator.go:136.2,136.12 1 17
github.com/mcpany/core/pkg/config/validator.go:139.75,140.65 1 73
github.com/mcpany/core/pkg/config/validator.go:140.65,142.3 1 35
github.com/mcpany/core/pkg/config/validator.go:142.8,142.87 1 38
github.com/mcpany/core/pkg/config/validator.go:142.87,144.3 1 7
github.com/mcpany/core/pkg/config/validator.go:144.8,144.72 1 31
github.com/mcpany/core/pkg/config/validator.go:144.72,146.3 1 9
github.com/mcpany/core/pkg/config/validator.go:146.8,146.81 1 22
github.com/mcpany/core/pkg/config/validator.go:146.81,148.3 1 8
github.com/mcpany/core/pkg/config/validator.go:148.8,148.93 1 14
github.com/mcpany/core/pkg/config/validator.go:148.93,150.3 1 4
github.com/mcpany/core/pkg/config/validator.go:150.8,150.69 1 10
github.com/mcpany/core/pkg/config/validator.go:150.69,152.3 1 10
github.com/mcpany/core/pkg/config/validator.go:153.2,153.12 1 0
github.com/mcpany/core/pkg/config/validator.go:156.75,157.36 1 35
github.com/mcpany/core/pkg/config/validator.go:157.36,159.3 1 1
github.com/mcpany/core/pkg/config/validator.go:160.2,160.54 1 34
github.com/mcpany/core/pkg/config/validator.go:160.54,162.3 1 1
github.com/mcpany/core/pkg/config/validator.go:163.2,164.47 2 33
github.com/mcpany/core/pkg/config/validator.go:164.47,166.3 1 2
github.com/mcpany/core/pkg/config/validator.go:168.2,168.49 1 31
github.com/mcpany/core/pkg/config/validator.go:168.49,169.63 1 2
github.com/mcpany/core/pkg/config/validator.go:169.63,171.4 1 1
github.com/mcpany/core/pkg/config/validator.go:172.3,172.64 1 1
github.com/mcpany/core/pkg/config/validator.go:172.64,174.4 1 0
github.com/mcpany/core/pkg/config/validator.go:176.2,176.12 1 30
github.com/mcpany/core/pkg/config/validator.go:179.90,180.41 1 7
github.com/mcpany/core/pkg/config/validator.go:180.41,182.3 1 2
github.com/mcpany/core/pkg/config/validator.go:183.2,183.59 1 5
github.com/mcpany/core/pkg/config/validator.go:183.59,185.3 1 0
github.com/mcpany/core/pkg/config/validator.go:186.2,187.43 2 5
github.com/mcpany/core/pkg/config/validator.go:187.43,189.3 1 2
github.com/mcpany/core/pkg/config/validator.go:191.2,191.54 1 3
github.com/mcpany/core/pkg/config/validator.go:191.54,192.63 1 3
github.com/mcpany/core/pkg/config/validator.go:192.63,194.4 1 1
github.com/mcpany/core/pkg/config/validator.go:195.3,195.64 1 2
github.com/mcpany/core/pkg/config/validator.go:195.64,197.4 1 1
github.com/mcpany/core/pkg/config/validator.go:199.2,199.12 1 1
github.com/mcpany/core/pkg/config/validator.go:202.75,203.36 1 9
github.com/mcpany/core/pkg/config/validator.go:203.36,205.3 1 2
github.com/mcpany/core/pkg/config/validator.go:207.2,207.49 1 7
github.com/mcpany/core/pkg/config/validator.go:207.49,208.63 1 3
github.com/mcpany/core/pkg/config/validator.go:208.63,210.4 1 1
github.com/mcpany/core/pkg/config/validator.go:211.3,211.64 1 2
github.com/mcpany/core/pkg/config/validator.go:211.64,213.4 1 1
github.com/mcpany/core/pkg/config/validator.go:215.2,215.12 1 5
github.com/mcpany/core/pkg/config/validator.go:218.84,219.117 1 8
github.com/mcpany/core/pkg/config/validator.go:219.117,221.3 1 2
github.com/mcpany/core/pkg/config/validator.go:222.2,222.94 1 6
github.com/mcpany/core/pkg/config/validator.go:222.94,224.3 1 2
github.com/mcpany/core/pkg/config/validator.go:225.2,225.94 1 4
github.com/mcpany/core/pkg/config/validator.go:225.94,227.3 1 3
github.com/mcpany/core/pkg/config/validator.go:228.2,228.12 1 1
github.com/mcpany/core/pkg/config/validator.go:231.96,232.43 1 4
github.com/mcpany/core/pkg/config/validator.go:232.43,234.3 1 3
github.com/mcpany/core/pkg/config/validator.go:235.2,235.12 1 1
github.com/mcpany/core/pkg/config/validator.go:238.72,239.42 1 10
github.com/mcpany/core/pkg/config/validator.go:240.55,242.38 2 3
github.com/mcpany/core/pkg/config/validator.go:242.38,244.4 1 2
github.com/mcpany/core/pkg/config/validator.go:245.3,245.56 1 1
github.com/mcpany/core/pkg/config/validator.go:245.56,247.4 1 1
github.com/mcpany/core/pkg/config/validator.go:248.56,250.39 2 5
github.com/mcpany/core/pkg/config/validator.go:250.39,252.4 1 2
github.com/mcpany/core/pkg/config/validator.go:253.10,254.58 1 2
github.com/mcpany/core/pkg/config/validator.go:257.2,257.48 1 3
github.com/mcpany/core/pkg/config/validator.go:257.48,258.63 1 2
github.com/mcpany/core/pkg/config/validator.go:258.63,260.4 1 1
github.com/mcpany/core/pkg/config/validator.go:261.3,261.64 1 1
github.com/mcpany/core/pkg/config/validator.go:261.64,263.4 1 1
github.com/mcpany/core/pkg/config/validator.go:265.2,265.12 1 1
github.com/mcpany/core/pkg/config/validator.go:268.88,269.38 1 29
github.com/mcpany/core/pkg/config/validator.go:270.51,271.52 1 4
github.com/mcpany/core/pkg/config/validator.go:272.56,273.62 1 3
github.com/mcpany/core/pkg/config/validator.go:274.54,275.54 1 5
github.com/mcpany/core/pkg/config/validator.go:276.49,277.48 1 16
github.com/mcpany/core/pkg/config/validator.go:279.2,279.12 1 1
github.com/mcpany/core/pkg/config/validator.go:282.68,283.34 1 4
github.com/mcpany/core/pkg/config/validator.go:283.34,285.3 1 1
github.com/mcpany/core/pkg/config/validator.go:286.2,287.16 2 3
github.com/mcpany/core/pkg/config/validator.go:287.16,289.3 1 1
github.com/mcpany/core/pkg/config/validator.go:290.2,290.23 1 2
github.com/mcpany/core/pkg/config/validator.go:290.23,292.3 1 1
github.com/mcpany/core/pkg/config/validator.go:293.2,293.12 1 1
github.com/mcpany/core/pkg/config/validator.go:296.83,298.16 2 3
github.com/mcpany/core/pkg/config/validator.go:298.16,300.3 1 1
github.com/mcpany/core/pkg/config/validator.go:301.2,301.22 1 2
github.com/mcpany/core/pkg/config/validator.go:301.22,303.3 1 1
github.com/mcpany/core/pkg/config/validator.go:304.2,304.12 1 1
github.com/mcpany/core/pkg/config/validator.go:307.69,308.35 1 5
github.com/mcpany/core/pkg/config/validator.go:308.35,310.3 1 2
github.com/mcpany/core/pkg/config/validator.go:311.2,312.16 2 3
github.com/mcpany/core/pkg/config/validator.go:312.16,314.3 1 1
github.com/mcpany/core/pkg/config/validator.go:315.2,315.25 1 2
github.com/mcpany/core/pkg/config/validator.go:315.25,317.3 1 1
github.com/mcpany/core/pkg/config/validator.go:318.2,318.12 1 1
github.com/mcpany/core/pkg/config/validator.go:321.62,322.36 1 16
github.com/mcpany/core/pkg/config/validator.go:322.36,324.3 1 0
github.com/mcpany/core/pkg/config/validator.go:325.2,325.35 1 16
github.com/mcpany/core/pkg/config/validator.go:325.35,327.3 1 0
github.com/mcpany/core/pkg/config/validator.go:328.2,328.74 1 16
github.com/mcpany/core/pkg/config/validator.go:328.74,330.3 1 3
github.com/mcpany/core/pkg/config/validator.go:331.2,331.73 1 13
[...]
github.com/mcpany/core/tests/integration/e2e_helpers.go:711.50,715.4 3 0
github.com/mcpany/core/tests/integration/e2e_helpers.go:716.3,717.14 2 0
github.com/mcpany/core/tests/integration/e2e_helpers.go:720.2,729.23 2 3
github.com/mcpany/core/tests/integration/e2e_helpers.go:729.23,731.26 2 3
github.com/mcpany/core/tests/integration/e2e_helpers.go:731.26,733.5 1 3
github.com/mcpany/core/tests/integration/e2e_helpers.go:740.53,746.16 4 8
github.com/mcpany/core/tests/integration/e2e_helpers.go:746.16,748.3 1 0
github.com/mcpany/core/tests/integration/e2e_helpers.go:748.8,750.58 1 8
github.com/mcpany/core/tests/integration/e2e_helpers.go:750.58,752.4 1 0
github.com/mcpany/core/tests/integration/e2e_helpers.go:752.9,756.55 4 8
github.com/mcpany/core/tests/integration/e2e_helpers.go:756.55,758.5 1 8
github.com/mcpany/core/tests/integration/e2e_helpers.go:758.10,760.5 1 0
github.com/mcpany/core/tests/integration/e2e_helpers.go:761.4,762.123 2 8
github.com/mcpany/core/tests/integration/e2e_helpers.go:766.2,773.20 7 8
github.com/mcpany/core/tests/integration/e2e_helpers.go:773.20,775.3 1 8
github.com/mcpany/core/tests/integration/e2e_helpers.go:776.2,776.25 1 8
github.com/mcpany/core/tests/integration/e2e_helpers.go:780.79,801.36 9 2
github.com/mcpany/core/tests/integration/e2e_helpers.go:801.36,807.17 5 2
github.com/mcpany/core/tests/integration/e2e_helpers.go:807.17,810.4 2 0
github.com/mcpany/core/tests/integration/e2e_helpers.go:811.3,811.50 1 2
github.com/mcpany/core/tests/integration/e2e_helpers.go:814.2,814.27 1 2
github.com/mcpany/core/tests/integration/e2e_helpers.go:818.125,839.57 12 8
github.com/mcpany/core/tests/integration/e2e_helpers.go:839.57,841.3 1 8
github.com/mcpany/core/tests/integration/e2e_helpers.go:842.2,842.74 1 8
github.com/mcpany/core/tests/integration/e2e_helpers.go:842.74,845.3 2 0
github.com/mcpany/core/tests/integration/e2e_helpers.go:845.8,849.3 2 8
github.com/mcpany/core/tests/integration/e2e_helpers.go:851.2,869.36 12 8
github.com/mcpany/core/tests/integration/e2e_helpers.go:869.36,871.23 2 16
github.com/mcpany/core/tests/integration/e2e_helpers.go:871.23,873.25 2 16
github.com/mcpany/core/tests/integration/e2e_helpers.go:873.25,874.73 1 8
github.com/mcpany/core/tests/integration/e2e_helpers.go:874.73,876.6 1 0
github.com/mcpany/core/tests/integration/e2e_helpers.go:879.3,879.23 1 16
github.com/mcpany/core/tests/integration/e2e_helpers.go:879.23,881.25 2 16
github.com/mcpany/core/tests/integration/e2e_helpers.go:881.25,882.73 1 8
github.com/mcpany/core/tests/integration/e2e_helpers.go:882.73,884.6 1 0
github.com/mcpany/core/tests/integration/e2e_helpers.go:898.3,899.33 2 16
github.com/mcpany/core/tests/integration/e2e_helpers.go:899.33,900.24 1 24
github.com/mcpany/core/tests/integration/e2e_helpers.go:900.24,902.10 2 0
github.com/mcpany/core/tests/integration/e2e_helpers.go:905.3,905.14 1 16
github.com/mcpany/core/tests/integration/e2e_helpers.go:905.14,908.4 1 0
github.com/mcpany/core/tests/integration/e2e_helpers.go:910.3,910.46 1 16
github.com/mcpany/core/tests/integration/e2e_helpers.go:914.2,918.22 4 8
github.com/mcpany/core/tests/integration/e2e_helpers.go:918.22,921.3 2 8
github.com/mcpany/core/tests/integration/e2e_helpers.go:922.2,922.22 1 8
github.com/mcpany/core/tests/integration/e2e_helpers.go:922.22,924.3 1 8
github.com/mcpany/core/tests/integration/e2e_helpers.go:926.2,930.37 4 8
github.com/mcpany/core/tests/integration/e2e_helpers.go:930.37,934.37 2 8
github.com/mcpany/core/tests/integration/e2e_helpers.go:934.37,939.22 5 8
github.com/mcpany/core/tests/integration/e2e_helpers.go:939.22,941.5 1 0
github.com/mcpany/core/tests/integration/e2e_helpers.go:942.4,943.65 2 8
github.com/mcpany/core/tests/integration/e2e_helpers.go:943.65,945.5 1 8
github.com/mcpany/core/tests/integration/e2e_helpers.go:946.4,946.51 1 0
github.com/mcpany/core/tests/integration/e2e_helpers.go:946.51,949.5 2 0
github.com/mcpany/core/tests/integration/e2e_helpers.go:950.4,950.15 1 0
github.com/mcpany/core/tests/integration/e2e_helpers.go:953.3,956.37 2 8
github.com/mcpany/core/tests/integration/e2e_helpers.go:956.37,960.18 4 8
github.com/mcpany/core/tests/integration/e2e_helpers.go:960.18,962.5 1 0
github.com/mcpany/core/tests/integration/e2e_helpers.go:963.4,964.18 2 8
github.com/mcpany/core/tests/integration/e2e_helpers.go:964.18,966.5 1 0
github.com/mcpany/core/tests/integration/e2e_helpers.go:967.4,967.17 1 8
github.com/mcpany/core/tests/integration/e2e_helpers.go:967.17,967.42 1 8
github.com/mcpany/core/tests/integration/e2e_helpers.go:968.4,968.15 1 8
github.com/mcpany/core/tests/integration/e2e_helpers.go:970.8,970.24 1 0
github.com/mcpany/core/tests/integration/e2e_helpers.go:970.24,973.3 1 0
github.com/mcpany/core/tests/integration/e2e_helpers.go:975.2,986.23 2 8
github.com/mcpany/core/tests/integration/e2e_helpers.go:986.23,988.26 2 8
github.com/mcpany/core/tests/integration/e2e_helpers.go:988.26,990.5 1 8
github.com/mcpany/core/tests/integration/e2e_helpers.go:991.4,992.17 2 8
github.com/mcpany/core/tests/integration/e2e_helpers.go:999.120,1007.2 7 1
github.com/mcpany/core/tests/integration/e2e_helpers.go:1010.194,1016.2 3 0
github.com/mcpany/core/tests/integration/e2e_helpers.go:1019.273,1024.84 4 0
github.com/mcpany/core/tests/integration/e2e_helpers.go:1024.84,1026.3 1 0
github.com/mcpany/core/tests/integration/e2e_helpers.go:1027.2,1046.23 6 0
github.com/mcpany/core/tests/integration/e2e_helpers.go:1046.23,1048.3 1 0
github.com/mcpany/core/tests/integration/e2e_helpers.go:1049.2,1056.118 4 0
github.com/mcpany/core/tests/integration/e2e_helpers.go:1060.173,1082.23 7 0
github.com/mcpany/core/tests/integration/e2e_helpers.go:1082.23,1084.3 1 0
github.com/mcpany/core/tests/integration/e2e_helpers.go:1085.2,1092.92 4 0
github.com/mcpany/core/tests/integration/e2e_helpers.go:1096.170,1118.23 7 0
github.com/mcpany/core/tests/integration/e2e_helpers.go:1118.23,1120.3 1 0
github.com/mcpany/core/tests/integration/e2e_helpers.go:1121.2,1128.89 4 0
github.com/mcpany/core/tests/integration/e2e_helpers.go:1132.190,1158.23 8 1
github.com/mcpany/core/tests/integration/e2e_helpers.go:1158.23,1160.3 1 0
github.com/mcpany/core/tests/integration/e2e_helpers.go:1161.2,1168.108 4 1
github.com/mcpany/core/tests/integration/e2e_helpers.go:1172.138,1179.2 6 0
github.com/mcpany/core/tests/integration/e2e_helpers.go:1182.165,1193.23 3 0
github.com/mcpany/core/tests/integration/e2e_helpers.go:1193.23,1195.3 1 0
github.com/mcpany/core/tests/integration/e2e_helpers.go:1196.2,1203.104 4 0
github.com/mcpany/core/tests/integration/e2e_helpers.go:1207.162,1210.2 2 0
github.com/mcpany/core/tests/integration/e2e_helpers.go:1213.253,1217.16 3 0
github.com/mcpany/core/tests/integration/e2e_helpers.go:1217.16,1219.25 2 0
github.com/mcpany/core/tests/integration/e2e_helpers.go:1219.25,1223.4 1 0
github.com/mcpany/core/tests/integration/e2e_helpers.go:1226.2,1253.42 9 0
github.com/mcpany/core/tests/integration/e2e_helpers.go:1257.185,1276.23 11 0
github.com/mcpany/core/tests/integration/e2e_helpers.go:1276.23,1278.3 1 0
github.com/mcpany/core/tests/integration/e2e_helpers.go:1279.2,1286.141 4 0
github.com/mcpany/core/tests/integration/e2e_helpers.go:1290.178,1295.84 4 0
github.com/mcpany/core/tests/integration/e2e_helpers.go:1295.84,1297.3 1 0
github.com/mcpany/core/tests/integration/e2e_helpers.go:1298.2,1317.23 7 0
github.com/mcpany/core/tests/integration/e2e_helpers.go:1317.23,1319.3 1 0
github.com/mcpany/core/tests/integration/e2e_helpers.go:1320.2,1344.15 11 0
github.com/mcpany/core/tests/integration/e2e_helpers.go:1344.15,1344.40 1 0
github.com/mcpany/core/tests/integration/e2e_helpers.go:1346.2,1356.93 6 0
github.com/mcpany/core/tests/integration/e2e_helpers.go:1366.42,1368.2 1 0
github.com/mcpany/core/tests/integration/e2e_helpers.go:1371.93,1378.16 2 0
github.com/mcpany/core/tests/integration/e2e_helpers.go:1378.16,1380.3 1 0
github.com/mcpany/core/tests/integration/e2e_helpers.go:1382.2,1383.16 2 0
github.com/mcpany/core/tests/integration/e2e_helpers.go:1383.16,1385.3 1 0
github.com/mcpany/core/tests/integration/e2e_helpers.go:1386.2,1390.16 4 0
github.com/mcpany/core/tests/integration/e2e_helpers.go:1390.16,1392.3 1 0
github.com/mcpany/core/tests/integration/e2e_helpers.go:1393.2,1393.15 1 0
github.com/mcpany/core/tests/integration/e2e_helpers.go:1393.15,1393.40 1 0
github.com/mcpany/core/tests/integration/e2e_helpers.go:1395.2,1395.38 1 0
github.com/mcpany/core/tests/integration/e2e_helpers.go:1395.38,1398.3 2 0
github.com/mcpany/core/tests/integration/e2e_helpers.go:1400.2,1405.60 3 0
github.com/mcpany/core/tests/integration/e2e_helpers.go:1405.60,1407.3 1 0
github.com/mcpany/core/tests/integration/e2e_helpers.go:1409.2,1409.26 1 0
github.com/mcpany/core/tests/integration/e2e_helpers.go:1409.26,1411.3 1 0
github.com/mcpany/core/tests/integration/e2e_helpers.go:1413.2,1413.28 1 0
github.com/mcpany/core/tests/integration/e2e_helpers.go:1417.119,1424.16 2 0
github.com/mcpany/core/tests/integration/e2e_helpers.go:1424.16,1426.3 1 0
github.com/mcpany/core/tests/integration/e2e_helpers.go:1428.2,1429.16 2 0
github.com/mcpany/core/tests/integration/e2e_helpers.go:1429.16,1431.3 1 0
github.com/mcpany/core/tests/integration/e2e_helpers.go:1432.2,1436.16 4 0
github.com/mcpany/core/tests/integration/e2e_helpers.go:1436.16,1438.3 1 0
github.com/mcpany/core/tests/integration/e2e_helpers.go:1439.2,1439.15 1 0
github.com/mcpany/core/tests/integration/e2e_helpers.go:1439.15,1439.40 1 0
github.com/mcpany/core/tests/integration/e2e_helpers.go:1441.2,1441.38 1 0
github.com/mcpany/core/tests/integration/e2e_helpers.go:1441.38,1444.3 2 0
github.com/mcpany/core/tests/integration/e2e_helpers.go:1446.2,1450.68 2 0
github.com/mcpany/core/tests/integration/e2e_helpers.go:1450.68,1452.3 1 0
github.com/mcpany/core/tests/integration/e2e_helpers.go:1454.2,1454.26 1 0
github.com/mcpany/core/tests/integration/e2e_helpers.go:1454.26,1456.3 1 0
github.com/mcpany/core/tests/integration/e2e_helpers.go:1458.2,1458.28 1 0
github.com/mcpany/core/tests/integration/e2e_helpers.go:1462.95,1468.26 4 0
github.com/mcpany/core/tests/integration/e2e_helpers.go:1468.26,1473.30 3 0
github.com/mcpany/core/tests/integration/e2e_helpers.go:1473.30,1475.134 1 0
github.com/mcpany/core/tests/integration/e2e_helpers.go:1475.134,1476.44 1 0
github.com/mcpany/core/tests/integration/e2e_helpers.go:1476.44,1478.26 2 0
github.com/mcpany/core/tests/integration/e2e_helpers.go:1478.26,1482.7 3 0
github.com/mcpany/core/tests/integration/e2e_helpers.go:1486.3,1486.15 1 0
github.com/mcpany/core/tests/integration/e2e_helpers.go:1489.2,1490.18 2 0
github.com/mcpany/core/pkg/util/docker.go:26.38,29.16 3 0
github.com/mcpany/core/pkg/util/docker.go:29.16,33.3 1 0
github.com/mcpany/core/pkg/util/docker.go:37.38,39.2 1 2
github.com/mcpany/core/pkg/util/docker.go:43.26,44.25 1 2
github.com/mcpany/core/pkg/util/docker.go:44.25,46.3 1 1
github.com/mcpany/core/pkg/util/docker.go:52.45,55.25 2 3
github.com/mcpany/core/pkg/util/docker.go:55.25,57.3 1 1
github.com/mcpany/core/pkg/util/docker.go:59.2,60.19 2 2
github.com/mcpany/core/pkg/util/net.go:22.83,24.16 2 8
github.com/mcpany/core/pkg/util/net.go:24.16,26.3 1 1
github.com/mcpany/core/pkg/util/net.go:28.2,29.16 2 7
github.com/mcpany/core/pkg/util/net.go:29.16,31.3 1 0
github.com/mcpany/core/pkg/util/net.go:33.2,33.19 1 7
github.com/mcpany/core/pkg/util/net.go:33.19,35.3 1 0
github.com/mcpany/core/pkg/util/net.go:38.2,38.25 1 7
github.com/mcpany/core/pkg/util/net.go:38.25,39.89 1 7
github.com/mcpany/core/pkg/util/net.go:39.89,41.4 1 6
github.com/mcpany/core/pkg/util/net.go:45.2,46.60 2 1
github.com/mcpany/core/pkg/util/secrets.go:27.66,29.2 1 31
github.com/mcpany/core/pkg/util/secrets.go:31.86,32.37 1 50
github.com/mcpany/core/pkg/util/secrets.go:32.37,34.3 1 1
github.com/mcpany/core/pkg/util/secrets.go:36.2,36.19 1 49
github.com/mcpany/core/pkg/util/secrets.go:36.19,38.3 1 1
github.com/mcpany/core/pkg/util/secrets.go:40.2,40.29 1 48
github.com/mcpany/core/pkg/util/secrets.go:41.43,42.36 1 10
github.com/mcpany/core/pkg/util/secrets.go:43.53,46.18 3 3
github.com/mcpany/core/pkg/util/secrets.go:46.18,48.4 1 2
github.com/mcpany/core/pkg/util/secrets.go:49.3,49.20 1 1
github.com/mcpany/core/pkg/util/secrets.go:50.42,51.73 1 5
github.com/mcpany/core/pkg/util/secrets.go:51.73,53.4 1 2
github.com/mcpany/core/pkg/util/secrets.go:54.3,55.17 2 3
github.com/mcpany/core/pkg/util/secrets.go:55.17,57.4 1 1
github.com/mcpany/core/pkg/util/secrets.go:58.3,58.30 1 2
github.com/mcpany/core/pkg/util/secrets.go:59.47,62.17 3 10
github.com/mcpany/core/pkg/util/secrets.go:62.17,64.4 1 0
github.com/mcpany/core/pkg/util/secrets.go:66.3,66.44 1 10
github.com/mcpany/core/pkg/util/secrets.go:66.44,67.49 1 3
github.com/mcpany/core/pkg/util/secrets.go:67.49,69.19 2 1
github.com/mcpany/core/pkg/util/secrets.go:69.19,71.6 1 0
github.com/mcpany/core/pkg/util/secrets.go:72.5,72.56 1 1
github.com/mcpany/core/pkg/util/secrets.go:73.10,73.61 1 2
github.com/mcpany/core/pkg/util/secrets.go:73.61,75.19 2 1
github.com/mcpany/core/pkg/util/secrets.go:75.19,77.6 1 0
github.com/mcpany/core/pkg/util/secrets.go:78.5,78.53 1 1
github.com/mcpany/core/pkg/util/secrets.go:79.10,79.57 1 1
github.com/mcpany/core/pkg/util/secrets.go:79.57,81.19 2 1
github.com/mcpany/core/pkg/util/secrets.go:81.19,83.6 1 0
github.com/mcpany/core/pkg/util/secrets.go:84.5,84.52 1 1
github.com/mcpany/core/pkg/util/secrets.go:88.3,89.17 2 10
github.com/mcpany/core/pkg/util/secrets.go:89.17,91.4 1 4
github.com/mcpany/core/pkg/util/secrets.go:92.3,92.16 1 6
github.com/mcpany/core/pkg/util/secrets.go:92.16,92.41 1 6
github.com/mcpany/core/pkg/util/secrets.go:94.3,94.39 1 6
github.com/mcpany/core/pkg/util/secrets.go:94.39,96.4 1 1
github.com/mcpany/core/pkg/util/secrets.go:98.3,99.17 2 5
github.com/mcpany/core/pkg/util/secrets.go:99.17,101.4 1 1
github.com/mcpany/core/pkg/util/secrets.go:102.3,102.27 1 4
github.com/mcpany/core/pkg/util/secrets.go:103.39,109.17 4 16
github.com/mcpany/core/pkg/util/secrets.go:109.17,111.4 1 0
github.com/mcpany/core/pkg/util/secrets.go:112.3,113.17 2 16
github.com/mcpany/core/pkg/util/secrets.go:113.17,115.4 1 11
github.com/mcpany/core/pkg/util/secrets.go:116.3,118.17 3 5
github.com/mcpany/core/pkg/util/secrets.go:118.17,120.4 1 0
github.com/mcpany/core/pkg/util/secrets.go:121.3,121.38 1 5
github.com/mcpany/core/pkg/util/secrets.go:121.38,123.4 1 1
github.com/mcpany/core/pkg/util/secrets.go:126.3,126.71 1 4
github.com/mcpany/core/pkg/util/secrets.go:126.71,127.66 1 3
github.com/mcpany/core/pkg/util/secrets.go:127.66,129.5 1 1
github.com/mcpany/core/pkg/util/secrets.go:133.3,134.10 2 3
github.com/mcpany/core/pkg/util/secrets.go:134.10,136.4 1 1
github.com/mcpany/core/pkg/util/secrets.go:137.3,137.20 1 2
github.com/mcpany/core/pkg/util/secrets.go:138.50,143.33 3 3
github.com/mcpany/core/pkg/util/secrets.go:143.33,145.4 1 0
github.com/mcpany/core/pkg/util/secrets.go:146.3,146.34 1 3
github.com/mcpany/core/pkg/util/secrets.go:146.34,148.4 1 0
github.com/mcpany/core/pkg/util/secrets.go:150.3,151.17 2 3
github.com/mcpany/core/pkg/util/secrets.go:151.17,153.4 1 0
github.com/mcpany/core/pkg/util/secrets.go:155.3,160.36 3 3
github.com/mcpany/core/pkg/util/secrets.go:160.36,162.4 1 0
github.com/mcpany/core/pkg/util/secrets.go:163.3,163.39 1 3
github.com/mcpany/core/pkg/util/secrets.go:163.39,165.4 1 0
github.com/mcpany/core/pkg/util/secrets.go:172.3,173.17 2 3
github.com/mcpany/core/pkg/util/secrets.go:173.17,175.4 1 0
github.com/mcpany/core/pkg/util/secrets.go:177.3,177.33 1 3
github.com/mcpany/core/pkg/util/secrets.go:177.33,180.4 1 0
github.com/mcpany/core/pkg/util/secrets.go:182.3,184.34 2 3
github.com/mcpany/core/pkg/util/secrets.go:184.34,186.72 2 2
github.com/mcpany/core/pkg/util/secrets.go:186.72,188.5 1 0
github.com/mcpany/core/pkg/util/secrets.go:190.4,191.11 2 2
github.com/mcpany/core/pkg/util/secrets.go:191.11,193.5 1 0
github.com/mcpany/core/pkg/util/secrets.go:196.4,196.38 1 2
github.com/mcpany/core/pkg/util/secrets.go:196.38,198.5 1 1
github.com/mcpany/core/pkg/util/secrets.go:200.4,200.38 1 1
github.com/mcpany/core/pkg/util/secrets.go:203.3,203.24 1 1
github.com/mcpany/core/pkg/util/secrets.go:204.10,205.17 1 1
github.com/mcpany/core/pkg/util/secrets.go:211.122,213.29 2 2
github.com/mcpany/core/pkg/util/secrets.go:213.29,215.3 1 2
github.com/mcpany/core/pkg/util/secrets.go:216.2,216.30 1 2
github.com/mcpany/core/pkg/util/secrets.go:216.30,218.17 2 2
github.com/mcpany/core/pkg/util/secrets.go:218.17,220.4 1 1
github.com/mcpany/core/pkg/util/secrets.go:221.3,221.23 1 1
github.com/mcpany/core/pkg/util/secrets.go:223.2,223.20 1 1
github.com/mcpany/core/pkg/util/secrets.go:231.82,233.18 2 9
github.com/mcpany/core/pkg/util/secrets.go:233.18,235.5 1 0
github.com/mcpany/core/pkg/util/secrets.go:236.4,237.18 2 9
github.com/mcpany/core/pkg/util/secrets.go:237.18,239.5 1 0
github.com/mcpany/core/pkg/util/secrets.go:240.4,240.27 1 9
github.com/mcpany/core/pkg/util/secrets.go:240.27,241.61 1 9
github.com/mcpany/core/pkg/util/secrets.go:241.61,243.6 1 1
github.com/mcpany/core/pkg/util/secrets.go:244.5,244.80 1 8
github.com/mcpany/core/pkg/util/secrets.go:244.80,246.6 1 0
github.com/mcpany/core/pkg/util/secrets.go:247.5,247.86 1 8
github.com/mcpany/core/pkg/util/secrets.go:247.86,249.6 1 1
github.com/mcpany/core/pkg/util/secrets.go:251.4,251.21 1 7
github.com/mcpany/core/pkg/util/secrets.go:251.21,253.5 1 0
github.com/mcpany/core/pkg/util/secrets.go:255.4,256.79 2 7
github.com/mcpany/core/pkg/util/tls.go:24.80,25.22 1 9
github.com/mcpany/core/pkg/util/tls.go:25.22,27.3 1 1
github.com/mcpany/core/pkg/util/tls.go:29.2,34.37 2 8
github.com/mcpany/core/pkg/util/tls.go:34.37,36.17 2 4
github.com/mcpany/core/pkg/util/tls.go:36.17,38.4 1 1
github.com/mcpany/core/pkg/util/tls.go:39.3,40.55 2 3
github.com/mcpany/core/pkg/util/tls.go:40.55,42.4 1 1
github.com/mcpany/core/pkg/util/tls.go:43.3,43.30 1 2
github.com/mcpany/core/pkg/util/tls.go:46.2,46.79 1 6
github.com/mcpany/core/pkg/util/tls.go:46.79,48.17 2 3
github.com/mcpany/core/pkg/util/tls.go:48.17,50.4 1 1
github.com/mcpany/core/pkg/util/tls.go:51.3,51.54 1 2
github.com/mcpany/core/pkg/util/tls.go:54.2,60.8 2 5
github.com/mcpany/core/pkg/util/util.go:45.112,48.25 2 11
github.com/mcpany/core/pkg/util/util.go:48.25,49.15 1 13
github.com/mcpany/core/pkg/util/util.go:49.15,51.4 1 1
github.com/mcpany/core/pkg/util/util.go:54.3,61.54 3 12
github.com/mcpany/core/pkg/util/util.go:61.54,63.4 1 1
github.com/mcpany/core/pkg/util/util.go:65.3,65.17 1 12
github.com/mcpany/core/pkg/util/util.go:65.17,70.48 4 7
github.com/mcpany/core/pkg/util/util.go:70.48,72.5 1 7
github.com/mcpany/core/pkg/util/util.go:74.4,74.29 1 7
github.com/mcpany/core/pkg/util/util.go:74.29,76.5 1 1
github.com/mcpany/core/pkg/util/util.go:77.4,77.84 1 7
github.com/mcpany/core/pkg/util/util.go:78.9,80.4 1 5
github.com/mcpany/core/pkg/util/util.go:83.2,83.45 1 10
github.com/mcpany/core/pkg/util/util.go:90.55,92.2 1 2
github.com/mcpany/core/pkg/util/util.go:98.52,100.2 1 2
github.com/mcpany/core/pkg/util/util.go:117.28,119.2 1 1
github.com/mcpany/core/pkg/util/util.go:128.79,130.21 2 3
github.com/mcpany/core/pkg/util/util.go:130.21,132.3 1 1
github.com/mcpany/core/pkg/util/util.go:133.2,133.26 1 2
github.com/mcpany/core/pkg/util/util.go:143.47,144.43 1 4
github.com/mcpany/core/pkg/util/util.go:144.43,146.3 1 1
github.com/mcpany/core/pkg/util/util.go:149.2,149.83 1 3
github.com/mcpany/core/pkg/util/util.go:149.83,154.3 4 8
github.com/mcpany/core/pkg/util/util.go:156.2,156.18 1 3
github.com/mcpany/core/pkg/util/util.go:161.44,163.48 2 2
github.com/mcpany/core/pkg/util/util.go:163.48,165.3 1 1
github.com/mcpany/core/pkg/util/util.go:166.2,166.30 1 1
github.com/mcpany/core/pkg/util/util.go:170.107,171.27 1 8
github.com/mcpany/core/pkg/util/util.go:171.27,173.50 2 9
github.com/mcpany/core/pkg/util/util.go:173.50,175.4 1 9
github.com/mcpany/core/pkg/util/util.go:176.3,176.58 1 9
github.com/mcpany/core/pkg/util/util.go:178.2,178.16 1 8
