mode: set
github.com/mcpany/core/pkg/telemetry/tracing.go:23.129,25.19 1 1
github.com/mcpany/core/pkg/telemetry/tracing.go:25.19,27.3 1 1
github.com/mcpany/core/pkg/telemetry/tracing.go:33.2,33.51 1 1
github.com/mcpany/core/pkg/telemetry/tracing.go:33.51,34.38 1 1
github.com/mcpany/core/pkg/telemetry/tracing.go:34.38,34.52 1 1
github.com/mcpany/core/pkg/telemetry/tracing.go:37.2,41.16 2 1
github.com/mcpany/core/pkg/telemetry/tracing.go:41.16,43.3 1 0
github.com/mcpany/core/pkg/telemetry/tracing.go:45.2,51.16 2 1
github.com/mcpany/core/pkg/telemetry/tracing.go:51.16,53.3 1 0
github.com/mcpany/core/pkg/telemetry/tracing.go:55.2,63.25 4 1
