mode: set
github.com/mcpany/core/pkg/command/command.go:46.56,48.2 1 0
github.com/mcpany/core/pkg/command/command.go:51.72,52.58 1 1
github.com/mcpany/core/pkg/command/command.go:52.58,54.3 1 1
github.com/mcpany/core/pkg/command/command.go:55.2,55.25 1 1
github.com/mcpany/core/pkg/command/command.go:59.34,61.2 1 1
github.com/mcpany/core/pkg/command/command.go:65.168,76.36 8 1
github.com/mcpany/core/pkg/command/command.go:76.36,80.3 3 1
github.com/mcpany/core/pkg/command/command.go:82.2,83.12 2 1
github.com/mcpany/core/pkg/command/command.go:83.12,85.16 2 1
github.com/mcpany/core/pkg/command/command.go:85.16,85.36 1 1
github.com/mcpany/core/pkg/command/command.go:86.3,86.16 1 1
github.com/mcpany/core/pkg/command/command.go:86.16,86.36 1 1
github.com/mcpany/core/pkg/command/command.go:88.3,89.17 2 1
github.com/mcpany/core/pkg/command/command.go:89.17,90.48 1 1
github.com/mcpany/core/pkg/command/command.go:90.48,92.5 1 1
github.com/mcpany/core/pkg/command/command.go:92.10,95.5 2 0
github.com/mcpany/core/pkg/command/command.go:96.9,98.4 1 1
github.com/mcpany/core/pkg/command/command.go:101.2,101.38 1 1
github.com/mcpany/core/pkg/command/command.go:104.193,118.36 10 1
github.com/mcpany/core/pkg/command/command.go:118.36,126.3 7 0
github.com/mcpany/core/pkg/command/command.go:128.2,129.12 2 1
github.com/mcpany/core/pkg/command/command.go:129.12,132.16 2 1
github.com/mcpany/core/pkg/command/command.go:132.16,132.39 1 1
github.com/mcpany/core/pkg/command/command.go:133.3,133.16 1 1
github.com/mcpany/core/pkg/command/command.go:133.16,133.39 1 1
github.com/mcpany/core/pkg/command/command.go:136.3,136.16 1 1
github.com/mcpany/core/pkg/command/command.go:136.16,136.38 1 1
github.com/mcpany/core/pkg/command/command.go:138.3,139.17 2 1
github.com/mcpany/core/pkg/command/command.go:139.17,140.48 1 0
github.com/mcpany/core/pkg/command/command.go:140.48,142.5 1 0
github.com/mcpany/core/pkg/command/command.go:142.10,145.5 2 0
github.com/mcpany/core/pkg/command/command.go:146.9,148.4 1 1
github.com/mcpany/core/pkg/command/command.go:151.2,151.52 1 1
github.com/mcpany/core/pkg/command/command.go:158.78,160.2 1 1
github.com/mcpany/core/pkg/command/command.go:162.169,165.16 3 1
github.com/mcpany/core/pkg/command/command.go:165.16,167.3 1 0
github.com/mcpany/core/pkg/command/command.go:169.2,171.16 3 1
github.com/mcpany/core/pkg/command/command.go:171.16,173.3 1 0
github.com/mcpany/core/pkg/command/command.go:173.8,176.3 2 1
github.com/mcpany/core/pkg/command/command.go:178.2,187.40 3 1
github.com/mcpany/core/pkg/command/command.go:187.40,188.54 1 0
github.com/mcpany/core/pkg/command/command.go:188.54,194.4 1 0
github.com/mcpany/core/pkg/command/command.go:197.2,198.16 2 1
github.com/mcpany/core/pkg/command/command.go:198.16,200.3 1 1
github.com/mcpany/core/pkg/command/command.go:202.2,202.83 1 1
github.com/mcpany/core/pkg/command/command.go:202.83,203.118 1 1
github.com/mcpany/core/pkg/command/command.go:203.118,205.4 1 0
github.com/mcpany/core/pkg/command/command.go:206.3,206.73 1 1
github.com/mcpany/core/pkg/command/command.go:209.2,210.16 2 1
github.com/mcpany/core/pkg/command/command.go:210.16,212.3 1 1
github.com/mcpany/core/pkg/command/command.go:214.2,215.12 2 1
github.com/mcpany/core/pkg/command/command.go:215.12,217.16 2 1
github.com/mcpany/core/pkg/command/command.go:217.16,218.119 1 1
github.com/mcpany/core/pkg/command/command.go:218.119,220.5 1 0
github.com/mcpany/core/pkg/command/command.go:221.4,221.19 1 1
github.com/mcpany/core/pkg/command/command.go:223.3,224.10 2 1
github.com/mcpany/core/pkg/command/command.go:225.23,226.18 1 1
github.com/mcpany/core/pkg/command/command.go:226.18,229.5 2 0
github.com/mcpany/core/pkg/command/command.go:230.29,231.42 1 1
github.com/mcpany/core/pkg/command/command.go:235.2,238.12 3 1
github.com/mcpany/core/pkg/command/command.go:238.12,239.16 1 1
github.com/mcpany/core/pkg/command/command.go:239.16,239.35 1 1
github.com/mcpany/core/pkg/command/command.go:240.3,241.17 2 1
github.com/mcpany/core/pkg/command/command.go:241.17,243.4 1 0
github.com/mcpany/core/pkg/command/command.go:244.3,245.27 2 1
github.com/mcpany/core/pkg/command/command.go:248.2,248.54 1 1
github.com/mcpany/core/pkg/command/command.go:251.194,254.16 3 0
github.com/mcpany/core/pkg/command/command.go:254.16,256.3 1 0
github.com/mcpany/core/pkg/command/command.go:258.2,260.16 3 0
github.com/mcpany/core/pkg/command/command.go:260.16,262.3 1 0
github.com/mcpany/core/pkg/command/command.go:262.8,265.3 2 0
github.com/mcpany/core/pkg/command/command.go:267.2,280.40 3 0
github.com/mcpany/core/pkg/command/command.go:280.40,281.54 1 0
github.com/mcpany/core/pkg/command/command.go:281.54,287.4 1 0
github.com/mcpany/core/pkg/command/command.go:290.2,291.16 2 0
github.com/mcpany/core/pkg/command/command.go:291.16,293.3 1 0
github.com/mcpany/core/pkg/command/command.go:295.2,301.16 2 0
github.com/mcpany/core/pkg/command/command.go:301.16,303.3 1 0
github.com/mcpany/core/pkg/command/command.go:305.2,305.83 1 0
github.com/mcpany/core/pkg/command/command.go:305.83,306.118 1 0
github.com/mcpany/core/pkg/command/command.go:306.118,308.4 1 0
github.com/mcpany/core/pkg/command/command.go:309.3,309.78 1 0
github.com/mcpany/core/pkg/command/command.go:312.2,313.12 2 0
github.com/mcpany/core/pkg/command/command.go:313.12,315.16 2 0
github.com/mcpany/core/pkg/command/command.go:315.16,316.119 1 0
github.com/mcpany/core/pkg/command/command.go:316.119,318.5 1 0
github.com/mcpany/core/pkg/command/command.go:319.4,319.19 1 0
github.com/mcpany/core/pkg/command/command.go:321.3,322.10 2 0
github.com/mcpany/core/pkg/command/command.go:323.23,324.18 1 0
github.com/mcpany/core/pkg/command/command.go:324.18,327.5 2 0
github.com/mcpany/core/pkg/command/command.go:328.29,329.42 1 0
github.com/mcpany/core/pkg/command/command.go:333.2,336.12 3 0
github.com/mcpany/core/pkg/command/command.go:336.12,337.16 1 0
github.com/mcpany/core/pkg/command/command.go:337.16,337.44 1 0
github.com/mcpany/core/pkg/command/command.go:338.3,338.16 1 0
github.com/mcpany/core/pkg/command/command.go:338.16,338.44 1 0
github.com/mcpany/core/pkg/command/command.go:339.3,340.17 2 0
github.com/mcpany/core/pkg/command/command.go:340.17,342.4 1 0
github.com/mcpany/core/pkg/command/command.go:345.2,345.91 1 0
github.com/mcpany/core/pkg/command/command.go:351.58,353.2 1 0
github.com/mcpany/core/pkg/command/command.go:355.37,356.60 1 0
github.com/mcpany/core/pkg/command/command.go:356.60,358.3 1 0
github.com/mcpany/core/pkg/command/command.go:359.2,359.23 1 0
