mode: set
github.com/mcpany/core/server/pkg/util/docker.go:26.38,29.16 3 0
github.com/mcpany/core/server/pkg/util/docker.go:29.16,33.3 1 0
github.com/mcpany/core/server/pkg/util/docker.go:39.38,41.2 1 1
github.com/mcpany/core/server/pkg/util/docker.go:45.26,46.25 1 1
github.com/mcpany/core/server/pkg/util/docker.go:46.25,48.3 1 1
github.com/mcpany/core/server/pkg/util/docker.go:54.45,57.25 2 1
github.com/mcpany/core/server/pkg/util/docker.go:57.25,59.3 1 1
github.com/mcpany/core/server/pkg/util/docker.go:61.2,62.19 2 1
github.com/mcpany/core/server/pkg/util/grpc.go:21.57,23.2 1 1
github.com/mcpany/core/server/pkg/util/ip.go:22.74,24.2 1 1
github.com/mcpany/core/server/pkg/util/ip.go:28.36,30.16 2 1
github.com/mcpany/core/server/pkg/util/ip.go:30.16,32.3 1 1
github.com/mcpany/core/server/pkg/util/ip.go:33.2,33.57 1 1
github.com/mcpany/core/server/pkg/util/ip.go:33.57,35.3 1 1
github.com/mcpany/core/server/pkg/util/ip.go:37.2,37.31 1 1
github.com/mcpany/core/server/pkg/util/ip.go:37.31,38.19 1 1
github.com/mcpany/core/server/pkg/util/ip.go:38.19,40.4 1 1
github.com/mcpany/core/server/pkg/util/ip.go:42.2,42.11 1 1
github.com/mcpany/core/server/pkg/util/ip.go:51.62,54.2 2 1
github.com/mcpany/core/server/pkg/util/ip.go:58.13,64.4 1 1
github.com/mcpany/core/server/pkg/util/ip.go:64.4,66.17 2 1
github.com/mcpany/core/server/pkg/util/ip.go:66.17,68.4 1 1
github.com/mcpany/core/server/pkg/util/ip.go:75.41,78.24 1 1
github.com/mcpany/core/server/pkg/util/ip.go:78.24,80.3 1 1
github.com/mcpany/core/server/pkg/util/ip.go:82.2,82.33 1 1
github.com/mcpany/core/server/pkg/util/ip.go:82.33,85.3 1 1
github.com/mcpany/core/server/pkg/util/ip.go:87.2,87.41 1 1
github.com/mcpany/core/server/pkg/util/ip.go:87.41,90.3 2 1
github.com/mcpany/core/server/pkg/util/ip.go:92.2,92.49 1 1
github.com/mcpany/core/server/pkg/util/ip.go:92.49,93.25 1 1
github.com/mcpany/core/server/pkg/util/ip.go:93.25,95.4 1 1
github.com/mcpany/core/server/pkg/util/ip.go:97.2,97.14 1 1
github.com/mcpany/core/server/pkg/util/ip.go:100.30,108.2 1 1
github.com/mcpany/core/server/pkg/util/ip.go:110.39,118.2 1 1
github.com/mcpany/core/server/pkg/util/ip.go:122.43,123.15 1 1
github.com/mcpany/core/server/pkg/util/ip.go:124.9,125.14 1 1
github.com/mcpany/core/server/pkg/util/ip.go:126.10,127.14 1 1
github.com/mcpany/core/server/pkg/util/ip.go:128.11,129.37 1 1
github.com/mcpany/core/server/pkg/util/ip.go:130.11,131.36 1 1
github.com/mcpany/core/server/pkg/util/ip.go:132.11,133.19 1 1
github.com/mcpany/core/server/pkg/util/ip.go:133.19,135.4 1 1
github.com/mcpany/core/server/pkg/util/ip.go:136.3,136.17 1 1
github.com/mcpany/core/server/pkg/util/ip.go:136.17,138.4 1 1
github.com/mcpany/core/server/pkg/util/ip.go:139.11,140.33 1 1
github.com/mcpany/core/server/pkg/util/ip.go:140.33,142.4 1 1
github.com/mcpany/core/server/pkg/util/ip.go:143.3,143.37 1 1
github.com/mcpany/core/server/pkg/util/ip.go:144.11,145.36 1 1
github.com/mcpany/core/server/pkg/util/ip.go:149.2,149.18 1 1
github.com/mcpany/core/server/pkg/util/ip.go:149.18,151.3 1 1
github.com/mcpany/core/server/pkg/util/ip.go:153.2,153.14 1 1
github.com/mcpany/core/server/pkg/util/ip.go:161.34,162.43 1 1
github.com/mcpany/core/server/pkg/util/ip.go:162.43,164.3 1 1
github.com/mcpany/core/server/pkg/util/ip.go:166.2,166.33 1 1
github.com/mcpany/core/server/pkg/util/ip.go:166.33,168.37 1 1
github.com/mcpany/core/server/pkg/util/ip.go:168.37,170.4 1 1
github.com/mcpany/core/server/pkg/util/ip.go:171.3,171.35 1 1
github.com/mcpany/core/server/pkg/util/ip.go:175.2,175.67 1 1
github.com/mcpany/core/server/pkg/util/ip.go:175.67,177.3 1 1
github.com/mcpany/core/server/pkg/util/ip.go:180.2,180.26 1 1
github.com/mcpany/core/server/pkg/util/ip.go:180.26,183.20 2 1
github.com/mcpany/core/server/pkg/util/ip.go:183.20,185.4 1 1
github.com/mcpany/core/server/pkg/util/ip.go:187.3,187.37 1 1
github.com/mcpany/core/server/pkg/util/ip.go:187.37,189.4 1 1
github.com/mcpany/core/server/pkg/util/ip.go:192.2,192.31 1 1
github.com/mcpany/core/server/pkg/util/json_utils.go:12.46,15.6 2 1
github.com/mcpany/core/server/pkg/util/json_utils.go:15.6,17.14 2 1
github.com/mcpany/core/server/pkg/util/json_utils.go:17.14,19.4 1 1
github.com/mcpany/core/server/pkg/util/json_utils.go:20.3,24.28 2 1
github.com/mcpany/core/server/pkg/util/json_utils.go:24.28,26.4 1 1
github.com/mcpany/core/server/pkg/util/json_utils.go:28.3,29.42 2 1
github.com/mcpany/core/server/pkg/util/json_utils.go:29.42,30.24 1 1
github.com/mcpany/core/server/pkg/util/json_utils.go:30.24,32.5 1 1
github.com/mcpany/core/server/pkg/util/json_utils.go:32.10,33.10 1 1
github.com/mcpany/core/server/pkg/util/json_utils.go:36.3,36.25 1 1
github.com/mcpany/core/server/pkg/util/json_utils.go:36.25,38.4 1 1
github.com/mcpany/core/server/pkg/util/json_utils.go:39.3,39.23 1 1
github.com/mcpany/core/server/pkg/util/json_walker.go:20.84,26.12 5 1
github.com/mcpany/core/server/pkg/util/json_walker.go:26.12,29.22 2 1
github.com/mcpany/core/server/pkg/util/json_walker.go:29.22,30.9 1 1
github.com/mcpany/core/server/pkg/util/json_walker.go:32.3,36.19 3 1
github.com/mcpany/core/server/pkg/util/json_walker.go:36.19,38.4 1 0
github.com/mcpany/core/server/pkg/util/json_walker.go:42.3,44.31 3 1
github.com/mcpany/core/server/pkg/util/json_walker.go:44.31,46.4 1 1
github.com/mcpany/core/server/pkg/util/json_walker.go:48.3,48.13 1 1
github.com/mcpany/core/server/pkg/util/json_walker.go:48.13,52.16 3 1
github.com/mcpany/core/server/pkg/util/json_walker.go:52.16,53.19 1 1
github.com/mcpany/core/server/pkg/util/json_walker.go:53.19,57.21 2 1
github.com/mcpany/core/server/pkg/util/json_walker.go:57.21,59.7 1 1
github.com/mcpany/core/server/pkg/util/json_walker.go:60.6,60.45 1 1
github.com/mcpany/core/server/pkg/util/json_walker.go:62.5,64.25 3 1
github.com/mcpany/core/server/pkg/util/json_walker.go:68.3,68.15 1 1
github.com/mcpany/core/server/pkg/util/json_walker.go:71.2,71.16 1 1
github.com/mcpany/core/server/pkg/util/json_walker.go:71.16,73.3 1 1
github.com/mcpany/core/server/pkg/util/json_walker.go:74.2,75.12 2 1
github.com/mcpany/core/server/pkg/util/net.go:53.34,59.2 1 1
github.com/mcpany/core/server/pkg/util/net.go:69.95,71.16 2 1
github.com/mcpany/core/server/pkg/util/net.go:71.16,73.3 1 0
github.com/mcpany/core/server/pkg/util/net.go:75.2,76.21 2 1
github.com/mcpany/core/server/pkg/util/net.go:76.21,78.3 1 1
github.com/mcpany/core/server/pkg/util/net.go:80.2,81.37 2 1
github.com/mcpany/core/server/pkg/util/net.go:81.37,83.3 1 1
github.com/mcpany/core/server/pkg/util/net.go:83.8,83.44 1 1
github.com/mcpany/core/server/pkg/util/net.go:83.44,85.3 1 1
github.com/mcpany/core/server/pkg/util/net.go:87.2,88.16 2 1
github.com/mcpany/core/server/pkg/util/net.go:88.16,90.3 1 1
github.com/mcpany/core/server/pkg/util/net.go:92.2,92.19 1 1
github.com/mcpany/core/server/pkg/util/net.go:92.19,94.3 1 1
github.com/mcpany/core/server/pkg/util/net.go:97.2,97.25 1 1
github.com/mcpany/core/server/pkg/util/net.go:97.25,98.42 1 1
github.com/mcpany/core/server/pkg/util/net.go:98.42,100.4 1 1
github.com/mcpany/core/server/pkg/util/net.go:101.3,101.82 1 1
github.com/mcpany/core/server/pkg/util/net.go:101.82,103.4 1 1
github.com/mcpany/core/server/pkg/util/net.go:104.3,104.48 1 1
github.com/mcpany/core/server/pkg/util/net.go:104.48,106.4 1 1
github.com/mcpany/core/server/pkg/util/net.go:109.2,110.19 2 1
github.com/mcpany/core/server/pkg/util/net.go:110.19,112.3 1 1
github.com/mcpany/core/server/pkg/util/net.go:115.2,116.25 2 1
github.com/mcpany/core/server/pkg/util/net.go:116.25,119.17 3 1
github.com/mcpany/core/server/pkg/util/net.go:119.17,121.4 1 1
github.com/mcpany/core/server/pkg/util/net.go:122.3,122.22 1 1
github.com/mcpany/core/server/pkg/util/net.go:122.22,124.4 1 1
github.com/mcpany/core/server/pkg/util/net.go:126.2,126.22 1 1
github.com/mcpany/core/server/pkg/util/net.go:139.83,141.2 1 1
github.com/mcpany/core/server/pkg/util/net.go:148.39,150.61 2 1
github.com/mcpany/core/server/pkg/util/net.go:150.61,152.3 1 1
github.com/mcpany/core/server/pkg/util/net.go:153.2,153.68 1 1
github.com/mcpany/core/server/pkg/util/net.go:153.68,155.3 1 1
github.com/mcpany/core/server/pkg/util/net.go:158.2,163.3 1 1
github.com/mcpany/core/server/pkg/util/net.go:168.65,170.38 2 1
github.com/mcpany/core/server/pkg/util/net.go:170.38,172.17 2 1
github.com/mcpany/core/server/pkg/util/net.go:172.17,174.4 1 1
github.com/mcpany/core/server/pkg/util/net.go:175.3,177.17 3 1
github.com/mcpany/core/server/pkg/util/net.go:177.17,178.27 1 1
github.com/mcpany/core/server/pkg/util/net.go:178.27,180.5 1 1
github.com/mcpany/core/server/pkg/util/net.go:180.10,182.5 1 1
github.com/mcpany/core/server/pkg/util/net.go:184.3,184.40 1 1
github.com/mcpany/core/server/pkg/util/net.go:185.8,188.17 2 1
github.com/mcpany/core/server/pkg/util/net.go:188.17,193.4 2 1
github.com/mcpany/core/server/pkg/util/net.go:194.3,194.40 1 1
github.com/mcpany/core/server/pkg/util/net.go:198.2,200.121 2 1
github.com/mcpany/core/server/pkg/util/net.go:200.121,204.3 2 1
github.com/mcpany/core/server/pkg/util/net.go:205.2,205.68 1 1
github.com/mcpany/core/server/pkg/util/net.go:205.68,207.3 1 0
github.com/mcpany/core/server/pkg/util/net.go:209.2,212.16 3 1
github.com/mcpany/core/server/pkg/util/net.go:212.16,214.3 1 1
github.com/mcpany/core/server/pkg/util/net.go:215.2,215.15 1 1
github.com/mcpany/core/server/pkg/util/net.go:215.15,215.35 1 1
github.com/mcpany/core/server/pkg/util/net.go:216.2,216.12 1 1
github.com/mcpany/core/server/pkg/util/redact.go:41.13,42.34 1 1
github.com/mcpany/core/server/pkg/util/redact.go:42.34,46.18 3 1
github.com/mcpany/core/server/pkg/util/redact.go:46.18,48.43 2 1
github.com/mcpany/core/server/pkg/util/redact.go:48.43,50.5 1 1
github.com/mcpany/core/server/pkg/util/redact.go:51.4,51.69 1 1
github.com/mcpany/core/server/pkg/util/redact.go:59.2,59.36 1 1
github.com/mcpany/core/server/pkg/util/redact.go:59.36,60.37 1 1
github.com/mcpany/core/server/pkg/util/redact.go:60.37,61.58 1 1
github.com/mcpany/core/server/pkg/util/redact.go:61.58,63.5 1 1
github.com/mcpany/core/server/pkg/util/redact.go:68.2,68.40 1 1
github.com/mcpany/core/server/pkg/util/redact.go:68.40,73.3 3 1
github.com/mcpany/core/server/pkg/util/redact.go:76.2,77.27 2 1
github.com/mcpany/core/server/pkg/util/redact.go:77.27,78.34 1 1
github.com/mcpany/core/server/pkg/util/redact.go:78.34,80.4 1 1
github.com/mcpany/core/server/pkg/util/redact.go:82.2,85.46 2 1
github.com/mcpany/core/server/pkg/util/redact.go:85.46,86.21 1 1
github.com/mcpany/core/server/pkg/util/redact.go:86.21,87.12 1 1
github.com/mcpany/core/server/pkg/util/redact.go:89.3,90.26 2 1
github.com/mcpany/core/server/pkg/util/redact.go:90.26,91.18 1 1
github.com/mcpany/core/server/pkg/util/redact.go:91.18,93.39 2 1
github.com/mcpany/core/server/pkg/util/redact.go:93.39,95.6 1 1
github.com/mcpany/core/server/pkg/util/redact.go:98.3,98.38 1 1
github.com/mcpany/core/server/pkg/util/redact.go:102.2,103.36 2 1
github.com/mcpany/core/server/pkg/util/redact.go:108.38,112.23 2 1
github.com/mcpany/core/server/pkg/util/redact.go:112.23,114.3 1 0
github.com/mcpany/core/server/pkg/util/redact.go:115.2,116.34 2 1
github.com/mcpany/core/server/pkg/util/redact.go:116.34,118.3 1 1
github.com/mcpany/core/server/pkg/util/redact.go:122.2,122.30 1 1
github.com/mcpany/core/server/pkg/util/redact.go:130.65,132.13 2 1
github.com/mcpany/core/server/pkg/util/redact.go:132.13,134.3 1 1
github.com/mcpany/core/server/pkg/util/redact.go:135.2,135.10 1 1
github.com/mcpany/core/server/pkg/util/redact.go:141.78,154.20 2 1
github.com/mcpany/core/server/pkg/util/redact.go:154.20,155.20 1 1
github.com/mcpany/core/server/pkg/util/redact.go:155.20,157.26 2 1
github.com/mcpany/core/server/pkg/util/redact.go:157.26,159.5 1 1
github.com/mcpany/core/server/pkg/util/redact.go:163.2,163.22 1 1
github.com/mcpany/core/server/pkg/util/redact.go:163.22,165.24 1 1
github.com/mcpany/core/server/pkg/util/redact.go:165.24,169.12 3 1
github.com/mcpany/core/server/pkg/util/redact.go:173.3,173.54 1 1
github.com/mcpany/core/server/pkg/util/redact.go:173.54,174.58 1 1
github.com/mcpany/core/server/pkg/util/redact.go:174.58,177.5 2 1
github.com/mcpany/core/server/pkg/util/redact.go:178.9,178.54 1 1
github.com/mcpany/core/server/pkg/util/redact.go:178.54,179.62 1 1
github.com/mcpany/core/server/pkg/util/redact.go:179.62,182.5 2 1
github.com/mcpany/core/server/pkg/util/redact.go:186.2,186.19 1 1
github.com/mcpany/core/server/pkg/util/redact.go:186.19,188.3 1 1
github.com/mcpany/core/server/pkg/util/redact.go:189.2,189.19 1 1
github.com/mcpany/core/server/pkg/util/redact.go:192.62,195.22 2 1
github.com/mcpany/core/server/pkg/util/redact.go:195.22,196.54 1 1
github.com/mcpany/core/server/pkg/util/redact.go:196.54,197.58 1 1
github.com/mcpany/core/server/pkg/util/redact.go:197.58,198.24 1 1
github.com/mcpany/core/server/pkg/util/redact.go:198.24,201.6 2 1
github.com/mcpany/core/server/pkg/util/redact.go:202.5,202.22 1 1
github.com/mcpany/core/server/pkg/util/redact.go:204.9,204.54 1 1
github.com/mcpany/core/server/pkg/util/redact.go:204.54,205.62 1 1
github.com/mcpany/core/server/pkg/util/redact.go:205.62,206.24 1 1
github.com/mcpany/core/server/pkg/util/redact.go:206.24,209.6 2 1
github.com/mcpany/core/server/pkg/util/redact.go:210.5,210.22 1 1
github.com/mcpany/core/server/pkg/util/redact.go:215.2,215.21 1 1
github.com/mcpany/core/server/pkg/util/redact.go:215.21,217.3 1 1
github.com/mcpany/core/server/pkg/util/redact.go:218.2,218.19 1 1
github.com/mcpany/core/server/pkg/util/redact.go:225.49,229.13 2 1
github.com/mcpany/core/server/pkg/util/redact.go:229.13,231.3 1 1
github.com/mcpany/core/server/pkg/util/redact.go:235.2,236.22 2 1
github.com/mcpany/core/server/pkg/util/redact.go:236.22,237.54 1 1
github.com/mcpany/core/server/pkg/util/redact.go:237.54,239.4 1 1
github.com/mcpany/core/server/pkg/util/redact.go:239.9,239.54 1 1
github.com/mcpany/core/server/pkg/util/redact.go:239.54,241.4 1 1
github.com/mcpany/core/server/pkg/util/redact.go:241.9,243.4 1 1
github.com/mcpany/core/server/pkg/util/redact.go:245.2,245.17 1 1
github.com/mcpany/core/server/pkg/util/redact.go:267.38,273.2 1 1
github.com/mcpany/core/server/pkg/util/redact.go:279.71,282.24 1 1
github.com/mcpany/core/server/pkg/util/redact.go:282.24,284.3 1 1
github.com/mcpany/core/server/pkg/util/redact.go:289.2,289.22 1 1
github.com/mcpany/core/server/pkg/util/redact.go:289.22,291.35 1 1
github.com/mcpany/core/server/pkg/util/redact.go:291.35,293.35 2 1
github.com/mcpany/core/server/pkg/util/redact.go:293.35,295.49 2 1
github.com/mcpany/core/server/pkg/util/redact.go:295.49,297.6 1 1
github.com/mcpany/core/server/pkg/util/redact.go:300.3,300.15 1 1
github.com/mcpany/core/server/pkg/util/redact.go:305.2,306.26 2 1
github.com/mcpany/core/server/pkg/util/redact.go:306.26,309.16 3 1
github.com/mcpany/core/server/pkg/util/redact.go:309.16,310.9 1 1
github.com/mcpany/core/server/pkg/util/redact.go:312.3,314.31 2 1
github.com/mcpany/core/server/pkg/util/redact.go:314.31,315.9 1 0
github.com/mcpany/core/server/pkg/util/redact.go:317.3,324.53 3 1
github.com/mcpany/core/server/pkg/util/redact.go:324.53,326.4 1 1
github.com/mcpany/core/server/pkg/util/redact.go:328.3,328.26 1 1
github.com/mcpany/core/server/pkg/util/redact.go:330.2,330.14 1 1
github.com/mcpany/core/server/pkg/util/redact.go:335.77,337.31 1 1
github.com/mcpany/core/server/pkg/util/redact.go:337.31,339.37 2 1
github.com/mcpany/core/server/pkg/util/redact.go:339.37,341.43 2 1
github.com/mcpany/core/server/pkg/util/redact.go:341.43,344.5 1 1
github.com/mcpany/core/server/pkg/util/redact.go:346.8,349.3 1 1
github.com/mcpany/core/server/pkg/util/redact.go:351.2,354.27 2 1
github.com/mcpany/core/server/pkg/util/redact.go:354.27,355.45 1 1
github.com/mcpany/core/server/pkg/util/redact.go:355.45,360.27 2 1
github.com/mcpany/core/server/pkg/util/redact.go:360.27,362.35 2 1
github.com/mcpany/core/server/pkg/util/redact.go:362.35,363.14 1 1
github.com/mcpany/core/server/pkg/util/redact.go:368.5,368.35 1 1
github.com/mcpany/core/server/pkg/util/redact.go:368.35,373.46 2 1
github.com/mcpany/core/server/pkg/util/redact.go:373.46,377.36 2 1
github.com/mcpany/core/server/pkg/util/redact.go:377.36,379.31 2 1
github.com/mcpany/core/server/pkg/util/redact.go:379.31,381.13 2 1
github.com/mcpany/core/server/pkg/util/redact.go:384.6,384.20 1 1
github.com/mcpany/core/server/pkg/util/redact.go:384.20,385.15 1 1
github.com/mcpany/core/server/pkg/util/redact.go:391.4,391.15 1 1
github.com/mcpany/core/server/pkg/util/redact.go:394.2,394.14 1 1
github.com/mcpany/core/server/pkg/util/redact.go:399.40,400.23 1 1
github.com/mcpany/core/server/pkg/util/redact.go:400.23,402.3 1 1
github.com/mcpany/core/server/pkg/util/redact.go:404.2,404.32 1 1
github.com/mcpany/core/server/pkg/util/redact.go:404.32,408.13 3 1
github.com/mcpany/core/server/pkg/util/redact.go:408.13,409.12 1 1
github.com/mcpany/core/server/pkg/util/redact.go:416.3,416.27 1 1
github.com/mcpany/core/server/pkg/util/redact.go:416.27,417.23 1 1
github.com/mcpany/core/server/pkg/util/redact.go:417.23,419.5 1 1
github.com/mcpany/core/server/pkg/util/redact.go:420.9,422.4 1 1
github.com/mcpany/core/server/pkg/util/redact.go:424.2,424.13 1 1
github.com/mcpany/core/server/pkg/util/redact.go:429.50,431.21 2 1
github.com/mcpany/core/server/pkg/util/redact.go:431.21,433.16 2 1
github.com/mcpany/core/server/pkg/util/redact.go:433.16,435.4 1 1
github.com/mcpany/core/server/pkg/util/redact.go:436.3,443.29 3 1
github.com/mcpany/core/server/pkg/util/redact.go:443.29,446.23 1 1
github.com/mcpany/core/server/pkg/util/redact.go:446.23,450.48 2 1
github.com/mcpany/core/server/pkg/util/redact.go:450.48,452.6 1 1
github.com/mcpany/core/server/pkg/util/redact.go:457.3,457.10 1 1
github.com/mcpany/core/server/pkg/util/redact.go:459.2,459.14 1 1
github.com/mcpany/core/server/pkg/util/redact.go:463.51,464.42 1 1
github.com/mcpany/core/server/pkg/util/redact.go:464.42,466.54 2 1
github.com/mcpany/core/server/pkg/util/redact.go:466.54,467.12 1 1
github.com/mcpany/core/server/pkg/util/redact.go:469.3,469.18 1 1
github.com/mcpany/core/server/pkg/util/redact.go:471.2,471.14 1 1
github.com/mcpany/core/server/pkg/util/redact_fast.go:27.13,43.2 12 1
github.com/mcpany/core/server/pkg/util/redact_fast.go:48.42,56.12 5 1
github.com/mcpany/core/server/pkg/util/redact_fast.go:56.12,59.22 2 1
github.com/mcpany/core/server/pkg/util/redact_fast.go:59.22,61.9 1 1
github.com/mcpany/core/server/pkg/util/redact_fast.go:63.3,70.21 3 1
github.com/mcpany/core/server/pkg/util/redact_fast.go:70.21,73.22 2 1
github.com/mcpany/core/server/pkg/util/redact_fast.go:73.22,75.35 2 1
github.com/mcpany/core/server/pkg/util/redact_fast.go:75.35,79.14 2 1
github.com/mcpany/core/server/pkg/util/redact_fast.go:87.3,91.7 4 1
github.com/mcpany/core/server/pkg/util/redact_fast.go:91.7,93.15 2 1
github.com/mcpany/core/server/pkg/util/redact_fast.go:93.15,96.10 2 1
github.com/mcpany/core/server/pkg/util/redact_fast.go:98.4,102.29 2 1
github.com/mcpany/core/server/pkg/util/redact_fast.go:102.29,104.10 2 1
github.com/mcpany/core/server/pkg/util/redact_fast.go:108.4,109.43 2 1
github.com/mcpany/core/server/pkg/util/redact_fast.go:109.43,110.25 1 1
github.com/mcpany/core/server/pkg/util/redact_fast.go:110.25,112.6 1 1
github.com/mcpany/core/server/pkg/util/redact_fast.go:112.11,113.11 1 1
github.com/mcpany/core/server/pkg/util/redact_fast.go:116.4,116.26 1 1
github.com/mcpany/core/server/pkg/util/redact_fast.go:116.26,119.10 2 0
github.com/mcpany/core/server/pkg/util/redact_fast.go:122.4,122.24 1 1
github.com/mcpany/core/server/pkg/util/redact_fast.go:125.3,125.16 1 1
github.com/mcpany/core/server/pkg/util/redact_fast.go:125.16,129.9 1 1
github.com/mcpany/core/server/pkg/util/redact_fast.go:134.3,141.31 4 1
github.com/mcpany/core/server/pkg/util/redact_fast.go:141.31,144.4 2 1
github.com/mcpany/core/server/pkg/util/redact_fast.go:146.3,146.12 1 1
github.com/mcpany/core/server/pkg/util/redact_fast.go:146.12,149.34 2 1
github.com/mcpany/core/server/pkg/util/redact_fast.go:149.34,153.21 2 1
github.com/mcpany/core/server/pkg/util/redact_fast.go:153.21,155.20 1 1
github.com/mcpany/core/server/pkg/util/redact_fast.go:155.20,159.24 2 1
github.com/mcpany/core/server/pkg/util/redact_fast.go:159.24,161.8 1 1
github.com/mcpany/core/server/pkg/util/redact_fast.go:162.7,162.22 1 1
github.com/mcpany/core/server/pkg/util/redact_fast.go:162.22,164.8 1 1
github.com/mcpany/core/server/pkg/util/redact_fast.go:165.7,165.46 1 1
github.com/mcpany/core/server/pkg/util/redact_fast.go:169.6,180.14 6 1
github.com/mcpany/core/server/pkg/util/redact_fast.go:187.3,187.19 1 1
github.com/mcpany/core/server/pkg/util/redact_fast.go:190.2,190.16 1 1
github.com/mcpany/core/server/pkg/util/redact_fast.go:190.16,193.3 1 1
github.com/mcpany/core/server/pkg/util/redact_fast.go:196.2,197.12 2 1
github.com/mcpany/core/server/pkg/util/redact_fast.go:201.61,204.12 3 1
github.com/mcpany/core/server/pkg/util/redact_fast.go:204.12,207.26 2 1
github.com/mcpany/core/server/pkg/util/redact_fast.go:207.26,209.12 2 1
github.com/mcpany/core/server/pkg/util/redact_fast.go:212.3,212.26 1 1
github.com/mcpany/core/server/pkg/util/redact_fast.go:212.26,214.19 2 1
github.com/mcpany/core/server/pkg/util/redact_fast.go:214.19,217.15 2 1
github.com/mcpany/core/server/pkg/util/redact_fast.go:217.15,218.46 1 1
github.com/mcpany/core/server/pkg/util/redact_fast.go:218.46,219.12 1 1
github.com/mcpany/core/server/pkg/util/redact_fast.go:221.6,221.9 1 1
github.com/mcpany/core/server/pkg/util/redact_fast.go:223.5,223.13 1 1
github.com/mcpany/core/server/pkg/util/redact_fast.go:224.10,224.26 1 1
github.com/mcpany/core/server/pkg/util/redact_fast.go:224.26,227.15 2 1
github.com/mcpany/core/server/pkg/util/redact_fast.go:227.15,228.57 1 1
github.com/mcpany/core/server/pkg/util/redact_fast.go:228.57,230.12 2 1
github.com/mcpany/core/server/pkg/util/redact_fast.go:232.6,232.9 1 1
github.com/mcpany/core/server/pkg/util/redact_fast.go:234.5,234.13 1 1
github.com/mcpany/core/server/pkg/util/redact_fast.go:237.3,237.8 1 1
github.com/mcpany/core/server/pkg/util/redact_fast.go:239.2,239.10 1 1
github.com/mcpany/core/server/pkg/util/redact_fast.go:243.49,244.25 1 1
github.com/mcpany/core/server/pkg/util/redact_fast.go:244.25,246.3 1 1
github.com/mcpany/core/server/pkg/util/redact_fast.go:248.2,249.11 2 1
github.com/mcpany/core/server/pkg/util/redact_fast.go:250.11,251.34 1 1
github.com/mcpany/core/server/pkg/util/redact_fast.go:252.11,253.34 1 1
github.com/mcpany/core/server/pkg/util/redact_fast.go:254.11,255.33 1 1
github.com/mcpany/core/server/pkg/util/redact_fast.go:256.21,257.35 1 1
github.com/mcpany/core/server/pkg/util/redact_fast.go:258.10,259.34 1 1
github.com/mcpany/core/server/pkg/util/redact_fast.go:263.46,268.12 4 1
github.com/mcpany/core/server/pkg/util/redact_fast.go:268.12,270.12 2 1
github.com/mcpany/core/server/pkg/util/redact_fast.go:271.12,272.11 1 1
github.com/mcpany/core/server/pkg/util/redact_fast.go:273.12,275.18 2 1
github.com/mcpany/core/server/pkg/util/redact_fast.go:275.18,277.5 1 1
github.com/mcpany/core/server/pkg/util/redact_fast.go:278.12,281.12 2 1
github.com/mcpany/core/server/pkg/util/redact_fast.go:282.12,284.15 1 1
github.com/mcpany/core/server/pkg/util/redact_fast.go:284.15,286.20 2 1
github.com/mcpany/core/server/pkg/util/redact_fast.go:286.20,289.16 2 1
github.com/mcpany/core/server/pkg/util/redact_fast.go:289.16,290.47 1 1
github.com/mcpany/core/server/pkg/util/redact_fast.go:290.47,291.13 1 1
github.com/mcpany/core/server/pkg/util/redact_fast.go:293.7,293.10 1 1
github.com/mcpany/core/server/pkg/util/redact_fast.go:295.6,295.14 1 1
github.com/mcpany/core/server/pkg/util/redact_fast.go:296.11,296.27 1 1
github.com/mcpany/core/server/pkg/util/redact_fast.go:296.27,299.16 2 1
github.com/mcpany/core/server/pkg/util/redact_fast.go:299.16,300.58 1 1
github.com/mcpany/core/server/pkg/util/redact_fast.go:300.58,302.13 2 1
github.com/mcpany/core/server/pkg/util/redact_fast.go:304.7,304.10 1 1
github.com/mcpany/core/server/pkg/util/redact_fast.go:306.6,306.14 1 1
github.com/mcpany/core/server/pkg/util/redact_fast.go:310.3,310.6 1 1
github.com/mcpany/core/server/pkg/util/redact_fast.go:312.2,312.10 1 1
github.com/mcpany/core/server/pkg/util/redact_fast.go:315.45,320.12 4 1
github.com/mcpany/core/server/pkg/util/redact_fast.go:320.12,322.12 2 1
github.com/mcpany/core/server/pkg/util/redact_fast.go:323.12,324.11 1 0
github.com/mcpany/core/server/pkg/util/redact_fast.go:325.12,327.18 2 1
github.com/mcpany/core/server/pkg/util/redact_fast.go:327.18,329.5 1 1
github.com/mcpany/core/server/pkg/util/redact_fast.go:330.12,332.12 2 1
github.com/mcpany/core/server/pkg/util/redact_fast.go:333.12,335.15 1 1
github.com/mcpany/core/server/pkg/util/redact_fast.go:335.15,337.20 2 1
github.com/mcpany/core/server/pkg/util/redact_fast.go:337.20,340.16 2 1
github.com/mcpany/core/server/pkg/util/redact_fast.go:340.16,341.47 1 1
github.com/mcpany/core/server/pkg/util/redact_fast.go:341.47,342.13 1 1
github.com/mcpany/core/server/pkg/util/redact_fast.go:344.7,344.10 1 1
github.com/mcpany/core/server/pkg/util/redact_fast.go:346.6,346.14 1 1
github.com/mcpany/core/server/pkg/util/redact_fast.go:347.11,347.27 1 1
github.com/mcpany/core/server/pkg/util/redact_fast.go:347.27,350.16 2 1
github.com/mcpany/core/server/pkg/util/redact_fast.go:350.16,351.58 1 1
github.com/mcpany/core/server/pkg/util/redact_fast.go:351.58,353.13 2 1
github.com/mcpany/core/server/pkg/util/redact_fast.go:355.7,355.10 1 1
github.com/mcpany/core/server/pkg/util/redact_fast.go:357.6,357.14 1 1
github.com/mcpany/core/server/pkg/util/redact_fast.go:361.3,361.6 1 1
github.com/mcpany/core/server/pkg/util/redact_fast.go:363.2,363.10 1 1
github.com/mcpany/core/server/pkg/util/redact_fast.go:366.47,369.21 2 1
github.com/mcpany/core/server/pkg/util/redact_fast.go:369.21,371.25 2 1
github.com/mcpany/core/server/pkg/util/redact_fast.go:371.25,373.4 1 1
github.com/mcpany/core/server/pkg/util/redact_fast.go:374.3,374.6 1 1
github.com/mcpany/core/server/pkg/util/redact_fast.go:376.2,376.10 1 1
github.com/mcpany/core/server/pkg/util/redact_fast.go:379.45,386.46 4 1
github.com/mcpany/core/server/pkg/util/redact_fast.go:386.46,390.10 1 1
github.com/mcpany/core/server/pkg/util/redact_fast.go:391.43,393.46 1 1
github.com/mcpany/core/server/pkg/util/redact_fast.go:393.46,395.5 1 1
github.com/mcpany/core/server/pkg/util/redact_fast.go:395.10,397.5 1 1
github.com/mcpany/core/server/pkg/util/redact_fast.go:398.45,400.70 1 1
github.com/mcpany/core/server/pkg/util/redact_fast.go:400.70,402.5 1 1
github.com/mcpany/core/server/pkg/util/redact_fast.go:402.10,405.5 1 1
github.com/mcpany/core/server/pkg/util/redact_fast.go:406.11,414.61 6 1
github.com/mcpany/core/server/pkg/util/redact_fast.go:414.61,416.5 1 1
github.com/mcpany/core/server/pkg/util/redact_fast.go:416.10,421.47 1 1
github.com/mcpany/core/server/pkg/util/redact_fast.go:421.47,423.6 1 1
github.com/mcpany/core/server/pkg/util/redact_fast.go:423.11,426.6 1 0
github.com/mcpany/core/server/pkg/util/redact_fast.go:429.8,431.3 1 1
github.com/mcpany/core/server/pkg/util/redact_fast.go:436.2,436.16 1 1
github.com/mcpany/core/server/pkg/util/redact_fast.go:436.16,438.3 1 1
github.com/mcpany/core/server/pkg/util/redact_fast.go:439.2,439.18 1 1
github.com/mcpany/core/server/pkg/util/redact_fast.go:445.64,450.12 4 1
github.com/mcpany/core/server/pkg/util/redact_fast.go:450.12,451.25 1 1
github.com/mcpany/core/server/pkg/util/redact_fast.go:451.25,453.4 1 1
github.com/mcpany/core/server/pkg/util/redact_fast.go:455.3,456.16 2 1
github.com/mcpany/core/server/pkg/util/redact_fast.go:456.16,458.14 2 1
github.com/mcpany/core/server/pkg/util/redact_fast.go:458.14,460.5 1 1
github.com/mcpany/core/server/pkg/util/redact_fast.go:461.4,461.20 1 1
github.com/mcpany/core/server/pkg/util/redact_fast.go:462.30,464.8 2 1
github.com/mcpany/core/server/pkg/util/redact_fast.go:465.13,467.8 2 1
github.com/mcpany/core/server/pkg/util/redact_fast.go:468.13,470.8 2 0
github.com/mcpany/core/server/pkg/util/redact_fast.go:471.13,473.8 2 1
github.com/mcpany/core/server/pkg/util/redact_fast.go:474.13,476.8 2 0
github.com/mcpany/core/server/pkg/util/redact_fast.go:477.13,479.8 2 1
github.com/mcpany/core/server/pkg/util/redact_fast.go:480.13,482.16 1 1
github.com/mcpany/core/server/pkg/util/redact_fast.go:482.16,485.29 3 1
github.com/mcpany/core/server/pkg/util/redact_fast.go:485.29,488.14 3 1
github.com/mcpany/core/server/pkg/util/redact_fast.go:489.33,490.24 1 1
github.com/mcpany/core/server/pkg/util/redact_fast.go:491.33,492.29 1 0
github.com/mcpany/core/server/pkg/util/redact_fast.go:493.33,494.29 1 0
github.com/mcpany/core/server/pkg/util/redact_fast.go:495.15,496.21 1 1
github.com/mcpany/core/server/pkg/util/redact_fast.go:498.7,498.17 1 1
github.com/mcpany/core/server/pkg/util/redact_fast.go:498.17,499.13 1 1
github.com/mcpany/core/server/pkg/util/redact_fast.go:501.7,501.27 1 1
github.com/mcpany/core/server/pkg/util/redact_fast.go:504.6,504.15 1 1
github.com/mcpany/core/server/pkg/util/redact_fast.go:504.15,505.21 1 1
github.com/mcpany/core/server/pkg/util/redact_fast.go:505.21,507.8 1 1
github.com/mcpany/core/server/pkg/util/redact_fast.go:507.13,511.8 1 0
github.com/mcpany/core/server/pkg/util/redact_fast.go:512.7,512.13 1 1
github.com/mcpany/core/server/pkg/util/redact_fast.go:513.12,516.7 2 1
github.com/mcpany/core/server/pkg/util/redact_fast.go:517.11,520.6 2 0
github.com/mcpany/core/server/pkg/util/redact_fast.go:521.12,524.8 2 1
github.com/mcpany/core/server/pkg/util/redact_fast.go:526.9,528.4 1 1
github.com/mcpany/core/server/pkg/util/redact_fast.go:529.3,530.11 2 1
github.com/mcpany/core/server/pkg/util/redact_fast.go:533.2,533.27 1 1
github.com/mcpany/core/server/pkg/util/redact_fast.go:538.57,550.12 7 1
github.com/mcpany/core/server/pkg/util/redact_fast.go:550.12,553.16 2 1
github.com/mcpany/core/server/pkg/util/redact_fast.go:553.16,555.14 2 1
github.com/mcpany/core/server/pkg/util/redact_fast.go:555.14,556.10 1 0
github.com/mcpany/core/server/pkg/util/redact_fast.go:558.4,558.25 1 1
github.com/mcpany/core/server/pkg/util/redact_fast.go:559.30,561.8 2 1
github.com/mcpany/core/server/pkg/util/redact_fast.go:562.13,564.8 2 1
github.com/mcpany/core/server/pkg/util/redact_fast.go:565.13,567.8 2 1
github.com/mcpany/core/server/pkg/util/redact_fast.go:568.13,570.8 2 1
github.com/mcpany/core/server/pkg/util/redact_fast.go:571.13,573.8 2 1
github.com/mcpany/core/server/pkg/util/redact_fast.go:574.13,576.8 2 1
github.com/mcpany/core/server/pkg/util/redact_fast.go:577.13,579.16 1 1
github.com/mcpany/core/server/pkg/util/redact_fast.go:579.16,583.29 3 1
github.com/mcpany/core/server/pkg/util/redact_fast.go:583.29,586.14 3 1
github.com/mcpany/core/server/pkg/util/redact_fast.go:587.33,588.24 1 1
github.com/mcpany/core/server/pkg/util/redact_fast.go:589.33,590.29 1 1
github.com/mcpany/core/server/pkg/util/redact_fast.go:591.33,592.29 1 0
github.com/mcpany/core/server/pkg/util/redact_fast.go:593.15,594.21 1 1
github.com/mcpany/core/server/pkg/util/redact_fast.go:596.7,596.17 1 1
github.com/mcpany/core/server/pkg/util/redact_fast.go:596.17,597.13 1 1
github.com/mcpany/core/server/pkg/util/redact_fast.go:599.7,599.27 1 1
github.com/mcpany/core/server/pkg/util/redact_fast.go:602.6,602.15 1 1
github.com/mcpany/core/server/pkg/util/redact_fast.go:602.15,608.21 1 1
github.com/mcpany/core/server/pkg/util/redact_fast.go:608.21,610.8 1 1
github.com/mcpany/core/server/pkg/util/redact_fast.go:610.13,614.8 1 0
github.com/mcpany/core/server/pkg/util/redact_fast.go:615.7,615.13 1 1
github.com/mcpany/core/server/pkg/util/redact_fast.go:616.12,620.7 2 1
github.com/mcpany/core/server/pkg/util/redact_fast.go:621.11,624.6 2 1
github.com/mcpany/core/server/pkg/util/redact_fast.go:625.12,628.8 2 1
github.com/mcpany/core/server/pkg/util/redact_fast.go:630.9,632.4 1 1
github.com/mcpany/core/server/pkg/util/redact_fast.go:634.3,639.26 3 1
github.com/mcpany/core/server/pkg/util/redact_fast.go:639.26,643.13 2 1
github.com/mcpany/core/server/pkg/util/redact_fast.go:643.13,646.5 2 1
github.com/mcpany/core/server/pkg/util/redact_fast.go:648.4,648.50 1 1
github.com/mcpany/core/server/pkg/util/redact_fast.go:648.50,650.5 1 0
github.com/mcpany/core/server/pkg/util/redact_fast.go:653.4,654.20 2 1
github.com/mcpany/core/server/pkg/util/redact_fast.go:658.2,658.16 1 1
github.com/mcpany/core/server/pkg/util/redact_fast.go:658.16,659.48 1 1
github.com/mcpany/core/server/pkg/util/redact_fast.go:659.48,661.4 1 1
github.com/mcpany/core/server/pkg/util/redact_fast.go:664.2,664.14 1 1
github.com/mcpany/core/server/pkg/util/redact_fast.go:667.46,672.21 2 1
github.com/mcpany/core/server/pkg/util/redact_fast.go:672.21,674.27 2 1
github.com/mcpany/core/server/pkg/util/redact_fast.go:674.27,676.4 1 1
github.com/mcpany/core/server/pkg/util/redact_fast.go:677.3,677.6 1 1
github.com/mcpany/core/server/pkg/util/redact_fast.go:679.2,679.10 1 1
github.com/mcpany/core/server/pkg/util/sanitize.go:15.52,16.14 1 1
github.com/mcpany/core/server/pkg/util/sanitize.go:16.14,18.3 1 1
github.com/mcpany/core/server/pkg/util/sanitize.go:20.2,22.33 2 1
github.com/mcpany/core/server/pkg/util/sanitize.go:22.33,24.3 1 1
github.com/mcpany/core/server/pkg/util/sanitize.go:26.2,26.14 1 1
github.com/mcpany/core/server/pkg/util/sanitize.go:30.70,31.14 1 1
github.com/mcpany/core/server/pkg/util/sanitize.go:31.14,33.3 1 1
github.com/mcpany/core/server/pkg/util/sanitize.go:34.2,36.33 2 1
github.com/mcpany/core/server/pkg/util/sanitize.go:36.33,38.3 1 1
github.com/mcpany/core/server/pkg/util/sanitize.go:40.2,40.24 1 1
github.com/mcpany/core/server/pkg/util/sanitize.go:40.24,42.3 1 1
github.com/mcpany/core/server/pkg/util/sanitize.go:44.2,44.14 1 1
github.com/mcpany/core/server/pkg/util/sanitize.go:49.82,50.14 1 1
github.com/mcpany/core/server/pkg/util/sanitize.go:50.14,52.3 1 1
github.com/mcpany/core/server/pkg/util/sanitize.go:54.2,54.34 1 1
github.com/mcpany/core/server/pkg/util/sanitize.go:55.39,56.22 1 1
github.com/mcpany/core/server/pkg/util/sanitize.go:56.22,57.29 1 1
github.com/mcpany/core/server/pkg/util/sanitize.go:57.29,59.5 1 1
github.com/mcpany/core/server/pkg/util/sanitize.go:61.4,61.78 1 1
github.com/mcpany/core/server/pkg/util/sanitize.go:61.78,63.5 1 1
github.com/mcpany/core/server/pkg/util/sanitize.go:65.44,66.27 1 1
github.com/mcpany/core/server/pkg/util/sanitize.go:66.27,68.4 1 1
github.com/mcpany/core/server/pkg/util/sanitize.go:69.42,70.25 1 1
github.com/mcpany/core/server/pkg/util/sanitize.go:70.25,72.74 2 1
github.com/mcpany/core/server/pkg/util/sanitize.go:72.74,74.5 1 1
github.com/mcpany/core/server/pkg/util/sanitize.go:76.39,77.22 1 1
github.com/mcpany/core/server/pkg/util/sanitize.go:77.22,80.4 2 1
github.com/mcpany/core/server/pkg/util/sanitize.go:81.46,82.105 1 1
github.com/mcpany/core/server/pkg/util/sanitize.go:82.105,84.4 1 1
github.com/mcpany/core/server/pkg/util/sanitize.go:87.2,87.10 1 1
github.com/mcpany/core/server/pkg/util/sanitize.go:91.67,92.14 1 1
github.com/mcpany/core/server/pkg/util/sanitize.go:92.14,94.3 1 0
github.com/mcpany/core/server/pkg/util/sanitize.go:95.2,95.50 1 1
github.com/mcpany/core/server/pkg/util/sanitize.go:95.50,97.3 1 1
github.com/mcpany/core/server/pkg/util/sanitize.go:98.2,98.52 1 1
github.com/mcpany/core/server/pkg/util/sanitize.go:98.52,100.3 1 1
github.com/mcpany/core/server/pkg/util/sanitize.go:101.2,101.10 1 1
github.com/mcpany/core/server/pkg/util/sanitize.go:105.73,106.14 1 1
github.com/mcpany/core/server/pkg/util/sanitize.go:106.14,108.3 1 0
github.com/mcpany/core/server/pkg/util/sanitize.go:110.2,110.24 1 1
github.com/mcpany/core/server/pkg/util/sanitize.go:111.43,112.71 1 1
github.com/mcpany/core/server/pkg/util/sanitize.go:113.47,115.34 2 1
github.com/mcpany/core/server/pkg/util/sanitize.go:115.34,117.4 1 1
github.com/mcpany/core/server/pkg/util/sanitize.go:118.39,120.15 2 1
github.com/mcpany/core/server/pkg/util/sanitize.go:120.15,122.4 1 1
github.com/mcpany/core/server/pkg/util/sanitize.go:125.2,125.10 1 1
github.com/mcpany/core/server/pkg/util/secrets.go:42.87,44.2 1 1
github.com/mcpany/core/server/pkg/util/secrets.go:46.107,47.37 1 1
github.com/mcpany/core/server/pkg/util/secrets.go:47.37,49.3 1 1
github.com/mcpany/core/server/pkg/util/secrets.go:51.2,51.19 1 1
github.com/mcpany/core/server/pkg/util/secrets.go:51.19,53.3 1 1
github.com/mcpany/core/server/pkg/util/secrets.go:55.2,55.29 1 1
github.com/mcpany/core/server/pkg/util/secrets.go:56.43,57.55 1 1
github.com/mcpany/core/server/pkg/util/secrets.go:58.53,61.10 3 1
github.com/mcpany/core/server/pkg/util/secrets.go:61.10,63.4 1 1
github.com/mcpany/core/server/pkg/util/secrets.go:64.3,64.39 1 1
github.com/mcpany/core/server/pkg/util/secrets.go:65.42,66.72 1 1
github.com/mcpany/core/server/pkg/util/secrets.go:66.72,68.4 1 1
github.com/mcpany/core/server/pkg/util/secrets.go:71.3,72.17 2 1
github.com/mcpany/core/server/pkg/util/secrets.go:72.17,74.4 1 1
github.com/mcpany/core/server/pkg/util/secrets.go:75.3,75.49 1 1
github.com/mcpany/core/server/pkg/util/secrets.go:76.47,79.17 3 1
github.com/mcpany/core/server/pkg/util/secrets.go:79.17,81.4 1 0
github.com/mcpany/core/server/pkg/util/secrets.go:83.3,83.44 1 1
github.com/mcpany/core/server/pkg/util/secrets.go:83.44,84.49 1 1
github.com/mcpany/core/server/pkg/util/secrets.go:84.49,86.19 2 1
github.com/mcpany/core/server/pkg/util/secrets.go:86.19,88.6 1 1
github.com/mcpany/core/server/pkg/util/secrets.go:89.5,89.55 1 1
github.com/mcpany/core/server/pkg/util/secrets.go:90.10,90.61 1 1
github.com/mcpany/core/server/pkg/util/secrets.go:90.61,92.19 2 1
github.com/mcpany/core/server/pkg/util/secrets.go:92.19,94.6 1 1
github.com/mcpany/core/server/pkg/util/secrets.go:95.5,95.53 1 1
github.com/mcpany/core/server/pkg/util/secrets.go:96.10,96.57 1 1
github.com/mcpany/core/server/pkg/util/secrets.go:96.57,98.19 2 1
github.com/mcpany/core/server/pkg/util/secrets.go:98.19,100.6 1 1
github.com/mcpany/core/server/pkg/util/secrets.go:101.5,101.52 1 1
github.com/mcpany/core/server/pkg/util/secrets.go:102.10,102.64 1 1
github.com/mcpany/core/server/pkg/util/secrets.go:102.64,104.19 2 1
github.com/mcpany/core/server/pkg/util/secrets.go:104.19,106.6 1 1
github.com/mcpany/core/server/pkg/util/secrets.go:107.5,108.19 2 1
github.com/mcpany/core/server/pkg/util/secrets.go:108.19,110.6 1 1
github.com/mcpany/core/server/pkg/util/secrets.go:112.5,122.19 4 1
github.com/mcpany/core/server/pkg/util/secrets.go:122.19,124.6 1 1
github.com/mcpany/core/server/pkg/util/secrets.go:126.5,126.65 1 1
github.com/mcpany/core/server/pkg/util/secrets.go:130.3,131.17 2 1
github.com/mcpany/core/server/pkg/util/secrets.go:131.17,133.4 1 1
github.com/mcpany/core/server/pkg/util/secrets.go:134.3,134.16 1 1
github.com/mcpany/core/server/pkg/util/secrets.go:134.16,134.41 1 1
github.com/mcpany/core/server/pkg/util/secrets.go:136.3,136.39 1 1
github.com/mcpany/core/server/pkg/util/secrets.go:136.39,138.4 1 1
github.com/mcpany/core/server/pkg/util/secrets.go:140.3,141.17 2 1
github.com/mcpany/core/server/pkg/util/secrets.go:141.17,143.4 1 1
github.com/mcpany/core/server/pkg/util/secrets.go:144.3,144.46 1 1
github.com/mcpany/core/server/pkg/util/secrets.go:145.39,152.17 4 1
github.com/mcpany/core/server/pkg/util/secrets.go:152.17,154.4 1 0
github.com/mcpany/core/server/pkg/util/secrets.go:155.3,156.17 2 1
github.com/mcpany/core/server/pkg/util/secrets.go:156.17,158.4 1 1
github.com/mcpany/core/server/pkg/util/secrets.go:159.3,163.23 2 1
github.com/mcpany/core/server/pkg/util/secrets.go:163.23,165.4 1 1
github.com/mcpany/core/server/pkg/util/secrets.go:182.3,183.17 2 1
github.com/mcpany/core/server/pkg/util/secrets.go:183.17,185.4 1 0
github.com/mcpany/core/server/pkg/util/secrets.go:186.3,186.38 1 1
github.com/mcpany/core/server/pkg/util/secrets.go:186.38,188.4 1 1
github.com/mcpany/core/server/pkg/util/secrets.go:191.3,191.71 1 1
github.com/mcpany/core/server/pkg/util/secrets.go:191.71,192.66 1 1
github.com/mcpany/core/server/pkg/util/secrets.go:192.66,194.5 1 1
github.com/mcpany/core/server/pkg/util/secrets.go:198.3,199.10 2 1
github.com/mcpany/core/server/pkg/util/secrets.go:199.10,201.4 1 1
github.com/mcpany/core/server/pkg/util/secrets.go:202.3,202.39 1 1
github.com/mcpany/core/server/pkg/util/secrets.go:203.50,210.33 3 1
github.com/mcpany/core/server/pkg/util/secrets.go:210.33,212.4 1 1
github.com/mcpany/core/server/pkg/util/secrets.go:213.3,213.34 1 1
github.com/mcpany/core/server/pkg/util/secrets.go:213.34,215.4 1 0
github.com/mcpany/core/server/pkg/util/secrets.go:218.3,219.17 2 1
github.com/mcpany/core/server/pkg/util/secrets.go:219.17,221.4 1 0
github.com/mcpany/core/server/pkg/util/secrets.go:223.3,228.36 3 1
github.com/mcpany/core/server/pkg/util/secrets.go:228.36,230.4 1 0
github.com/mcpany/core/server/pkg/util/secrets.go:231.3,231.39 1 1
github.com/mcpany/core/server/pkg/util/secrets.go:231.39,233.4 1 0
github.com/mcpany/core/server/pkg/util/secrets.go:239.3,240.17 2 1
github.com/mcpany/core/server/pkg/util/secrets.go:240.17,242.4 1 1
github.com/mcpany/core/server/pkg/util/secrets.go:244.3,244.33 1 1
github.com/mcpany/core/server/pkg/util/secrets.go:244.33,245.34 1 0
github.com/mcpany/core/server/pkg/util/secrets.go:245.34,247.5 1 0
github.com/mcpany/core/server/pkg/util/secrets.go:248.4,248.67 1 0
github.com/mcpany/core/server/pkg/util/secrets.go:251.3,253.34 2 1
github.com/mcpany/core/server/pkg/util/secrets.go:253.34,255.72 2 1
github.com/mcpany/core/server/pkg/util/secrets.go:255.72,257.5 1 0
github.com/mcpany/core/server/pkg/util/secrets.go:259.4,260.11 2 1
github.com/mcpany/core/server/pkg/util/secrets.go:260.11,262.5 1 0
github.com/mcpany/core/server/pkg/util/secrets.go:265.4,265.38 1 1
github.com/mcpany/core/server/pkg/util/secrets.go:265.38,267.5 1 1
github.com/mcpany/core/server/pkg/util/secrets.go:269.4,269.57 1 1
github.com/mcpany/core/server/pkg/util/secrets.go:272.3,272.43 1 1
github.com/mcpany/core/server/pkg/util/secrets.go:273.10,274.17 1 1
github.com/mcpany/core/server/pkg/util/secrets.go:291.143,293.29 2 1
github.com/mcpany/core/server/pkg/util/secrets.go:293.29,295.3 1 1
github.com/mcpany/core/server/pkg/util/secrets.go:296.2,296.30 1 1
github.com/mcpany/core/server/pkg/util/secrets.go:296.30,298.17 2 1
github.com/mcpany/core/server/pkg/util/secrets.go:298.17,300.4 1 1
github.com/mcpany/core/server/pkg/util/secrets.go:301.3,301.23 1 1
github.com/mcpany/core/server/pkg/util/secrets.go:303.2,303.20 1 1
github.com/mcpany/core/server/pkg/util/secrets.go:310.64,314.3 1 0
github.com/mcpany/core/server/pkg/util/secrets.go:316.82,318.61 2 1
github.com/mcpany/core/server/pkg/util/secrets.go:318.61,320.5 1 1
github.com/mcpany/core/server/pkg/util/secrets.go:321.4,321.68 1 1
github.com/mcpany/core/server/pkg/util/secrets.go:321.68,323.5 1 1
github.com/mcpany/core/server/pkg/util/secrets.go:325.4,325.49 1 1
github.com/mcpany/core/server/pkg/util/secrets_sanitizer.go:13.67,14.16 1 1
github.com/mcpany/core/server/pkg/util/secrets_sanitizer.go:14.16,16.3 1 0
github.com/mcpany/core/server/pkg/util/secrets_sanitizer.go:17.2,17.29 1 1
github.com/mcpany/core/server/pkg/util/secrets_sanitizer.go:17.29,19.3 1 1
github.com/mcpany/core/server/pkg/util/secrets_sanitizer.go:20.2,20.31 1 1
github.com/mcpany/core/server/pkg/util/secrets_sanitizer.go:20.31,22.3 1 0
github.com/mcpany/core/server/pkg/util/secrets_sanitizer.go:25.2,25.39 1 1
github.com/mcpany/core/server/pkg/util/secrets_sanitizer.go:26.58,27.59 1 1
github.com/mcpany/core/server/pkg/util/secrets_sanitizer.go:28.51,29.45 1 1
github.com/mcpany/core/server/pkg/util/secrets_sanitizer.go:30.50,31.43 1 1
github.com/mcpany/core/server/pkg/util/secrets_sanitizer.go:32.57,33.57 1 1
github.com/mcpany/core/server/pkg/util/secrets_sanitizer.go:34.53,35.49 1 1
github.com/mcpany/core/server/pkg/util/secrets_sanitizer.go:36.56,37.55 1 1
github.com/mcpany/core/server/pkg/util/secrets_sanitizer.go:38.53,39.49 1 1
github.com/mcpany/core/server/pkg/util/secrets_sanitizer.go:40.51,41.45 1 1
github.com/mcpany/core/server/pkg/util/secrets_sanitizer.go:42.54,43.51 1 1
github.com/mcpany/core/server/pkg/util/secrets_sanitizer.go:44.54,44.54 0 0
github.com/mcpany/core/server/pkg/util/secrets_sanitizer.go:46.50,46.50 0 0
github.com/mcpany/core/server/pkg/util/secrets_sanitizer.go:51.2,51.40 1 1
github.com/mcpany/core/server/pkg/util/secrets_sanitizer.go:51.40,53.3 1 1
github.com/mcpany/core/server/pkg/util/secrets_sanitizer.go:54.2,54.41 1 1
github.com/mcpany/core/server/pkg/util/secrets_sanitizer.go:54.41,56.3 1 0
github.com/mcpany/core/server/pkg/util/secrets_sanitizer.go:59.2,59.22 1 1
github.com/mcpany/core/server/pkg/util/secrets_sanitizer.go:59.22,61.3 1 1
github.com/mcpany/core/server/pkg/util/secrets_sanitizer.go:67.67,68.20 1 1
github.com/mcpany/core/server/pkg/util/secrets_sanitizer.go:68.20,70.3 1 0
github.com/mcpany/core/server/pkg/util/secrets_sanitizer.go:71.2,71.41 1 1
github.com/mcpany/core/server/pkg/util/secrets_sanitizer.go:71.41,73.3 1 1
github.com/mcpany/core/server/pkg/util/secrets_sanitizer.go:79.66,80.23 1 1
github.com/mcpany/core/server/pkg/util/secrets_sanitizer.go:80.23,82.3 1 0
github.com/mcpany/core/server/pkg/util/secrets_sanitizer.go:83.2,83.42 1 1
github.com/mcpany/core/server/pkg/util/secrets_sanitizer.go:83.42,85.3 1 1
github.com/mcpany/core/server/pkg/util/secrets_sanitizer.go:91.58,92.17 1 1
github.com/mcpany/core/server/pkg/util/secrets_sanitizer.go:92.17,94.3 1 0
github.com/mcpany/core/server/pkg/util/secrets_sanitizer.go:96.2,96.47 1 1
github.com/mcpany/core/server/pkg/util/secrets_sanitizer.go:96.47,98.38 2 1
github.com/mcpany/core/server/pkg/util/secrets_sanitizer.go:98.38,100.4 1 0
github.com/mcpany/core/server/pkg/util/secrets_sanitizer.go:102.2,102.52 1 1
github.com/mcpany/core/server/pkg/util/secrets_sanitizer.go:102.52,104.3 1 0
github.com/mcpany/core/server/pkg/util/secrets_sanitizer.go:105.2,105.48 1 1
github.com/mcpany/core/server/pkg/util/secrets_sanitizer.go:105.48,108.3 1 1
github.com/mcpany/core/server/pkg/util/secrets_sanitizer.go:109.2,109.45 1 1
github.com/mcpany/core/server/pkg/util/secrets_sanitizer.go:109.45,112.3 2 0
github.com/mcpany/core/server/pkg/util/secrets_sanitizer.go:116.81,117.14 1 1
github.com/mcpany/core/server/pkg/util/secrets_sanitizer.go:117.14,119.3 1 0
github.com/mcpany/core/server/pkg/util/secrets_sanitizer.go:120.2,121.31 2 1
github.com/mcpany/core/server/pkg/util/secrets_sanitizer.go:121.31,123.3 1 1
github.com/mcpany/core/server/pkg/util/secrets_sanitizer.go:126.67,127.14 1 1
github.com/mcpany/core/server/pkg/util/secrets_sanitizer.go:127.14,129.3 1 0
github.com/mcpany/core/server/pkg/util/secrets_sanitizer.go:130.2,130.31 1 1
github.com/mcpany/core/server/pkg/util/secrets_sanitizer.go:130.31,132.3 1 1
github.com/mcpany/core/server/pkg/util/secrets_sanitizer.go:135.65,136.14 1 1
github.com/mcpany/core/server/pkg/util/secrets_sanitizer.go:136.14,138.3 1 0
github.com/mcpany/core/server/pkg/util/secrets_sanitizer.go:139.2,139.41 1 1
github.com/mcpany/core/server/pkg/util/secrets_sanitizer.go:140.52,141.54 1 1
github.com/mcpany/core/server/pkg/util/secrets_sanitizer.go:142.53,143.55 1 1
github.com/mcpany/core/server/pkg/util/secrets_sanitizer.go:145.2,145.31 1 1
github.com/mcpany/core/server/pkg/util/secrets_sanitizer.go:145.31,147.3 1 0
github.com/mcpany/core/server/pkg/util/secrets_sanitizer.go:150.79,151.14 1 1
github.com/mcpany/core/server/pkg/util/secrets_sanitizer.go:151.14,153.3 1 0
github.com/mcpany/core/server/pkg/util/secrets_sanitizer.go:154.2,154.39 1 1
github.com/mcpany/core/server/pkg/util/secrets_sanitizer.go:155.46,156.35 1 1
github.com/mcpany/core/server/pkg/util/secrets_sanitizer.go:156.35,158.4 1 1
github.com/mcpany/core/server/pkg/util/secrets_sanitizer.go:159.3,159.32 1 1
github.com/mcpany/core/server/pkg/util/secrets_sanitizer.go:159.32,161.4 1 1
github.com/mcpany/core/server/pkg/util/secrets_sanitizer.go:162.48,163.30 1 0
github.com/mcpany/core/server/pkg/util/secrets_sanitizer.go:163.30,165.4 1 0
github.com/mcpany/core/server/pkg/util/secrets_sanitizer.go:169.71,170.14 1 1
github.com/mcpany/core/server/pkg/util/secrets_sanitizer.go:170.14,172.3 1 0
github.com/mcpany/core/server/pkg/util/secrets_sanitizer.go:173.2,173.37 1 1
github.com/mcpany/core/server/pkg/util/secrets_sanitizer.go:174.48,175.32 1 1
github.com/mcpany/core/server/pkg/util/secrets_sanitizer.go:175.32,177.4 1 1
github.com/mcpany/core/server/pkg/util/secrets_sanitizer.go:178.46,179.30 1 1
github.com/mcpany/core/server/pkg/util/secrets_sanitizer.go:179.30,181.4 1 1
github.com/mcpany/core/server/pkg/util/secrets_sanitizer.go:182.3,182.32 1 1
github.com/mcpany/core/server/pkg/util/secrets_sanitizer.go:182.32,184.4 1 1
github.com/mcpany/core/server/pkg/util/secrets_sanitizer.go:188.77,189.14 1 1
github.com/mcpany/core/server/pkg/util/secrets_sanitizer.go:189.14,191.3 1 0
github.com/mcpany/core/server/pkg/util/secrets_sanitizer.go:192.2,192.31 1 1
github.com/mcpany/core/server/pkg/util/secrets_sanitizer.go:192.31,194.3 1 1
github.com/mcpany/core/server/pkg/util/secrets_sanitizer.go:197.71,198.14 1 1
github.com/mcpany/core/server/pkg/util/secrets_sanitizer.go:198.14,200.3 1 0
github.com/mcpany/core/server/pkg/util/secrets_sanitizer.go:201.2,201.31 1 1
github.com/mcpany/core/server/pkg/util/secrets_sanitizer.go:201.31,203.3 1 1
github.com/mcpany/core/server/pkg/util/secrets_sanitizer.go:206.68,209.2 0 1
github.com/mcpany/core/server/pkg/util/secrets_sanitizer.go:211.74,214.2 0 1
github.com/mcpany/core/server/pkg/util/secrets_sanitizer.go:216.49,217.14 1 1
github.com/mcpany/core/server/pkg/util/secrets_sanitizer.go:217.14,219.3 1 1
github.com/mcpany/core/server/pkg/util/secrets_sanitizer.go:220.2,220.37 1 1
github.com/mcpany/core/server/pkg/util/secrets_sanitizer.go:220.37,223.3 1 1
github.com/mcpany/core/server/pkg/util/secrets_sanitizer.go:226.59,227.41 1 1
github.com/mcpany/core/server/pkg/util/secrets_sanitizer.go:227.41,229.3 1 1
github.com/mcpany/core/server/pkg/util/secrets_sanitizer.go:231.2,234.59 2 1
github.com/mcpany/core/server/pkg/util/secrets_sanitizer.go:234.59,236.3 1 1
github.com/mcpany/core/server/pkg/util/secrets_sanitizer.go:240.77,241.14 1 1
github.com/mcpany/core/server/pkg/util/secrets_sanitizer.go:241.14,243.3 1 0
github.com/mcpany/core/server/pkg/util/secrets_sanitizer.go:244.2,244.37 1 1
github.com/mcpany/core/server/pkg/util/secrets_sanitizer.go:244.37,246.3 1 1
github.com/mcpany/core/server/pkg/util/secrets_sanitizer.go:249.63,250.14 1 1
github.com/mcpany/core/server/pkg/util/secrets_sanitizer.go:250.14,252.3 1 0
github.com/mcpany/core/server/pkg/util/secrets_sanitizer.go:253.2,253.37 1 1
github.com/mcpany/core/server/pkg/util/secrets_sanitizer.go:253.37,255.3 1 1
github.com/mcpany/core/server/pkg/util/secrets_sanitizer.go:258.73,259.14 1 1
github.com/mcpany/core/server/pkg/util/secrets_sanitizer.go:259.14,261.3 1 0
github.com/mcpany/core/server/pkg/util/secrets_sanitizer.go:262.2,262.37 1 1
github.com/mcpany/core/server/pkg/util/secrets_sanitizer.go:262.37,264.3 1 1
github.com/mcpany/core/server/pkg/util/secrets_sanitizer.go:267.67,268.14 1 1
github.com/mcpany/core/server/pkg/util/secrets_sanitizer.go:268.14,270.3 1 0
github.com/mcpany/core/server/pkg/util/secrets_sanitizer.go:271.2,271.37 1 1
github.com/mcpany/core/server/pkg/util/secrets_sanitizer.go:271.37,273.3 1 1
github.com/mcpany/core/server/pkg/util/secrets_sanitizer.go:276.62,279.2 0 1
github.com/mcpany/core/server/pkg/util/secrets_sanitizer.go:281.68,282.23 1 1
github.com/mcpany/core/server/pkg/util/secrets_sanitizer.go:282.23,284.3 1 1
github.com/mcpany/core/server/pkg/util/secrets_sanitizer.go:287.49,288.15 1 1
github.com/mcpany/core/server/pkg/util/secrets_sanitizer.go:288.15,290.3 1 1
github.com/mcpany/core/server/pkg/util/secrets_sanitizer.go:292.2,292.61 1 1
github.com/mcpany/core/server/pkg/util/secrets_sanitizer.go:292.61,294.3 1 1
github.com/mcpany/core/server/pkg/util/secrets_sanitizer.go:301.109,302.37 1 1
github.com/mcpany/core/server/pkg/util/secrets_sanitizer.go:302.37,304.3 1 0
github.com/mcpany/core/server/pkg/util/secrets_sanitizer.go:306.2,306.43 1 1
github.com/mcpany/core/server/pkg/util/secrets_sanitizer.go:306.43,308.3 1 1
github.com/mcpany/core/server/pkg/util/secrets_sanitizer.go:311.2,311.39 1 1
github.com/mcpany/core/server/pkg/util/secrets_sanitizer.go:312.58,313.46 1 1
github.com/mcpany/core/server/pkg/util/secrets_sanitizer.go:313.46,315.49 2 1
github.com/mcpany/core/server/pkg/util/secrets_sanitizer.go:315.49,317.5 1 1
github.com/mcpany/core/server/pkg/util/secrets_sanitizer.go:319.50,320.38 1 1
github.com/mcpany/core/server/pkg/util/secrets_sanitizer.go:320.38,321.45 1 1
github.com/mcpany/core/server/pkg/util/secrets_sanitizer.go:322.54,323.52 1 1
github.com/mcpany/core/server/pkg/util/secrets_sanitizer.go:323.52,325.6 1 1
github.com/mcpany/core/server/pkg/util/secrets_sanitizer.go:326.55,327.55 1 1
github.com/mcpany/core/server/pkg/util/secrets_sanitizer.go:327.55,329.6 1 1
github.com/mcpany/core/server/pkg/util/secrets_sanitizer.go:332.51,333.54 1 1
github.com/mcpany/core/server/pkg/util/secrets_sanitizer.go:334.56,335.64 1 1
github.com/mcpany/core/server/pkg/util/secrets_sanitizer.go:336.53,337.58 1 1
github.com/mcpany/core/server/pkg/util/secrets_sanitizer.go:341.109,342.14 1 1
github.com/mcpany/core/server/pkg/util/secrets_sanitizer.go:342.14,344.3 1 0
github.com/mcpany/core/server/pkg/util/secrets_sanitizer.go:345.2,345.31 1 1
github.com/mcpany/core/server/pkg/util/secrets_sanitizer.go:345.31,346.18 1 1
github.com/mcpany/core/server/pkg/util/secrets_sanitizer.go:346.18,347.12 1 0
github.com/mcpany/core/server/pkg/util/secrets_sanitizer.go:349.3,349.41 1 1
github.com/mcpany/core/server/pkg/util/secrets_sanitizer.go:349.41,351.4 1 1
github.com/mcpany/core/server/pkg/util/secrets_sanitizer.go:355.119,356.14 1 1
github.com/mcpany/core/server/pkg/util/secrets_sanitizer.go:356.14,358.3 1 0
github.com/mcpany/core/server/pkg/util/secrets_sanitizer.go:359.2,359.31 1 1
github.com/mcpany/core/server/pkg/util/secrets_sanitizer.go:359.31,360.18 1 1
github.com/mcpany/core/server/pkg/util/secrets_sanitizer.go:360.18,361.12 1 0
github.com/mcpany/core/server/pkg/util/secrets_sanitizer.go:363.3,363.41 1 1
github.com/mcpany/core/server/pkg/util/secrets_sanitizer.go:363.41,365.4 1 1
github.com/mcpany/core/server/pkg/util/secrets_sanitizer.go:369.113,370.14 1 1
github.com/mcpany/core/server/pkg/util/secrets_sanitizer.go:370.14,372.3 1 0
github.com/mcpany/core/server/pkg/util/secrets_sanitizer.go:373.2,373.31 1 1
github.com/mcpany/core/server/pkg/util/secrets_sanitizer.go:373.31,374.18 1 1
github.com/mcpany/core/server/pkg/util/secrets_sanitizer.go:374.18,375.12 1 0
github.com/mcpany/core/server/pkg/util/secrets_sanitizer.go:377.3,377.41 1 1
github.com/mcpany/core/server/pkg/util/secrets_sanitizer.go:377.41,379.4 1 1
github.com/mcpany/core/server/pkg/util/secrets_sanitizer.go:383.106,384.26 1 1
github.com/mcpany/core/server/pkg/util/secrets_sanitizer.go:384.26,386.3 1 1
github.com/mcpany/core/server/pkg/util/secrets_sanitizer.go:389.100,390.47 1 1
github.com/mcpany/core/server/pkg/util/secrets_sanitizer.go:390.47,392.3 1 1
github.com/mcpany/core/server/pkg/util/secrets_sanitizer.go:393.2,393.52 1 1
github.com/mcpany/core/server/pkg/util/secrets_sanitizer.go:393.52,395.3 1 1
github.com/mcpany/core/server/pkg/util/secrets_sanitizer.go:396.2,396.48 1 1
github.com/mcpany/core/server/pkg/util/secrets_sanitizer.go:396.48,398.3 1 1
github.com/mcpany/core/server/pkg/util/secrets_sanitizer.go:399.2,399.45 1 1
github.com/mcpany/core/server/pkg/util/secrets_sanitizer.go:399.45,402.3 2 1
github.com/mcpany/core/server/pkg/util/secrets_sanitizer.go:405.93,406.15 1 1
github.com/mcpany/core/server/pkg/util/secrets_sanitizer.go:406.15,408.3 1 0
github.com/mcpany/core/server/pkg/util/secrets_sanitizer.go:410.2,410.76 1 1
github.com/mcpany/core/server/pkg/util/secrets_sanitizer.go:410.76,412.45 2 1
github.com/mcpany/core/server/pkg/util/secrets_sanitizer.go:412.45,416.4 1 1
github.com/mcpany/core/server/pkg/util/string.go:11.45,14.32 1 1
github.com/mcpany/core/server/pkg/util/string.go:14.32,16.3 1 1
github.com/mcpany/core/server/pkg/util/string.go:18.2,21.12 3 1
github.com/mcpany/core/server/pkg/util/string.go:21.12,23.3 1 0
github.com/mcpany/core/server/pkg/util/string.go:24.2,24.12 1 1
github.com/mcpany/core/server/pkg/util/string.go:24.12,26.3 1 0
github.com/mcpany/core/server/pkg/util/string.go:31.2,31.11 1 1
github.com/mcpany/core/server/pkg/util/string.go:31.11,34.3 2 0
github.com/mcpany/core/server/pkg/util/string.go:37.2,42.26 3 1
github.com/mcpany/core/server/pkg/util/string.go:42.26,44.3 1 1
github.com/mcpany/core/server/pkg/util/string.go:46.2,46.26 1 1
github.com/mcpany/core/server/pkg/util/string.go:46.26,48.27 2 1
github.com/mcpany/core/server/pkg/util/string.go:48.27,50.26 2 1
github.com/mcpany/core/server/pkg/util/string.go:50.26,52.5 1 1
github.com/mcpany/core/server/pkg/util/string.go:53.4,57.5 1 1
github.com/mcpany/core/server/pkg/util/string.go:60.3,60.18 1 1
github.com/mcpany/core/server/pkg/util/string.go:63.2,63.14 1 1
github.com/mcpany/core/server/pkg/util/string.go:66.29,67.30 1 1
github.com/mcpany/core/server/pkg/util/string.go:67.30,68.28 1 1
github.com/mcpany/core/server/pkg/util/string.go:68.28,70.4 1 1
github.com/mcpany/core/server/pkg/util/string.go:72.2,72.13 1 1
github.com/mcpany/core/server/pkg/util/string.go:75.42,78.12 2 1
github.com/mcpany/core/server/pkg/util/string.go:78.12,80.3 1 1
github.com/mcpany/core/server/pkg/util/string.go:81.2,81.12 1 1
github.com/mcpany/core/server/pkg/util/string.go:81.12,83.3 1 1
github.com/mcpany/core/server/pkg/util/string.go:85.2,85.11 1 1
github.com/mcpany/core/server/pkg/util/string.go:85.11,88.3 2 1
github.com/mcpany/core/server/pkg/util/string.go:94.2,97.16 3 1
github.com/mcpany/core/server/pkg/util/string.go:97.16,100.3 2 1
github.com/mcpany/core/server/pkg/util/string.go:100.8,103.3 2 0
github.com/mcpany/core/server/pkg/util/string.go:106.2,106.26 1 1
github.com/mcpany/core/server/pkg/util/string.go:106.26,108.3 1 1
github.com/mcpany/core/server/pkg/util/string.go:110.2,110.26 1 1
github.com/mcpany/core/server/pkg/util/string.go:110.26,112.27 2 1
github.com/mcpany/core/server/pkg/util/string.go:112.27,114.26 2 1
github.com/mcpany/core/server/pkg/util/string.go:114.26,116.5 1 1
github.com/mcpany/core/server/pkg/util/string.go:117.4,121.5 1 1
github.com/mcpany/core/server/pkg/util/string.go:124.3,124.18 1 1
github.com/mcpany/core/server/pkg/util/string.go:127.2,127.14 1 1
github.com/mcpany/core/server/pkg/util/tls.go:26.80,29.22 2 1
github.com/mcpany/core/server/pkg/util/tls.go:29.22,35.38 2 1
github.com/mcpany/core/server/pkg/util/tls.go:35.38,37.18 2 1
github.com/mcpany/core/server/pkg/util/tls.go:37.18,39.5 1 1
github.com/mcpany/core/server/pkg/util/tls.go:40.4,41.56 2 1
github.com/mcpany/core/server/pkg/util/tls.go:41.56,43.5 1 1
github.com/mcpany/core/server/pkg/util/tls.go:44.4,44.40 1 1
github.com/mcpany/core/server/pkg/util/tls.go:47.3,47.80 1 1
github.com/mcpany/core/server/pkg/util/tls.go:47.80,49.18 2 1
github.com/mcpany/core/server/pkg/util/tls.go:49.18,51.5 1 1
github.com/mcpany/core/server/pkg/util/tls.go:52.4,52.64 1 1
github.com/mcpany/core/server/pkg/util/tls.go:59.2,64.58 4 1
github.com/mcpany/core/server/pkg/util/tls.go:64.58,67.3 2 1
github.com/mcpany/core/server/pkg/util/tls.go:70.2,76.8 4 1
github.com/mcpany/core/server/pkg/util/util.go:61.115,62.19 1 1
github.com/mcpany/core/server/pkg/util/util.go:62.19,64.3 1 1
github.com/mcpany/core/server/pkg/util/util.go:67.2,67.40 1 1
github.com/mcpany/core/server/pkg/util/util.go:67.40,69.15 2 1
github.com/mcpany/core/server/pkg/util/util.go:69.15,71.4 1 1
github.com/mcpany/core/server/pkg/util/util.go:72.3,72.42 1 1
github.com/mcpany/core/server/pkg/util/util.go:72.42,74.33 2 1
github.com/mcpany/core/server/pkg/util/util.go:74.33,75.39 1 1
github.com/mcpany/core/server/pkg/util/util.go:75.39,77.11 2 1
github.com/mcpany/core/server/pkg/util/util.go:80.4,80.15 1 1
github.com/mcpany/core/server/pkg/util/util.go:80.15,82.5 1 1
github.com/mcpany/core/server/pkg/util/util.go:87.2,88.30 2 1
github.com/mcpany/core/server/pkg/util/util.go:88.30,90.3 1 1
github.com/mcpany/core/server/pkg/util/util.go:90.8,90.37 1 1
github.com/mcpany/core/server/pkg/util/util.go:90.37,92.3 1 1
github.com/mcpany/core/server/pkg/util/util.go:95.2,96.25 2 1
github.com/mcpany/core/server/pkg/util/util.go:96.25,97.15 1 1
github.com/mcpany/core/server/pkg/util/util.go:97.15,99.4 1 1
github.com/mcpany/core/server/pkg/util/util.go:100.3,104.12 3 1
github.com/mcpany/core/server/pkg/util/util.go:104.12,106.4 1 1
github.com/mcpany/core/server/pkg/util/util.go:109.2,112.25 3 1
github.com/mcpany/core/server/pkg/util/util.go:112.25,113.12 1 1
github.com/mcpany/core/server/pkg/util/util.go:113.12,115.4 1 1
github.com/mcpany/core/server/pkg/util/util.go:117.3,117.106 1 1
github.com/mcpany/core/server/pkg/util/util.go:117.106,119.4 1 0
github.com/mcpany/core/server/pkg/util/util.go:122.2,122.25 1 1
github.com/mcpany/core/server/pkg/util/util.go:125.125,128.31 2 1
github.com/mcpany/core/server/pkg/util/util.go:128.31,129.26 1 1
github.com/mcpany/core/server/pkg/util/util.go:129.26,131.4 1 1
github.com/mcpany/core/server/pkg/util/util.go:134.2,138.50 4 1
github.com/mcpany/core/server/pkg/util/util.go:138.50,140.3 1 1
github.com/mcpany/core/server/pkg/util/util.go:142.2,142.16 1 1
github.com/mcpany/core/server/pkg/util/util.go:142.16,143.29 1 1
github.com/mcpany/core/server/pkg/util/util.go:143.29,145.4 1 1
github.com/mcpany/core/server/pkg/util/util.go:145.9,148.64 2 1
github.com/mcpany/core/server/pkg/util/util.go:148.64,150.23 2 1
github.com/mcpany/core/server/pkg/util/util.go:150.23,153.6 2 1
github.com/mcpany/core/server/pkg/util/util.go:159.3,169.24 6 1
github.com/mcpany/core/server/pkg/util/util.go:169.24,171.4 1 1
github.com/mcpany/core/server/pkg/util/util.go:171.9,171.31 1 1
github.com/mcpany/core/server/pkg/util/util.go:171.31,173.4 1 1
github.com/mcpany/core/server/pkg/util/util.go:175.3,175.35 1 1
github.com/mcpany/core/server/pkg/util/util.go:176.8,179.3 1 1
github.com/mcpany/core/server/pkg/util/util.go:180.2,180.12 1 1
github.com/mcpany/core/server/pkg/util/util.go:183.31,185.2 1 1
github.com/mcpany/core/server/pkg/util/util.go:191.55,193.2 1 1
github.com/mcpany/core/server/pkg/util/util.go:199.52,201.2 1 1
github.com/mcpany/core/server/pkg/util/util.go:219.13,224.36 2 1
github.com/mcpany/core/server/pkg/util/util.go:224.36,226.3 1 1
github.com/mcpany/core/server/pkg/util/util.go:228.2,232.44 2 1
github.com/mcpany/core/server/pkg/util/util.go:232.44,234.3 1 1
github.com/mcpany/core/server/pkg/util/util.go:245.28,247.2 1 1
github.com/mcpany/core/server/pkg/util/util.go:256.79,258.21 2 1
github.com/mcpany/core/server/pkg/util/util.go:258.21,260.3 1 1
github.com/mcpany/core/server/pkg/util/util.go:261.2,261.26 1 1
github.com/mcpany/core/server/pkg/util/util.go:271.47,274.34 2 1
github.com/mcpany/core/server/pkg/util/util.go:274.34,275.32 1 1
github.com/mcpany/core/server/pkg/util/util.go:275.32,277.9 2 1
github.com/mcpany/core/server/pkg/util/util.go:281.2,281.13 1 1
github.com/mcpany/core/server/pkg/util/util.go:281.13,283.3 1 1
github.com/mcpany/core/server/pkg/util/util.go:286.2,287.30 2 1
github.com/mcpany/core/server/pkg/util/util.go:287.30,288.31 1 1
github.com/mcpany/core/server/pkg/util/util.go:288.31,291.4 2 1
github.com/mcpany/core/server/pkg/util/util.go:291.9,293.52 1 1
github.com/mcpany/core/server/pkg/util/util.go:293.52,295.5 1 1
github.com/mcpany/core/server/pkg/util/util.go:296.4,296.15 1 1
github.com/mcpany/core/server/pkg/util/util.go:300.2,303.30 3 1
github.com/mcpany/core/server/pkg/util/util.go:303.30,304.31 1 1
github.com/mcpany/core/server/pkg/util/util.go:304.31,307.4 2 1
github.com/mcpany/core/server/pkg/util/util.go:307.9,310.52 2 1
github.com/mcpany/core/server/pkg/util/util.go:310.52,312.5 1 1
github.com/mcpany/core/server/pkg/util/util.go:314.4,324.23 7 1
github.com/mcpany/core/server/pkg/util/util.go:327.2,327.20 1 1
github.com/mcpany/core/server/pkg/util/util.go:332.37,334.2 1 1
github.com/mcpany/core/server/pkg/util/util.go:338.37,340.2 1 1
github.com/mcpany/core/server/pkg/util/util.go:350.44,352.49 2 1
github.com/mcpany/core/server/pkg/util/util.go:352.49,354.3 1 1
github.com/mcpany/core/server/pkg/util/util.go:355.2,355.30 1 1
github.com/mcpany/core/server/pkg/util/util.go:370.107,372.2 1 1
github.com/mcpany/core/server/pkg/util/util.go:386.109,388.2 1 1
github.com/mcpany/core/server/pkg/util/util.go:390.142,396.6 4 1
github.com/mcpany/core/server/pkg/util/util.go:396.6,398.16 2 1
github.com/mcpany/core/server/pkg/util/util.go:398.16,400.9 2 1
github.com/mcpany/core/server/pkg/util/util.go:402.3,406.16 4 1
github.com/mcpany/core/server/pkg/util/util.go:406.16,408.9 2 1
github.com/mcpany/core/server/pkg/util/util.go:410.3,414.10 4 1
github.com/mcpany/core/server/pkg/util/util.go:414.10,416.4 1 1
github.com/mcpany/core/server/pkg/util/util.go:416.9,418.53 2 1
github.com/mcpany/core/server/pkg/util/util.go:418.53,420.5 1 1
github.com/mcpany/core/server/pkg/util/util.go:421.4,421.23 1 1
github.com/mcpany/core/server/pkg/util/util.go:423.3,423.26 1 1
github.com/mcpany/core/server/pkg/util/util.go:425.2,425.20 1 1
github.com/mcpany/core/server/pkg/util/util.go:433.24,434.14 1 1
github.com/mcpany/core/server/pkg/util/util.go:434.14,436.3 1 1
github.com/mcpany/core/server/pkg/util/util.go:437.2,437.34 1 1
github.com/mcpany/core/server/pkg/util/util.go:438.98,439.36 1 1
github.com/mcpany/core/server/pkg/util/util.go:441.2,441.14 1 1
github.com/mcpany/core/server/pkg/util/util.go:449.29,450.14 1 1
github.com/mcpany/core/server/pkg/util/util.go:450.14,452.3 1 1
github.com/mcpany/core/server/pkg/util/util.go:453.2,453.25 1 1
github.com/mcpany/core/server/pkg/util/util.go:454.14,455.13 1 1
github.com/mcpany/core/server/pkg/util/util.go:456.19,457.22 1 1
github.com/mcpany/core/server/pkg/util/util.go:458.13,459.21 1 1
github.com/mcpany/core/server/pkg/util/util.go:460.12,461.10 1 1
github.com/mcpany/core/server/pkg/util/util.go:461.10,463.4 1 1
github.com/mcpany/core/server/pkg/util/util.go:464.3,464.17 1 1
github.com/mcpany/core/server/pkg/util/util.go:465.11,466.27 1 1
github.com/mcpany/core/server/pkg/util/util.go:467.12,468.43 1 1
github.com/mcpany/core/server/pkg/util/util.go:469.13,470.43 1 1
github.com/mcpany/core/server/pkg/util/util.go:471.13,472.43 1 1
github.com/mcpany/core/server/pkg/util/util.go:473.13,474.36 1 1
github.com/mcpany/core/server/pkg/util/util.go:475.12,476.45 1 1
github.com/mcpany/core/server/pkg/util/util.go:477.13,478.45 1 1
github.com/mcpany/core/server/pkg/util/util.go:479.14,480.45 1 1
github.com/mcpany/core/server/pkg/util/util.go:481.14,482.45 1 1
github.com/mcpany/core/server/pkg/util/util.go:483.14,484.37 1 1
github.com/mcpany/core/server/pkg/util/util.go:485.15,488.33 1 1
github.com/mcpany/core/server/pkg/util/util.go:488.33,490.4 1 1
github.com/mcpany/core/server/pkg/util/util.go:492.3,492.47 1 1
github.com/mcpany/core/server/pkg/util/util.go:492.47,493.87 1 1
github.com/mcpany/core/server/pkg/util/util.go:493.87,495.5 1 1
github.com/mcpany/core/server/pkg/util/util.go:497.3,497.56 1 1
github.com/mcpany/core/server/pkg/util/util.go:498.15,507.29 1 1
github.com/mcpany/core/server/pkg/util/util.go:507.29,512.69 1 1
github.com/mcpany/core/server/pkg/util/util.go:512.69,514.5 1 1
github.com/mcpany/core/server/pkg/util/util.go:519.3,519.47 1 1
github.com/mcpany/core/server/pkg/util/util.go:520.20,521.22 1 1
github.com/mcpany/core/server/pkg/util/util.go:522.10,523.30 1 1
github.com/mcpany/core/server/pkg/util/util.go:529.30,531.2 1 1
github.com/mcpany/core/server/pkg/util/util.go:536.47,545.29 4 1
github.com/mcpany/core/server/pkg/util/util.go:545.29,546.117 1 1
github.com/mcpany/core/server/pkg/util/util.go:546.117,548.4 1 1
github.com/mcpany/core/server/pkg/util/util.go:548.9,550.4 1 1
github.com/mcpany/core/server/pkg/util/util.go:552.2,555.53 2 1
github.com/mcpany/core/server/pkg/util/util.go:555.53,557.3 1 1
github.com/mcpany/core/server/pkg/util/util.go:560.2,560.23 1 1
github.com/mcpany/core/server/pkg/util/util.go:560.23,562.3 1 1
github.com/mcpany/core/server/pkg/util/util.go:564.2,564.15 1 1
